#
# A fatal error has been detected by the Java Runtime Environment:
#
#  EXCEPTION_ACCESS_VIOLATION (0xc0000005) at pc=0x00000000201fd433, pid=9964, tid=9636
#
# JRE version: Java(TM) SE Runtime Environment (8.0_65-b17) (build 1.8.0_65-b17)
# Java VM: Java HotSpot(TM) 64-Bit Server VM (25.65-b01 mixed mode windows-amd64 compressed oops)
# Problematic frame:
# C  [nativemcl.dll+0xed433]
#
# Failed to write core dump. Minidumps are not enabled by default on client versions of Windows
#
# If you would like to submit a bug report, please visit:
#   http://bugreport.java.com/bugreport/crash.jsp
#

---------------  T H R E A D  ---------------

Current thread (0x000000001956a800):  VMThread [stack: 0x000000001a740000,0x000000001a840000] [id=9636]

siginfo: ExceptionCode=0xc0000005, reading address 0x00000000000000b0

Registers:
RAX=0x0000000000000000, RBX=0x00000000240be380, RCX=0x000000001956a9f8, RDX=0x000000001b7774d0
RSP=0x000000001a83f638, RBP=0x0000000023c80d10, RSI=0x000000001956a9f8, RDI=0x000000001a83f6c8
R8 =0x00000000240be3d0, R9 =0x0000000023d07dd0, R10=0x000000001a83f6a0, R11=0x000000001a83f698
R12=0x0000000023c80d70, R13=0x0000000023c80d10, R14=0x0000000023c80d40, R15=0x0000000000000000
RIP=0x00000000201fd433, EFLAGS=0x0000000000010206

Top of Stack: (sp=0x000000001a83f638)
0x000000001a83f638:   00000000201fc64a 00000000240be380
0x000000001a83f648:   000000001b4499b8 00000000240be380
0x000000001a83f658:   0000000022000022 fffffffffffffffe
0x000000001a83f668:   00000000203640a1 000000002020c390
0x000000001a83f678:   0000000060036490 656a624f5f676e61
0x000000001a83f688:   00004949325f7463 0000000000000001
0x000000001a83f698:   000000002020bdd5 000000001956a9f8
0x000000001a83f6a8:   00000000240be380 0000000023cf2c20
0x000000001a83f6b8:   000000001b4499b8 fffffffffffffffe
0x000000001a83f6c8:   00000000201fd430 000000001b7774d0
0x000000001a83f6d8:   000000001b432803 000000001b4499b8
0x000000001a83f6e8:   000000002020e2fc 00000000240be380
0x000000001a83f6f8:   000000001b4499b0 fffffffffffffffe
0x000000001a83f708:   0000000002000002 fffffffffffffffe
0x000000001a83f718:   0000000000000001 0000000000000000
0x000000001a83f728:   000000001b432888 000000001b4499b0 

Instructions: (pc=0x00000000201fd433)
0x00000000201fd413:   15 00 f6 c3 01 74 08 48 8b cf e8 c0 20 12 00 48
0x00000000201fd423:   8b c7 48 8b 5c 24 30 48 83 c4 20 5f c3 48 8b 01
0x00000000201fd433:   48 ff a0 b0 00 00 00 cc cc cc cc cc cc 48 8b c1
0x00000000201fd443:   c3 cc cc cc cc cc cc cc cc cc cc cc cc 40 57 48 


Register to memory mapping:

RAX=0x0000000000000000 is an unknown value
RBX=0x00000000240be380 is an unknown value
RCX=0x000000001956a9f8 is an unknown value
RDX=0x000000001b7774d0 is a global jni handle
RSP=0x000000001a83f638 is an unknown value
RBP=0x0000000023c80d10 is an unknown value
RSI=0x000000001956a9f8 is an unknown value
RDI=0x000000001a83f6c8 is an unknown value
R8 =0x00000000240be3d0 is an unknown value
R9 =0x0000000023d07dd0 is an unknown value
R10=0x000000001a83f6a0 is an unknown value
R11=0x000000001a83f698 is an unknown value
R12=0x0000000023c80d70 is an unknown value
R13=0x0000000023c80d10 is an unknown value
R14=0x0000000023c80d40 is an unknown value
R15=0x0000000000000000 is an unknown value


Stack: [0x000000001a740000,0x000000001a840000],  sp=0x000000001a83f638,  free space=1021k
Native frames: (J=compiled Java code, j=interpreted, Vv=VM code, C=native code)
C  [nativemcl.dll+0xed433]

VM_Operation (0x000000001cadcc10): Exit, mode: safepoint, requested by thread 0x000000001b769000


---------------  P R O C E S S  ---------------

Java Threads: ( => current thread )
  0x000000001b769000 JavaThread "AWT-EventQueue-0" [_thread_blocked, id=13060, stack(0x000000001c9e0000,0x000000001cae0000)]
  0x000000001b6af800 JavaThread "AWT-Shutdown" [_thread_blocked, id=12876, stack(0x000000001c0a0000,0x000000001c1a0000)]
  0x000000001b6af000 JavaThread "Java2D Disposer" daemon [_thread_blocked, id=4756, stack(0x000000001bf80000,0x000000001c080000)]
  0x000000001ab60800 JavaThread "Service Thread" daemon [_thread_blocked, id=11912, stack(0x000000001b450000,0x000000001b550000)]
  0x00000000195df800 JavaThread "C1 CompilerThread2" daemon [_thread_blocked, id=13652, stack(0x000000001b210000,0x000000001b310000)]
  0x00000000195de000 JavaThread "C2 CompilerThread1" daemon [_thread_blocked, id=14384, stack(0x000000001b310000,0x000000001b410000)]
  0x000000001aad7800 JavaThread "C2 CompilerThread0" daemon [_thread_blocked, id=9324, stack(0x000000001b040000,0x000000001b140000)]
  0x000000001aacb800 JavaThread "Attach Listener" daemon [_thread_blocked, id=13784, stack(0x000000001a8c0000,0x000000001a9c0000)]
  0x000000001aacb000 JavaThread "Signal Dispatcher" daemon [_thread_blocked, id=8492, stack(0x000000001af00000,0x000000001b000000)]
  0x0000000019577000 JavaThread "Finalizer" daemon [_thread_blocked, id=13524, stack(0x000000001a9c0000,0x000000001aac0000)]
  0x0000000019570000 JavaThread "Reference Handler" daemon [_thread_blocked, id=12148, stack(0x000000001a5f0000,0x000000001a6f0000)]
  0x00000000020ae000 JavaThread "main" [_thread_in_native, id=14992, stack(0x0000000002510000,0x0000000002610000)]

Other Threads:
=>0x000000001956a800 VMThread [stack: 0x000000001a740000,0x000000001a840000] [id=9636]

VM state:at safepoint (shutting down)

VM Mutex/Monitor currently owned by a thread:  ([mutex/lock_event])
[0x00000000020ac680] Threads_lock - owner thread: 0x000000001956a800

Heap:
 PSYoungGen      total 57344K, used 22813K [0x0000000780a00000, 0x0000000784a00000, 0x00000007c0000000)
  eden space 49152K, 46% used [0x0000000780a00000,0x0000000782047418,0x0000000783a00000)
  from space 8192K, 0% used [0x0000000784200000,0x0000000784200000,0x0000000784a00000)
  to   space 8192K, 0% used [0x0000000783a00000,0x0000000783a00000,0x0000000784200000)
 ParOldGen       total 131072K, used 0K [0x0000000701e00000, 0x0000000709e00000, 0x0000000780a00000)
  object space 131072K, 0% used [0x0000000701e00000,0x0000000701e00000,0x0000000709e00000)
 Metaspace       used 14136K, capacity 14360K, committed 14720K, reserved 1062912K
  class space    used 1757K, capacity 1827K, committed 1920K, reserved 1048576K

Card table byte_map: [0x00000000119d0000,0x0000000011fd0000] byte_map_base: 0x000000000e1c1000

Marking Bits: (ParMarkBitMap*) 0x00000000600aa5b0
 Begin Bits: [0x00000000126d0000, 0x0000000015658000)
 End Bits:   [0x0000000015658000, 0x00000000185e0000)

Polling page: 0x0000000000310000

CodeCache: size=245760Kb used=3130Kb max_used=3130Kb free=242629Kb
 bounds [0x0000000002610000, 0x0000000002930000, 0x0000000011610000]
 total_blobs=1414 nmethods=875 adapters=452
 compilation: enabled

Compilation events (10 events):
Event: 0.829 Thread 0x00000000195df800  871       3       java.awt.Container::getChildAt (54 bytes)
Event: 0.829 Thread 0x00000000195df800 nmethod 871 0x000000000291eb50 code [0x000000000291ece0, 0x000000000291f2d8]
Event: 0.829 Thread 0x00000000195df800  868       3       sun.awt.SunToolkit::flushPendingEvents (19 bytes)
Event: 0.830 Thread 0x00000000195df800 nmethod 868 0x000000000291bf50 code [0x000000000291c0e0, 0x000000000291c438]
Event: 0.845 Thread 0x00000000195df800  872       3       java.awt.EventQueue::eventToCacheIndex (80 bytes)
Event: 0.845 Thread 0x00000000195df800 nmethod 872 0x000000000291f450 code [0x000000000291f5c0, 0x000000000291fa90]
Event: 1.212 Thread 0x00000000195df800  873       3       sun.awt.AWTAutoShutdown::notifyToolkitThreadBusy (8 bytes)
Event: 1.213 Thread 0x00000000195df800 nmethod 873 0x000000000291fb50 code [0x000000000291fcc0, 0x000000000291fe88]
Event: 1.389 Thread 0x00000000195df800  874       3       sun.awt.AWTAutoShutdown::notifyToolkitThreadFree (8 bytes)
Event: 1.389 Thread 0x00000000195df800 nmethod 874 0x000000000291ff50 code [0x00000000029200c0, 0x0000000002920288]

GC Heap History (0 events):
No events

Deoptimization events (2 events):
Event: 0.472 Thread 0x00000000020ae000 Uncommon trap: reason=unstable_if action=reinterpret pc=0x0000000002870700 method=java.util.HashMap.getNode(ILjava/lang/Object;)Ljava/util/HashMap$Node; @ 62
Event: 0.473 Thread 0x00000000020ae000 Uncommon trap: reason=unstable_if action=reinterpret pc=0x000000000283b78c method=java.util.HashMap.getNode(ILjava/lang/Object;)Ljava/util/HashMap$Node; @ 62

Internal exceptions (10 events):
Event: 0.119 Thread 0x00000000020ae000 Exception <a 'java/security/PrivilegedActionException'> (0x0000000780cfb578) thrown at [C:\workspace\8-2-build-windows-amd64-cygwin\jdk8u65\4987\hotspot\src\share\vm\prims\jvm.cpp, line 1386]
Event: 0.119 Thread 0x00000000020ae000 Exception <a 'java/security/PrivilegedActionException'> (0x0000000780cfb788) thrown at [C:\workspace\8-2-build-windows-amd64-cygwin\jdk8u65\4987\hotspot\src\share\vm\prims\jvm.cpp, line 1386]
Event: 0.131 Thread 0x00000000020ae000 Exception <a 'java/io/FileNotFoundException'> (0x0000000780d37548) thrown at [C:\workspace\8-2-build-windows-amd64-cygwin\jdk8u65\4987\hotspot\src\share\vm\prims\jni.cpp, line 709]
Event: 0.154 Thread 0x00000000020ae000 Exception <a 'java/lang/NoSuchFieldError': method resolution failed> (0x0000000780e05028) thrown at [C:\workspace\8-2-build-windows-amd64-cygwin\jdk8u65\4987\hotspot\src\share\vm\prims\methodHandles.cpp, line 1146]
Event: 0.156 Thread 0x00000000020ae000 Exception <a 'java/lang/NoSuchFieldError': method resolution failed> (0x0000000780e123f8) thrown at [C:\workspace\8-2-build-windows-amd64-cygwin\jdk8u65\4987\hotspot\src\share\vm\prims\methodHandles.cpp, line 1146]
Event: 0.179 Thread 0x00000000020ae000 Exception <a 'java/io/FileNotFoundException'> (0x0000000780ea6400) thrown at [C:\workspace\8-2-build-windows-amd64-cygwin\jdk8u65\4987\hotspot\src\share\vm\prims\jni.cpp, line 709]
Event: 0.256 Thread 0x00000000020ae000 Exception <a 'java/io/FileNotFoundException'> (0x00000007811ae908) thrown at [C:\workspace\8-2-build-windows-amd64-cygwin\jdk8u65\4987\hotspot\src\share\vm\prims\jni.cpp, line 709]
Event: 0.256 Thread 0x00000000020ae000 Exception <a 'java/lang/NullPointerException'> (0x00000007811aef40) thrown at [C:\workspace\8-2-build-windows-amd64-cygwin\jdk8u65\4987\hotspot\src\share\vm\interpreter\linkResolver.cpp, line 1178]
Event: 0.657 Thread 0x00000000020ae000 Exception <a 'java/lang/UnsatisfiedLinkError':  while attempting to locate symbol JNI_com_mathworks_toolbox_javabuilder_internal_JBOSSHack_OnLoad: §ä¤£¨ì«ü©wªºµ{§Ç¡C
> (0x0000000781ec1430) thrown at [C:\workspace\8-2-build-windows-amd64-cygwin\jdk8u65\498d¦èí-
å?
Event: 0.657 Thread 0x00000000020ae000 Exception <a 'java/lang/UnsatisfiedLinkError':  while attempting to locate symbol JNI_com_mathworks_toolbox_javabuilder_internal_JBOSSHack_OnUnload: §ä¤£¨ì«ü©wªºµ{§Ç¡C
> (0x0000000781ec1f28) thrown at [C:\workspace\8-2-build-windows-amd64-cygwin\jdk8u65\4Ô6‚{¾?

Events (10 events):
Event: 0.845 loading class java/awt/LightweightDispatcher$2
Event: 0.845 loading class java/awt/LightweightDispatcher$2 done
Event: 1.389 Thread 0x000000001bace000 Thread added: 0x000000001bace000
Event: 1.389 Thread 0x000000001bace800 Thread added: 0x000000001bace800
Event: 1.389 Thread 0x000000001bacf800 Thread added: 0x000000001bacf800
Event: 1.389 Thread 0x000000001bace800 Thread exited: 0x000000001bace800
Event: 1.389 Thread 0x000000001bacf800 Thread exited: 0x000000001bacf800
Event: 1.407 Thread 0x000000001b6b0800 Thread exited: 0x000000001b6b0800
Event: 1.488 Thread 0x000000001bace000 Thread exited: 0x000000001bace000
Event: 1.488 Executing VM operation: Exit


Dynamic libraries:
0x000000013f7b0000 - 0x000000013f7e7000 	C:\Program Files\Java\jdk1.8.0_65\bin\javaw.exe
0x0000000076f90000 - 0x000000007713a000 	C:\Windows\SYSTEM32\ntdll.dll
0x0000000076e70000 - 0x0000000076f8f000 	C:\Windows\system32\kernel32.dll
0x000007fefcf30000 - 0x000007fefcf9a000 	C:\Windows\system32\KERNELBASE.dll
0x000007fefd330000 - 0x000007fefd40b000 	C:\Windows\system32\ADVAPI32.dll
0x000007fefe080000 - 0x000007fefe11f000 	C:\Windows\system32\msvcrt.dll
0x000007fefe170000 - 0x000007fefe18f000 	C:\Windows\SYSTEM32\sechost.dll
0x000007fefdd40000 - 0x000007fefde6d000 	C:\Windows\system32\RPCRT4.dll
0x0000000076d70000 - 0x0000000076e6a000 	C:\Windows\system32\USER32.dll
0x000007fefe190000 - 0x000007fefe1f7000 	C:\Windows\system32\GDI32.dll
0x000007fefd900000 - 0x000007fefd90e000 	C:\Windows\system32\LPK.dll
0x000007fefd910000 - 0x000007fefd9da000 	C:\Windows\system32\USP10.dll
0x000007fefb240000 - 0x000007fefb434000 	C:\Windows\WinSxS\amd64_microsoft.windows.common-controls_6595b64144ccf1df_6.0.7601.18837_none_fa3b1e3d17594757\COMCTL32.dll
0x000007fefe000000 - 0x000007fefe071000 	C:\Windows\system32\SHLWAPI.dll
0x000007fefd6f0000 - 0x000007fefd71e000 	C:\Windows\system32\IMM32.DLL
0x000007fefe260000 - 0x000007fefe369000 	C:\Windows\system32\MSCTF.dll
0x000000005f390000 - 0x000000005f462000 	C:\Program Files\Java\jdk1.8.0_65\jre\bin\msvcr100.dll
0x000000005f8a0000 - 0x0000000060129000 	C:\Program Files\Java\jdk1.8.0_65\jre\bin\server\jvm.dll
0x000007fef8e10000 - 0x000007fef8e19000 	C:\Windows\system32\WSOCK32.dll
0x000007fefe120000 - 0x000007fefe16d000 	C:\Windows\system32\WS2_32.dll
0x000007fefd6e0000 - 0x000007fefd6e8000 	C:\Windows\system32\NSI.dll
0x000007fefa5c0000 - 0x000007fefa5fb000 	C:\Windows\system32\WINMM.dll
0x000007fefbdb0000 - 0x000007fefbdbc000 	C:\Windows\system32\VERSION.dll
0x0000000077150000 - 0x0000000077157000 	C:\Windows\system32\PSAPI.DLL
0x00000000739e0000 - 0x00000000739ef000 	C:\Program Files\Java\jdk1.8.0_65\jre\bin\verify.dll
0x00000000735c0000 - 0x00000000735e9000 	C:\Program Files\Java\jdk1.8.0_65\jre\bin\java.dll
0x00000000735a0000 - 0x00000000735b6000 	C:\Program Files\Java\jdk1.8.0_65\jre\bin\zip.dll
0x000007fefe370000 - 0x000007feff0fa000 	C:\Windows\system32\SHELL32.dll
0x000007fefd080000 - 0x000007fefd283000 	C:\Windows\system32\ole32.dll
0x000007fefccd0000 - 0x000007fefccdf000 	C:\Windows\system32\profapi.dll
0x000000005eca0000 - 0x000000005ee38000 	C:\Program Files\Java\jdk1.8.0_65\jre\bin\awt.dll
0x000007feff1a0000 - 0x000007feff27a000 	C:\Windows\system32\OLEAUT32.dll
0x000007fefa880000 - 0x000007fefa898000 	C:\Windows\system32\DWMAPI.DLL
0x000007fefb190000 - 0x000007fefb1e6000 	C:\Windows\system32\uxtheme.dll
0x000007fefcb20000 - 0x000007fefcb2f000 	C:\Windows\system32\CRYPTBASE.dll
0x000000005f500000 - 0x000000005f547000 	C:\Program Files\Java\jdk1.8.0_65\jre\bin\fontmanager.dll
0x000007feff100000 - 0x000007feff199000 	C:\Windows\system32\CLBCatQ.DLL
0x000007fefa1f0000 - 0x000007fefa351000 	C:\Windows\system32\WindowsCodecs.dll
0x000007fefcac0000 - 0x000007fefcb17000 	C:\Windows\system32\apphelp.dll
0x000007feeff60000 - 0x000007fef01a0000 	C:\PROGRA~1\MICROS~1\Office15\GROOVEEX.DLL
0x0000000074500000 - 0x0000000074598000 	C:\Windows\system32\MSVCP100.dll
0x0000000074960000 - 0x000000007498b000 	C:\Windows\system32\ATL100.DLL
0x000007fef6b30000 - 0x000007fef6e4e000 	C:\Windows\system32\msi.dll
0x000007feeda70000 - 0x000007feee2cf000 	C:\PROGRA~1\MICROS~1\Office15\1028\GrooveIntlResource.dll
0x000007fef61b0000 - 0x000007fef61e5000 	C:\Windows\system32\EhStorShell.dll
0x000007fefd720000 - 0x000007fefd8f7000 	C:\Windows\system32\SETUPAPI.dll
0x000007fefcd80000 - 0x000007fefcdb6000 	C:\Windows\system32\CFGMGR32.dll
0x000007fefcd40000 - 0x000007fefcd5a000 	C:\Windows\system32\DEVOBJ.dll
0x000007fefb7d0000 - 0x000007fefb8fc000 	C:\Windows\system32\PROPSYS.dll
0x000007feefee0000 - 0x000007feeff5e000 	C:\Windows\System32\cscui.dll
0x000007fefa360000 - 0x000007fefa36c000 	C:\Windows\System32\CSCDLL.dll
0x000007fef6350000 - 0x000007fef635f000 	C:\Windows\system32\CSCAPI.dll
0x000007feefe60000 - 0x000007feefee0000 	C:\Windows\system32\ntshrui.dll
0x000007fefc760000 - 0x000007fefc783000 	C:\Windows\system32\srvcli.dll
0x000007fefaa90000 - 0x000007fefaa9b000 	C:\Windows\system32\slc.dll
0x000000006ab10000 - 0x000000006ab2a000 	C:\Program Files\Java\jdk1.8.0_65\jre\bin\net.dll
0x000007fefc460000 - 0x000007fefc4b5000 	C:\Windows\system32\mswsock.dll
0x000007fefc450000 - 0x000007fefc457000 	C:\Windows\System32\wship6.dll
0x000000006aaf0000 - 0x000000006ab01000 	C:\Program Files\Java\jdk1.8.0_65\jre\bin\nio.dll
0x000000005f4b0000 - 0x000000005f4f2000 	C:\Program Files\Java\jdk1.8.0_65\jre\bin\t2k.dll
0x000007fefaab0000 - 0x000007fefaac5000 	C:\Windows\system32\NLAapi.dll
0x000007fef50e0000 - 0x000007fef50f5000 	C:\Windows\system32\napinsp.dll
0x000007fef50c0000 - 0x000007fef50d9000 	C:\Windows\system32\pnrpnsp.dll
0x000007fefc2e0000 - 0x000007fefc33b000 	C:\Windows\system32\DNSAPI.dll
0x000007fef50b0000 - 0x000007fef50bb000 	C:\Windows\System32\winrnr.dll
0x000000006b540000 - 0x000000006b566000 	C:\Program Files\Bonjour\mdnsNSP.dll
0x000007fefaa40000 - 0x000007fefaa67000 	C:\Windows\system32\Iphlpapi.DLL
0x000007fefaa20000 - 0x000007fefaa2b000 	C:\Windows\system32\WINNSI.DLL
0x000007fefbfd0000 - 0x000007fefbfd7000 	C:\Windows\System32\wshtcpip.dll
0x000007fef67f0000 - 0x000007fef67f8000 	C:\Windows\system32\rasadhlp.dll
0x000007fefa820000 - 0x000007fefa873000 	C:\Windows\System32\fwpuclnt.dll
0x0000000180000000 - 0x0000000180034000 	D:\Matlab\bin\win64\BuilderJABootstrap.dll
0x0000000012580000 - 0x000000001258c000 	D:\Matlab\bin\win64\nativedl.dll
0x000007fef8140000 - 0x000007fef81e7000 	C:\Windows\system32\MSVCP110.dll
0x000007fef8060000 - 0x000007fef8134000 	C:\Windows\system32\MSVCR110.dll
0x00000000fe7f0000 - 0x00000000fea15000 	D:\Matlab\bin\win64\libmwfl.dll
0x000007feff280000 - 0x000007feff299000 	C:\Windows\system32\imagehlp.dll
0x00000000fff00000 - 0x0000000100001000 	D:\Matlab\bin\win64\libmwi18n.dll
0x00000000ffef0000 - 0x00000000ffef9000 	D:\Matlab\bin\win64\libmwresource_core.dll
0x000007fef9a70000 - 0x000007fef9a7f000 	D:\Matlab\bin\win64\boost_date_time-vc110-mt-1_49.dll
0x000007fef15b0000 - 0x000007fef15dc000 	D:\Matlab\bin\win64\boost_filesystem-vc110-mt-1_49.dll
0x000007fefa1d0000 - 0x000007fefa1d9000 	D:\Matlab\bin\win64\boost_system-vc110-mt-1_49.dll
0x000007fef39f0000 - 0x000007fef3a01000 	D:\Matlab\bin\win64\boost_thread-vc110-mt-1_49.dll
0x000007fef1580000 - 0x000007fef15a5000 	D:\Matlab\bin\win64\LIBEXPAT.dll
0x000000005eac0000 - 0x000000005ec97000 	D:\Matlab\bin\win64\icuin54.dll
0x000000005ee80000 - 0x000000005efd6000 	D:\Matlab\bin\win64\icuuc54.dll
0x000000001e740000 - 0x000000001ff6c000 	D:\Matlab\bin\win64\icudt54.dll
0x000000005f490000 - 0x000000005f4a1000 	D:\Matlab\bin\win64\icuio54.dll
0x000007fef1380000 - 0x000007fef1408000 	D:\Matlab\bin\win64\boost_log-vc110-mt-1_49.dll
0x000007fee8a30000 - 0x000007fee8b0d000 	D:\Matlab\bin\win64\boost_regex-vc110-mt-1_49.dll
0x000007fef1330000 - 0x000007fef1375000 	D:\Matlab\bin\win64\boost_serialization-vc110-mt-1_49.dll
0x000007fee9a10000 - 0x000007fee9a21000 	D:\Matlab\bin\win64\boost_signals-vc110-mt-1_49.dll
0x000007fee92b0000 - 0x000007fee92ef000 	D:\Matlab\bin\win64\tbb.dll
0x000007fefb950000 - 0x000007fefb97c000 	C:\Windows\system32\POWRPROF.dll
0x0000000020110000 - 0x0000000020425000 	D:\Matlab\bin\win64\nativemcl.dll
0x000000001c900000 - 0x000000001c9ca000 	D:\Matlab\bin\win64\libut.dll
0x00000000fe100000 - 0x00000000fe2b2000 	D:\Matlab\bin\win64\libmx.dll
0x000007fee91a0000 - 0x000007fee91e0000 	D:\Matlab\bin\win64\tbbmalloc.dll
0x000000005f470000 - 0x000000005f487000 	D:\Matlab\bin\win64\zlib1.dll
0x0000000020430000 - 0x0000000020933000 	D:\Matlab\bin\win64\libmwservices.dll
0x000000001a5d0000 - 0x000000001a5e7000 	D:\Matlab\bin\win64\display_device.dll
0x00000000fe090000 - 0x00000000fe0e0000 	D:\Matlab\bin\win64\libmwregexp.dll
0x000000001b140000 - 0x000000001b195000 	D:\Matlab\bin\win64\mpath.dll
0x0000000020940000 - 0x0000000020d0f000 	D:\Matlab\bin\win64\libmwms.dll
0x000007fef99b0000 - 0x000007fef99c0000 	D:\Matlab\bin\win64\boost_iostreams-vc110-mt-1_49.dll
0x00000000fd610000 - 0x00000000fda54000 	D:\Matlab\bin\win64\mlutil.dll
0x0000000020d10000 - 0x000000002103f000 	D:\Matlab\bin\win64\settingscore.dll
0x00000000fd590000 - 0x00000000fd609000 	D:\Matlab\bin\win64\xmlcore.dll
0x0000000021040000 - 0x00000000212a3000 	D:\Matlab\bin\win64\xerces-c_3_1.dll
0x00000000fd310000 - 0x00000000fd316000 	D:\Matlab\bin\win64\libmwnativedisplay.dll
0x000000001b1a0000 - 0x000000001b1fa000 	D:\Matlab\bin\win64\opccore.dll
0x00000000fd1e0000 - 0x00000000fd2f9000 	D:\Matlab\bin\win64\opcmodel.dll
0x00000000212b0000 - 0x0000000021521000 	D:\Matlab\bin\win64\libmwflnetwork.dll
0x00000000fd1b0000 - 0x00000000fd1db000 	D:\Matlab\bin\win64\opczippackage.dll
0x000000005f370000 - 0x000000005f37f000 	D:\Matlab\bin\win64\libminizip.dll
0x0000000021530000 - 0x00000000216c8000 	D:\Matlab\bin\win64\opcmwservices.dll
0x000000001a700000 - 0x000000001a71f000 	D:\Matlab\bin\win64\webproxy.dll
0x000007fef7e40000 - 0x000007fef7eb1000 	C:\Windows\system32\WINHTTP.dll
0x000007fef7dd0000 - 0x000007fef7e35000 	C:\Windows\system32\webio.dll
0x000007fefd290000 - 0x000007fefd327000 	C:\Windows\system32\COMDLG32.dll
0x000007fefab00000 - 0x000007fefab16000 	C:\Windows\system32\NETAPI32.dll
0x000007fefaaf0000 - 0x000007fefaafc000 	C:\Windows\system32\netutils.dll
0x000007fefaad0000 - 0x000007fefaae5000 	C:\Windows\system32\wkscli.dll
0x000007fee7ad0000 - 0x000007fee7cbe000 	D:\Matlab\bin\win64\PocoFoundation64.dll
0x000007fee80b0000 - 0x000007fee81cf000 	D:\Matlab\bin\win64\PocoNet64.dll
0x000007fee9070000 - 0x000007fee90b9000 	D:\Matlab\bin\win64\PocoNetSSL64.dll
0x000007fee7f20000 - 0x000007fee80a9000 	D:\Matlab\bin\win64\LIBEAY32.dll
0x000007fee85c0000 - 0x000007fee8619000 	D:\Matlab\bin\win64\SSLEAY32.dll

VM Arguments:
jvm_args: -Dfile.encoding=UTF-8 
java_command: SocketServer
java_class_path (initial): C:\Users\admin\workspace\SoundSocketServer4\bin;C:\Users\admin\workspace\SoundSocketServer4\jar\javabuilder.jar;C:\Users\admin\workspace\SoundSocketServer4\jar\MatlabSubFunction.jar;C:\Users\admin\workspace\SoundSocketServer4\jar\mysql-connector-java-5.1.40-bin.jar;C:\Users\admin\workspace\SoundSocketServer4\jar\jfreechart-1.0.19.jar;C:\Users\admin\workspace\SoundSocketServer4\jar\jcommon-1.0.23.jar
Launcher Type: SUN_STANDARD

Environment Variables:
JAVA_HOME=C:\Program Files\Java\jdk1.7.0_79
CLASSPATH=D:\Matlab\toolbox\javabuilder\javabuilder.jar;D:\javabuilder_example\aa\for_testing\aa.jar
PATH=D:\Matlab\bin\win64;C:\Program Files\Java\jdk1.8.0_65\jre\bin\server;C:\Program Files\Java\jdk1.8.0_65\jre\bin;C:\Program Files\Java\jdk1.8.0_65\jre\lib\amd64;C:\ProgramData\Oracle\Java\javapath;C:\Program Files (x86)\Intel\iCLS Client\;C:\Program Files\Intel\iCLS Client\;C:\Windows\system32;C:\Windows;C:\Windows\System32\Wbem;C:\Windows\System32\WindowsPowerShell\v1.0\;C:\Program Files\Intel\Intel(R) Management Engine Components\DAL;C:\Program Files (x86)\Intel\Intel(R) Management Engine Components\DAL;C:\Program Files\Intel\Intel(R) Management Engine Components\IPT;C:\Program Files (x86)\Intel\Intel(R) Management Engine Components\IPT;C:\Windows\system32\config\systemprofile\.dnx\bin;C:\Program Files\Microsoft DNX\Dnvm\;C:\Program Files (x86)\Windows Kits\8.1\Windows Performance Toolkit\;C:\Program Files\Java\jdk1.8.0_65\bin;D:\Matlab\runtime\win64;D:\Matlab\bin;D:\Matlab\polyspace\bin;C:\Program Files (x86)\Skype\Phone\;C:\Users\admin\Desktop
USERNAME=admin
OS=Windows_NT
PROCESSOR_IDENTIFIER=Intel64 Family 6 Model 60 Stepping 3, GenuineIntel



---------------  S Y S T E M  ---------------

OS: Windows 7 , 64 bit Build 7601 (6.1.7601.23569)

CPU:total 4 (4 cores per cpu, 1 threads per core) family 6 model 60 stepping 3, cmov, cx8, fxsr, mmx, sse, sse2, sse3, ssse3, sse4.1, sse4.2, popcnt, avx, avx2, aes, clmul, erms, rtm, lzcnt, tsc, tscinvbit, bmi1, bmi2

Memory: 4k page, physical 12452928k(6596724k free), swap 24903996k(17676140k free)

vm_info: Java HotSpot(TM) 64-Bit Server VM (25.65-b01) for windows-amd64 JRE (1.8.0_65-b17), built on Oct  6 2015 16:39:20 by "java_re" with MS VC++ 10.0 (VS2010)

time: Wed Dec 14 13:37:44 2016
elapsed time: 1 seconds (0d 0h 0m 1s)

