#
# A fatal error has been detected by the Java Runtime Environment:
#
#  EXCEPTION_ACCESS_VIOLATION (0xc0000005) at pc=0x000000001fe7d433, pid=2172, tid=13508
#
# JRE version: Java(TM) SE Runtime Environment (8.0_65-b17) (build 1.8.0_65-b17)
# Java VM: Java HotSpot(TM) 64-Bit Server VM (25.65-b01 mixed mode windows-amd64 compressed oops)
# Problematic frame:
# C  [nativemcl.dll+0xed433]
#
# Failed to write core dump. Minidumps are not enabled by default on client versions of Windows
#
# If you would like to submit a bug report, please visit:
#   http://bugreport.java.com/bugreport/crash.jsp
#

---------------  T H R E A D  ---------------

Current thread (0x000000001984a800):  VMThread [stack: 0x000000001a7f0000,0x000000001a8f0000] [id=13508]

siginfo: ExceptionCode=0xc0000005, reading address 0x00000000000000b0

Registers:
RAX=0x0000000000000000, RBX=0x0000000023b77600, RCX=0x000000001984a9f8, RDX=0x000000001bc979d8
RSP=0x000000001a8ef728, RBP=0x00000000235f3080, RSI=0x000000001984a9f8, RDI=0x000000001a8ef7b8
R8 =0x0000000023b77650, R9 =0x0000000023657ac0, R10=0x000000001a8ef790, R11=0x000000001a8ef788
R12=0x00000000235f30e0, R13=0x00000000235f3080, R14=0x00000000235f30b0, R15=0x0000000000000000
RIP=0x000000001fe7d433, EFLAGS=0x0000000000010202

Top of Stack: (sp=0x000000001a8ef728)
0x000000001a8ef728:   000000001fe7c64a 0000000023b77600
0x000000001a8ef738:   000000001b4499b8 0000000023b77600
0x000000001a8ef748:   00000000235f5e50 fffffffffffffffe
0x000000001a8ef758:   000000001ffe40a1 000000001fe8c390
0x000000001a8ef768:   0000000070806490 656a624f5f676e61
0x000000001a8ef778:   00004949325f7463 0000000000000001
0x000000001a8ef788:   000000001fe8bdd5 000000001984a9f8
0x000000001a8ef798:   0000000023b77600 000000002365aad0
0x000000001a8ef7a8:   000000001b4499b8 fffffffffffffffe
0x000000001a8ef7b8:   000000001fe7d430 000000001bc979d8
0x000000001a8ef7c8:   000000001b432803 000000001b4499b8
0x000000001a8ef7d8:   000000001fe8e2fc 0000000023b77600
0x000000001a8ef7e8:   000000001b4499b0 fffffffffffffffe
0x000000001a8ef7f8:   0000000002000002 fffffffffffffffe
0x000000001a8ef808:   0000000000000001 0000000000000000
0x000000001a8ef818:   000000001b432888 000000001b4499b0 

Instructions: (pc=0x000000001fe7d433)
0x000000001fe7d413:   15 00 f6 c3 01 74 08 48 8b cf e8 c0 20 12 00 48
0x000000001fe7d423:   8b c7 48 8b 5c 24 30 48 83 c4 20 5f c3 48 8b 01
0x000000001fe7d433:   48 ff a0 b0 00 00 00 cc cc cc cc cc cc 48 8b c1
0x000000001fe7d443:   c3 cc cc cc cc cc cc cc cc cc cc cc cc 40 57 48 


Register to memory mapping:

RAX=0x0000000000000000 is an unknown value
RBX=0x0000000023b77600 is an unknown value
RCX=0x000000001984a9f8 is an unknown value
RDX=0x000000001bc979d8 is a global jni handle
RSP=0x000000001a8ef728 is an unknown value
RBP=0x00000000235f3080 is an unknown value
RSI=0x000000001984a9f8 is an unknown value
RDI=0x000000001a8ef7b8 is an unknown value
R8 =0x0000000023b77650 is an unknown value
R9 =0x0000000023657ac0 is an unknown value
R10=0x000000001a8ef790 is an unknown value
R11=0x000000001a8ef788 is an unknown value
R12=0x00000000235f30e0 is an unknown value
R13=0x00000000235f3080 is an unknown value
R14=0x00000000235f30b0 is an unknown value
R15=0x0000000000000000 is an unknown value


Stack: [0x000000001a7f0000,0x000000001a8f0000],  sp=0x000000001a8ef728,  free space=1021k
Native frames: (J=compiled Java code, j=interpreted, Vv=VM code, C=native code)
C  [nativemcl.dll+0xed433]

VM_Operation (0x000000001cbbd2e0): Exit, mode: safepoint, requested by thread 0x000000001bc41800


---------------  P R O C E S S  ---------------

Java Threads: ( => current thread )
  0x000000001bdc5000 JavaThread "EventMgr Dispatcher" daemon [_thread_in_native, id=31960, stack(0x000000002a7a0000,0x000000002a8a0000)]
  0x000000001bdc3800 JavaThread "MATLAB Compiler Runtime" daemon [_thread_blocked, id=33704, stack(0x00000000250f0000,0x00000000258f0000)]
  0x000000001bc41800 JavaThread "AWT-EventQueue-0" [_thread_blocked, id=36772, stack(0x000000001cac0000,0x000000001cbc0000)]
  0x000000001bbd7800 JavaThread "AWT-Shutdown" [_thread_blocked, id=36468, stack(0x000000001c770000,0x000000001c870000)]
  0x000000001bbd7000 JavaThread "Java2D Disposer" daemon [_thread_blocked, id=18912, stack(0x000000001c580000,0x000000001c680000)]
  0x000000001ac8b000 JavaThread "Service Thread" daemon [_thread_blocked, id=37036, stack(0x000000001b8b0000,0x000000001b9b0000)]
  0x000000001ac12800 JavaThread "C1 CompilerThread2" daemon [_thread_blocked, id=31984, stack(0x000000001b7b0000,0x000000001b8b0000)]
  0x000000001ac12000 JavaThread "C2 CompilerThread1" daemon [_thread_blocked, id=16780, stack(0x000000001b620000,0x000000001b720000)]
  0x000000001abfd000 JavaThread "C2 CompilerThread0" daemon [_thread_blocked, id=24504, stack(0x000000001b450000,0x000000001b550000)]
  0x000000001abfb800 JavaThread "Attach Listener" daemon [_thread_blocked, id=23996, stack(0x000000001b2a0000,0x000000001b3a0000)]
  0x000000001abfb000 JavaThread "Signal Dispatcher" daemon [_thread_blocked, id=30944, stack(0x000000001b0c0000,0x000000001b1c0000)]
  0x0000000019857000 JavaThread "Finalizer" daemon [_thread_blocked, id=31796, stack(0x000000001aaf0000,0x000000001abf0000)]
  0x0000000019850000 JavaThread "Reference Handler" daemon [_thread_blocked, id=38312, stack(0x000000001a990000,0x000000001aa90000)]
  0x00000000022be000 JavaThread "main" [_thread_in_native, id=1872, stack(0x00000000024b0000,0x00000000025b0000)]

Other Threads:
=>0x000000001984a800 VMThread [stack: 0x000000001a7f0000,0x000000001a8f0000] [id=13508]

VM state:at safepoint (shutting down)

VM Mutex/Monitor currently owned by a thread:  ([mutex/lock_event])
[0x00000000022bc4f0] Threads_lock - owner thread: 0x000000001984a800

Heap:
 PSYoungGen      total 57344K, used 32599K [0x0000000780a00000, 0x0000000784a00000, 0x00000007c0000000)
  eden space 49152K, 66% used [0x0000000780a00000,0x00000007829d5d98,0x0000000783a00000)
  from space 8192K, 0% used [0x0000000784200000,0x0000000784200000,0x0000000784a00000)
  to   space 8192K, 0% used [0x0000000783a00000,0x0000000783a00000,0x0000000784200000)
 ParOldGen       total 131072K, used 0K [0x0000000701e00000, 0x0000000709e00000, 0x0000000780a00000)
  object space 131072K, 0% used [0x0000000701e00000,0x0000000701e00000,0x0000000709e00000)
 Metaspace       used 12208K, capacity 12480K, committed 12672K, reserved 1060864K
  class space    used 1529K, capacity 1617K, committed 1664K, reserved 1048576K

Card table byte_map: [0x0000000011970000,0x0000000011f70000] byte_map_base: 0x000000000e161000

Marking Bits: (ParMarkBitMap*) 0x000000007087a5b0
 Begin Bits: [0x00000000129b0000, 0x0000000015938000)
 End Bits:   [0x0000000015938000, 0x00000000188c0000)

Polling page: 0x0000000000410000

CodeCache: size=245760Kb used=3481Kb max_used=3481Kb free=242279Kb
 bounds [0x00000000025b0000, 0x0000000002920000, 0x00000000115b0000]
 total_blobs=1439 nmethods=942 adapters=410
 compilation: enabled

Compilation events (10 events):
Event: 1.500 Thread 0x000000001ac12800  944       3       java.net.URLClassLoader$1::<init> (15 bytes)
Event: 1.500 Thread 0x000000001ac12800 nmethod 944 0x0000000002915990 code [0x0000000002915ae0, 0x0000000002915cd0]
Event: 1.500 Thread 0x000000001ac12800  945   !   3       java.net.URLClassLoader$1::run (63 bytes)
Event: 1.500 Thread 0x000000001ac12800 nmethod 945 0x0000000002915d90 code [0x0000000002915f60, 0x00000000029164a8]
Event: 1.501 Thread 0x000000001ac12800  946  s    3       java.util.Vector::addElement (38 bytes)
Event: 1.501 Thread 0x000000001ac12800 nmethod 946 0x0000000002916790 code [0x0000000002916920, 0x0000000002916e48]
Event: 1.504 Thread 0x000000001ac12800  947       1       java.util.jar.Manifest::getMainAttributes (5 bytes)
Event: 1.504 Thread 0x000000001ac12800 nmethod 947 0x0000000002917850 code [0x00000000029179a0, 0x0000000002917ab0]
Event: 1.504 Thread 0x000000001ac12800  948  s    3       sun.misc.URLClassPath::getLookupCache (98 bytes)
Event: 1.505 Thread 0x000000001ac12800 nmethod 948 0x0000000002917b10 code [0x0000000002917ca0, 0x0000000002918218]

GC Heap History (0 events):
No events

Deoptimization events (7 events):
Event: 1.469 Thread 0x000000001bdc3800 Uncommon trap: reason=unstable_if action=reinterpret pc=0x0000000002867bf0 method=java.net.URLStreamHandler.sameFile(Ljava/net/URL;Ljava/net/URL;)Z @ 8
Event: 1.477 Thread 0x000000001bdc3800 Uncommon trap: reason=unstable_if action=reinterpret pc=0x0000000002878160 method=java.net.URLStreamHandler.sameFile(Ljava/net/URL;Ljava/net/URL;)Z @ 8
Event: 1.478 Thread 0x000000001bdc3800 Uncommon trap: reason=unstable_if action=reinterpret pc=0x00000000028511ac method=java.net.URLStreamHandler.sameFile(Ljava/net/URL;Ljava/net/URL;)Z @ 8
Event: 1.479 Thread 0x000000001bdc3800 Uncommon trap: reason=class_check action=maybe_recompile pc=0x000000000271fd18 method=java.lang.String.equals(Ljava/lang/Object;)Z @ 8
Event: 1.479 Thread 0x000000001bdc3800 Uncommon trap: reason=class_check action=maybe_recompile pc=0x000000000271fd18 method=java.lang.String.equals(Ljava/lang/Object;)Z @ 8
Event: 1.479 Thread 0x000000001bdc3800 Uncommon trap: reason=class_check action=maybe_recompile pc=0x000000000271fd18 method=java.lang.String.equals(Ljava/lang/Object;)Z @ 8
Event: 1.479 Thread 0x000000001bdc3800 Uncommon trap: reason=class_check action=maybe_recompile pc=0x000000000271fd18 method=java.lang.String.equals(Ljava/lang/Object;)Z @ 8

Internal exceptions (10 events):
Event: 1.371 Thread 0x000000001bdc3800 Exception <a 'java/security/PrivilegedActionException'> (0x0000000781c0af90) thrown at [C:\workspace\8-2-build-windows-amd64-cygwin\jdk8u65\4987\hotspot\src\share\vm\prims\jvm.cpp, line 1386]
Event: 1.371 Thread 0x000000001bdc3800 Exception <a 'java/security/PrivilegedActionException'> (0x0000000781c0b1a0) thrown at [C:\workspace\8-2-build-windows-amd64-cygwin\jdk8u65\4987\hotspot\src\share\vm\prims\jvm.cpp, line 1386]
Event: 1.371 Thread 0x000000001bdc3800 Exception <a 'java/security/PrivilegedActionException'> (0x0000000781c0c028) thrown at [C:\workspace\8-2-build-windows-amd64-cygwin\jdk8u65\4987\hotspot\src\share\vm\prims\jvm.cpp, line 1386]
Event: 1.371 Thread 0x000000001bdc3800 Exception <a 'java/security/PrivilegedActionException'> (0x0000000781c0c238) thrown at [C:\workspace\8-2-build-windows-amd64-cygwin\jdk8u65\4987\hotspot\src\share\vm\prims\jvm.cpp, line 1386]
Event: 1.371 Thread 0x000000001bdc3800 Exception <a 'java/security/PrivilegedActionException'> (0x0000000781c0d068) thrown at [C:\workspace\8-2-build-windows-amd64-cygwin\jdk8u65\4987\hotspot\src\share\vm\prims\jvm.cpp, line 1386]
Event: 1.371 Thread 0x000000001bdc3800 Exception <a 'java/security/PrivilegedActionException'> (0x0000000781c0d278) thrown at [C:\workspace\8-2-build-windows-amd64-cygwin\jdk8u65\4987\hotspot\src\share\vm\prims\jvm.cpp, line 1386]
Event: 1.371 Thread 0x000000001bdc3800 Exception <a 'java/security/PrivilegedActionException'> (0x0000000781c0df78) thrown at [C:\workspace\8-2-build-windows-amd64-cygwin\jdk8u65\4987\hotspot\src\share\vm\prims\jvm.cpp, line 1386]
Event: 1.371 Thread 0x000000001bdc3800 Exception <a 'java/security/PrivilegedActionException'> (0x0000000781c0e188) thrown at [C:\workspace\8-2-build-windows-amd64-cygwin\jdk8u65\4987\hotspot\src\share\vm\prims\jvm.cpp, line 1386]
Event: 1.372 Thread 0x000000001bdc3800 Exception <a 'java/security/PrivilegedActionException'> (0x0000000781c0ef20) thrown at [C:\workspace\8-2-build-windows-amd64-cygwin\jdk8u65\4987\hotspot\src\share\vm\prims\jvm.cpp, line 1386]
Event: 1.372 Thread 0x000000001bdc3800 Exception <a 'java/security/PrivilegedActionException'> (0x0000000781c0f130) thrown at [C:\workspace\8-2-build-windows-amd64-cygwin\jdk8u65\4987\hotspot\src\share\vm\prims\jvm.cpp, line 1386]

Events (10 events):
Event: 1.507 loading class com/mathworks/services/Prefs$FontString
Event: 1.507 loading class com/mathworks/services/Prefs$FontString done
Event: 1.508 loading class com/mathworks/services/Prefs$PrefString
Event: 1.508 loading class com/mathworks/services/Prefs$PrefString done
Event: 1.509 loading class com/mathworks/services/Prefs$RectString
Event: 1.509 loading class com/mathworks/services/Prefs$RectString done
Event: 1.510 loading class com/mathworks/services/resources/RES_Services
Event: 1.510 loading class com/mathworks/services/resources/RES_Services done
Event: 1.511 Thread 0x000000001bdc6800 Thread exited: 0x000000001bdc6800
Event: 1.512 Executing VM operation: Exit


Dynamic libraries:
0x000000013fe00000 - 0x000000013fe37000 	C:\Program Files\Java\jdk1.8.0_65\bin\javaw.exe
0x0000000077740000 - 0x00000000778ea000 	C:\Windows\SYSTEM32\ntdll.dll
0x0000000077520000 - 0x000000007763f000 	C:\Windows\system32\kernel32.dll
0x000007fefd630000 - 0x000007fefd69a000 	C:\Windows\system32\KERNELBASE.dll
0x000007feff0d0000 - 0x000007feff1ab000 	C:\Windows\system32\ADVAPI32.dll
0x000007fefd950000 - 0x000007fefd9ef000 	C:\Windows\system32\msvcrt.dll
0x000007feff0b0000 - 0x000007feff0cf000 	C:\Windows\SYSTEM32\sechost.dll
0x000007feff920000 - 0x000007feffa4d000 	C:\Windows\system32\RPCRT4.dll
0x0000000077640000 - 0x000000007773a000 	C:\Windows\system32\USER32.dll
0x000007fefe1e0000 - 0x000007fefe247000 	C:\Windows\system32\GDI32.dll
0x000007feff200000 - 0x000007feff20e000 	C:\Windows\system32\LPK.dll
0x000007fefd9f0000 - 0x000007fefdaba000 	C:\Windows\system32\USP10.dll
0x000007fefba10000 - 0x000007fefbc04000 	C:\Windows\WinSxS\amd64_microsoft.windows.common-controls_6595b64144ccf1df_6.0.7601.18837_none_fa3b1e3d17594757\COMCTL32.dll
0x000007fefd830000 - 0x000007fefd8a1000 	C:\Windows\system32\SHLWAPI.dll
0x000007fefe2f0000 - 0x000007fefe31e000 	C:\Windows\system32\IMM32.DLL
0x000007feff530000 - 0x000007feff639000 	C:\Windows\system32\MSCTF.dll
0x00000000566e0000 - 0x00000000567b2000 	C:\Program Files\Java\jdk1.8.0_65\jre\bin\msvcr100.dll
0x0000000070070000 - 0x00000000708f9000 	C:\Program Files\Java\jdk1.8.0_65\jre\bin\server\jvm.dll
0x000007fef8220000 - 0x000007fef8229000 	C:\Windows\system32\WSOCK32.dll
0x000007feff1b0000 - 0x000007feff1fd000 	C:\Windows\system32\WS2_32.dll
0x000007feff210000 - 0x000007feff218000 	C:\Windows\system32\NSI.dll
0x000007fefaf80000 - 0x000007fefafbb000 	C:\Windows\system32\WINMM.dll
0x000007fefccf0000 - 0x000007fefccfc000 	C:\Windows\system32\VERSION.dll
0x0000000077900000 - 0x0000000077907000 	C:\Windows\system32\PSAPI.DLL
0x000000006e640000 - 0x000000006e64f000 	C:\Program Files\Java\jdk1.8.0_65\jre\bin\verify.dll
0x0000000056d80000 - 0x0000000056da9000 	C:\Program Files\Java\jdk1.8.0_65\jre\bin\java.dll
0x00000000562a0000 - 0x00000000562b6000 	C:\Program Files\Java\jdk1.8.0_65\jre\bin\zip.dll
0x000007fefe320000 - 0x000007feff0aa000 	C:\Windows\system32\SHELL32.dll
0x000007feff220000 - 0x000007feff423000 	C:\Windows\system32\ole32.dll
0x000007fefd480000 - 0x000007fefd48f000 	C:\Windows\system32\profapi.dll
0x0000000056b50000 - 0x0000000056ce8000 	C:\Program Files\Java\jdk1.8.0_65\jre\bin\awt.dll
0x000007fefe100000 - 0x000007fefe1da000 	C:\Windows\system32\OLEAUT32.dll
0x000007fefb640000 - 0x000007fefb658000 	C:\Windows\system32\DWMAPI.DLL
0x000007fefbe10000 - 0x000007fefbe66000 	C:\Windows\system32\uxtheme.dll
0x000007fef3320000 - 0x000007fef3369000 	C:\Program Files (x86)\TeamViewer\tv_x64.dll
0x000007fefd2d0000 - 0x000007fefd2df000 	C:\Windows\system32\CRYPTBASE.dll
0x000000006e6c0000 - 0x000000006e707000 	C:\Program Files\Java\jdk1.8.0_65\jre\bin\fontmanager.dll
0x000007feff490000 - 0x000007feff529000 	C:\Windows\system32\CLBCatQ.DLL
0x000007fefb490000 - 0x000007fefb5f1000 	C:\Windows\system32\WindowsCodecs.dll
0x000007fefd270000 - 0x000007fefd2c7000 	C:\Windows\system32\apphelp.dll
0x000007feef490000 - 0x000007feef6d0000 	C:\PROGRA~1\MICROS~1\Office15\GROOVEEX.DLL
0x0000000068c90000 - 0x0000000068d28000 	C:\Windows\system32\MSVCP100.dll
0x00000000691f0000 - 0x000000006921b000 	C:\Windows\system32\ATL100.DLL
0x000007fef6da0000 - 0x000007fef70be000 	C:\Windows\system32\msi.dll
0x000007feee730000 - 0x000007feeef8f000 	C:\PROGRA~1\MICROS~1\Office15\1028\GrooveIntlResource.dll
0x000007fef6b30000 - 0x000007fef6b65000 	C:\Windows\system32\EhStorShell.dll
0x000007fefdf20000 - 0x000007fefe0f7000 	C:\Windows\system32\SETUPAPI.dll
0x000007fefd5f0000 - 0x000007fefd626000 	C:\Windows\system32\CFGMGR32.dll
0x000007fefd4b0000 - 0x000007fefd4ca000 	C:\Windows\system32\DEVOBJ.dll
0x000007fefc120000 - 0x000007fefc24c000 	C:\Windows\system32\PROPSYS.dll
0x000007fef67b0000 - 0x000007fef682e000 	C:\Windows\System32\cscui.dll
0x000007fefbfe0000 - 0x000007fefbfec000 	C:\Windows\System32\CSCDLL.dll
0x000007fef8de0000 - 0x000007fef8def000 	C:\Windows\system32\CSCAPI.dll
0x000007fef20a0000 - 0x000007fef2120000 	C:\Windows\system32\ntshrui.dll
0x000007fefd140000 - 0x000007fefd163000 	C:\Windows\system32\srvcli.dll
0x000007fefab90000 - 0x000007fefab9b000 	C:\Windows\system32\slc.dll
0x00000000617c0000 - 0x00000000617da000 	C:\Program Files\Java\jdk1.8.0_65\jre\bin\net.dll
0x000007fefca70000 - 0x000007fefcac5000 	C:\Windows\system32\mswsock.dll
0x000007fefca60000 - 0x000007fefca67000 	C:\Windows\System32\wship6.dll
0x000000006e290000 - 0x000000006e2a1000 	C:\Program Files\Java\jdk1.8.0_65\jre\bin\nio.dll
0x000000006e670000 - 0x000000006e6b2000 	C:\Program Files\Java\jdk1.8.0_65\jre\bin\t2k.dll
0x000007fefabf0000 - 0x000007fefac05000 	C:\Windows\system32\NLAapi.dll
0x000007fef9500000 - 0x000007fef9515000 	C:\Windows\system32\napinsp.dll
0x000007fef94c0000 - 0x000007fef94d9000 	C:\Windows\system32\pnrpnsp.dll
0x000007fefc8f0000 - 0x000007fefc94b000 	C:\Windows\system32\DNSAPI.dll
0x000007fef94a0000 - 0x000007fef94ab000 	C:\Windows\System32\winrnr.dll
0x0000000074e70000 - 0x0000000074e96000 	C:\Program Files\Bonjour\mdnsNSP.dll
0x000007fef9f10000 - 0x000007fef9f37000 	C:\Windows\system32\Iphlpapi.DLL
0x000007fef9f00000 - 0x000007fef9f0b000 	C:\Windows\system32\WINNSI.DLL
0x000007fefcd00000 - 0x000007fefcd07000 	C:\Windows\System32\wshtcpip.dll
0x000007fef98b0000 - 0x000007fef98b8000 	C:\Windows\system32\rasadhlp.dll
0x000007fef9d60000 - 0x000007fef9db3000 	C:\Windows\System32\fwpuclnt.dll
0x0000000180000000 - 0x0000000180034000 	D:\Matlab\bin\win64\BuilderJABootstrap.dll
0x0000000002490000 - 0x000000000249c000 	D:\Matlab\bin\win64\nativedl.dll
0x000007fef86a0000 - 0x000007fef8747000 	C:\Windows\system32\MSVCP110.dll
0x000007fef85c0000 - 0x000007fef8694000 	C:\Windows\system32\MSVCR110.dll
0x00000000fe7f0000 - 0x00000000fea15000 	D:\Matlab\bin\win64\libmwfl.dll
0x000007fefd8b0000 - 0x000007fefd8c9000 	C:\Windows\system32\imagehlp.dll
0x00000000fff00000 - 0x0000000100001000 	D:\Matlab\bin\win64\libmwi18n.dll
0x00000000ffef0000 - 0x00000000ffef9000 	D:\Matlab\bin\win64\libmwresource_core.dll
0x000007fefb3f0000 - 0x000007fefb3ff000 	D:\Matlab\bin\win64\boost_date_time-vc110-mt-1_49.dll
0x000007feee0f0000 - 0x000007feee11c000 	D:\Matlab\bin\win64\boost_filesystem-vc110-mt-1_49.dll
0x000007fefb0a0000 - 0x000007fefb0a9000 	D:\Matlab\bin\win64\boost_system-vc110-mt-1_49.dll
0x000007feee0d0000 - 0x000007feee0e1000 	D:\Matlab\bin\win64\boost_thread-vc110-mt-1_49.dll
0x000007feedf70000 - 0x000007feedf95000 	D:\Matlab\bin\win64\LIBEXPAT.dll
0x00000000feee0000 - 0x00000000ff0b7000 	D:\Matlab\bin\win64\icuin54.dll
0x00000000ff9d0000 - 0x00000000ffb26000 	D:\Matlab\bin\win64\icuuc54.dll
0x000000001e300000 - 0x000000001fb2c000 	D:\Matlab\bin\win64\icudt54.dll
0x0000000056160000 - 0x0000000056171000 	D:\Matlab\bin\win64\icuio54.dll
0x000007feedee0000 - 0x000007feedf68000 	D:\Matlab\bin\win64\boost_log-vc110-mt-1_49.dll
0x000007feede00000 - 0x000007feededd000 	D:\Matlab\bin\win64\boost_regex-vc110-mt-1_49.dll
0x000007feeddb0000 - 0x000007feeddf5000 	D:\Matlab\bin\win64\boost_serialization-vc110-mt-1_49.dll
0x000007feee090000 - 0x000007feee0a1000 	D:\Matlab\bin\win64\boost_signals-vc110-mt-1_49.dll
0x000007feedd70000 - 0x000007feeddaf000 	D:\Matlab\bin\win64\tbb.dll
0x000007fefc2a0000 - 0x000007fefc2cc000 	C:\Windows\system32\POWRPROF.dll
0x000000001fd90000 - 0x00000000200a5000 	D:\Matlab\bin\win64\nativemcl.dll
0x000000001aff0000 - 0x000000001b0ba000 	D:\Matlab\bin\win64\libut.dll
0x00000000fe100000 - 0x00000000fe2b2000 	D:\Matlab\bin\win64\libmx.dll
0x000007feedd30000 - 0x000007feedd70000 	D:\Matlab\bin\win64\tbbmalloc.dll
0x0000000055f40000 - 0x0000000055f57000 	D:\Matlab\bin\win64\zlib1.dll
0x00000000200b0000 - 0x00000000205b3000 	D:\Matlab\bin\win64\libmwservices.dll
0x0000000012690000 - 0x00000000126a7000 	D:\Matlab\bin\win64\display_device.dll
0x00000000fe090000 - 0x00000000fe0e0000 	D:\Matlab\bin\win64\libmwregexp.dll
0x00000000126b0000 - 0x0000000012705000 	D:\Matlab\bin\win64\mpath.dll
0x00000000205c0000 - 0x000000002098f000 	D:\Matlab\bin\win64\libmwms.dll
0x000007fef5910000 - 0x000007fef5920000 	D:\Matlab\bin\win64\boost_iostreams-vc110-mt-1_49.dll
0x00000000fd610000 - 0x00000000fda54000 	D:\Matlab\bin\win64\mlutil.dll
0x0000000020990000 - 0x0000000020cbf000 	D:\Matlab\bin\win64\settingscore.dll
0x00000000fd590000 - 0x00000000fd609000 	D:\Matlab\bin\win64\xmlcore.dll
0x0000000020cc0000 - 0x0000000020f23000 	D:\Matlab\bin\win64\xerces-c_3_1.dll
0x00000000fd310000 - 0x00000000fd316000 	D:\Matlab\bin\win64\libmwnativedisplay.dll
0x0000000012850000 - 0x00000000128aa000 	D:\Matlab\bin\win64\opccore.dll
0x00000000fd1e0000 - 0x00000000fd2f9000 	D:\Matlab\bin\win64\opcmodel.dll
0x0000000020f30000 - 0x00000000211a1000 	D:\Matlab\bin\win64\libmwflnetwork.dll
0x00000000fd1b0000 - 0x00000000fd1db000 	D:\Matlab\bin\win64\opczippackage.dll
0x0000000056150000 - 0x000000005615f000 	D:\Matlab\bin\win64\libminizip.dll
0x000000001e0c0000 - 0x000000001e258000 	D:\Matlab\bin\win64\opcmwservices.dll
0x0000000012710000 - 0x000000001272f000 	D:\Matlab\bin\win64\webproxy.dll
0x000007fef87f0000 - 0x000007fef8861000 	C:\Windows\system32\WINHTTP.dll
0x000007fef8780000 - 0x000007fef87e5000 	C:\Windows\system32\webio.dll
0x000007fefe250000 - 0x000007fefe2e7000 	C:\Windows\system32\COMDLG32.dll
0x000007fefb340000 - 0x000007fefb356000 	C:\Windows\system32\NETAPI32.dll
0x000007fefb330000 - 0x000007fefb33c000 	C:\Windows\system32\netutils.dll
0x000007fefb310000 - 0x000007fefb325000 	C:\Windows\system32\wkscli.dll
0x000007fee8870000 - 0x000007fee8a5e000 	D:\Matlab\bin\win64\PocoFoundation64.dll
0x000007feedc10000 - 0x000007feedd2f000 	D:\Matlab\bin\win64\PocoNet64.dll
0x000007feedbc0000 - 0x000007feedc09000 	D:\Matlab\bin\win64\PocoNetSSL64.dll
0x000007fee9090000 - 0x000007fee9219000 	D:\Matlab\bin\win64\LIBEAY32.dll

VM Arguments:
jvm_args: -Dfile.encoding=UTF-8 
java_command: SocketServer
java_class_path (initial): C:\Users\admin\workspace\SoundSocketServer4\bin;C:\Users\admin\workspace\SoundSocketServer4\jar\javabuilder.jar;C:\Users\admin\workspace\SoundSocketServer4\jar\MatlabSubFunction.jar
Launcher Type: SUN_STANDARD

Environment Variables:
JAVA_HOME=C:\Program Files\Java\jdk1.7.0_79
CLASSPATH=D:\Matlab\toolbox\javabuilder\javabuilder.jar;D:\javabuilder_example\aa\for_testing\aa.jar
PATH=D:\Matlab\bin\win64;C:\Program Files\Java\jdk1.8.0_65\jre\bin\server;C:\Program Files\Java\jdk1.8.0_65\jre\bin;C:\Program Files\Java\jdk1.8.0_65\jre\lib\amd64;C:\ProgramData\Oracle\Java\javapath;C:\Program Files (x86)\Intel\iCLS Client\;C:\Program Files\Intel\iCLS Client\;C:\Windows\system32;C:\Windows;C:\Windows\System32\Wbem;C:\Windows\System32\WindowsPowerShell\v1.0\;C:\Program Files\Intel\Intel(R) Management Engine Components\DAL;C:\Program Files (x86)\Intel\Intel(R) Management Engine Components\DAL;C:\Program Files\Intel\Intel(R) Management Engine Components\IPT;C:\Program Files (x86)\Intel\Intel(R) Management Engine Components\IPT;C:\Windows\system32\config\systemprofile\.dnx\bin;C:\Program Files\Microsoft DNX\Dnvm\;C:\Program Files (x86)\Windows Kits\8.1\Windows Performance Toolkit\;C:\Program Files\Java\jdk1.8.0_65\bin;D:\Matlab\runtime\win64;D:\Matlab\bin;D:\Matlab\polyspace\bin;C:\Program Files (x86)\Skype\Phone\;C:\Users\admin\Desktop
USERNAME=admin
OS=Windows_NT
PROCESSOR_IDENTIFIER=Intel64 Family 6 Model 60 Stepping 3, GenuineIntel



---------------  S Y S T E M  ---------------

OS: Windows 7 , 64 bit Build 7601 (6.1.7601.23539)

CPU:total 4 (4 cores per cpu, 1 threads per core) family 6 model 60 stepping 3, cmov, cx8, fxsr, mmx, sse, sse2, sse3, ssse3, sse4.1, sse4.2, popcnt, avx, avx2, aes, clmul, erms, rtm, lzcnt, tsc, tscinvbit, bmi1, bmi2

Memory: 4k page, physical 12452928k(2209772k free), swap 24903996k(9958592k free)

vm_info: Java HotSpot(TM) 64-Bit Server VM (25.65-b01) for windows-amd64 JRE (1.8.0_65-b17), built on Oct  6 2015 16:39:20 by "java_re" with MS VC++ 10.0 (VS2010)

time: Fri Sep 30 18:45:57 2016
elapsed time: 1 seconds (0d 0h 0m 1s)

