#
# A fatal error has been detected by the Java Runtime Environment:
#
#  EXCEPTION_ACCESS_VIOLATION (0xc0000005) at pc=0x000000001f6ed433, pid=23636, tid=21180
#
# JRE version: Java(TM) SE Runtime Environment (8.0_65-b17) (build 1.8.0_65-b17)
# Java VM: Java HotSpot(TM) 64-Bit Server VM (25.65-b01 mixed mode windows-amd64 compressed oops)
# Problematic frame:
# C  [nativemcl.dll+0xed433]
#
# Failed to write core dump. Minidumps are not enabled by default on client versions of Windows
#
# If you would like to submit a bug report, please visit:
#   http://bugreport.java.com/bugreport/crash.jsp
#

---------------  T H R E A D  ---------------

Current thread (0x00000000198fa800):  VMThread [stack: 0x000000001a710000,0x000000001a810000] [id=21180]

siginfo: ExceptionCode=0xc0000005, reading address 0x00000000000000b0

Registers:
RAX=0x0000000000000000, RBX=0x0000000023b502c0, RCX=0x00000000198fa9f8, RDX=0x000000001b7fe188
RSP=0x000000001a80f448, RBP=0x00000000235e23d0, RSI=0x00000000198fa9f8, RDI=0x000000001a80f4d8
R8 =0x0000000023b50310, R9 =0x0000000023669b10, R10=0x000000001a80f4b0, R11=0x000000001a80f4a8
R12=0x00000000235e2430, R13=0x00000000235e23d0, R14=0x00000000235e2400, R15=0x0000000000000000
RIP=0x000000001f6ed433, EFLAGS=0x0000000000010202

Top of Stack: (sp=0x000000001a80f448)
0x000000001a80f448:   000000001f6ec64a 0000000023b502c0
0x000000001a80f458:   000000001bfe99b8 0000000023b502c0
0x000000001a80f468:   0000000018000018 fffffffffffffffe
0x000000001a80f478:   000000001f8540a1 000000001f6fc390
0x000000001a80f488:   00000000706d6490 656a624f5f676e61
0x000000001a80f498:   00004949325f7463 0000000000000001
0x000000001a80f4a8:   000000001f6fbdd5 00000000198fa9f8
0x000000001a80f4b8:   0000000023b502c0 000000002365c560
0x000000001a80f4c8:   000000001bfe99b8 fffffffffffffffe
0x000000001a80f4d8:   000000001f6ed430 000000001b7fe188
0x000000001a80f4e8:   000000001bfd2803 000000001bfe99b8
0x000000001a80f4f8:   000000001f6fe2fc 0000000023b502c0
0x000000001a80f508:   000000001bfe99b0 fffffffffffffffe
0x000000001a80f518:   0000000002000002 fffffffffffffffe
0x000000001a80f528:   0000000000000001 0000000000000000
0x000000001a80f538:   000000001bfd2888 000000001bfe99b0 

Instructions: (pc=0x000000001f6ed433)
0x000000001f6ed413:   15 00 f6 c3 01 74 08 48 8b cf e8 c0 20 12 00 48
0x000000001f6ed423:   8b c7 48 8b 5c 24 30 48 83 c4 20 5f c3 48 8b 01
0x000000001f6ed433:   48 ff a0 b0 00 00 00 cc cc cc cc cc cc 48 8b c1
0x000000001f6ed443:   c3 cc cc cc cc cc cc cc cc cc cc cc cc 40 57 48 


Register to memory mapping:

RAX=0x0000000000000000 is an unknown value
RBX=0x0000000023b502c0 is an unknown value
RCX=0x00000000198fa9f8 is an unknown value
RDX=0x000000001b7fe188 is a global jni handle
RSP=0x000000001a80f448 is an unknown value
RBP=0x00000000235e23d0 is an unknown value
RSI=0x00000000198fa9f8 is an unknown value
RDI=0x000000001a80f4d8 is an unknown value
R8 =0x0000000023b50310 is an unknown value
R9 =0x0000000023669b10 is an unknown value
R10=0x000000001a80f4b0 is an unknown value
R11=0x000000001a80f4a8 is an unknown value
R12=0x00000000235e2430 is an unknown value
R13=0x00000000235e23d0 is an unknown value
R14=0x00000000235e2400 is an unknown value
R15=0x0000000000000000 is an unknown value


Stack: [0x000000001a710000,0x000000001a810000],  sp=0x000000001a80f448,  free space=1021k
Native frames: (J=compiled Java code, j=interpreted, Vv=VM code, C=native code)
C  [nativemcl.dll+0xed433]

VM_Operation (0x000000001cc1cf10): Exit, mode: safepoint, requested by thread 0x000000001b863800


---------------  P R O C E S S  ---------------

Java Threads: ( => current thread )
  0x000000001b9fc800 JavaThread "MATLAB Compiler Runtime" daemon [_thread_blocked, id=16988, stack(0x00000000250e0000,0x00000000258e0000)]
  0x000000001b863800 JavaThread "AWT-EventQueue-0" [_thread_blocked, id=10632, stack(0x000000001cb20000,0x000000001cc20000)]
  0x000000001b7f9800 JavaThread "AWT-Shutdown" [_thread_blocked, id=1288, stack(0x000000001c240000,0x000000001c340000)]
  0x000000001b7f9000 JavaThread "Java2D Disposer" daemon [_thread_blocked, id=18820, stack(0x000000001c090000,0x000000001c190000)]
  0x000000001ac5c800 JavaThread "Service Thread" daemon [_thread_blocked, id=10604, stack(0x000000001b670000,0x000000001b770000)]
  0x000000001abdd800 JavaThread "C1 CompilerThread2" daemon [_thread_blocked, id=6732, stack(0x000000001b3b0000,0x000000001b4b0000)]
  0x000000001abdc800 JavaThread "C2 CompilerThread1" daemon [_thread_blocked, id=6000, stack(0x000000001b280000,0x000000001b380000)]
  0x0000000019969000 JavaThread "C2 CompilerThread0" daemon [_thread_blocked, id=17360, stack(0x000000001a830000,0x000000001a930000)]
  0x000000001abcb800 JavaThread "Attach Listener" daemon [_thread_blocked, id=11724, stack(0x000000001b170000,0x000000001b270000)]
  0x0000000019907000 JavaThread "Finalizer" daemon [_thread_blocked, id=13584, stack(0x000000001aac0000,0x000000001abc0000)]
  0x0000000019900000 JavaThread "Reference Handler" daemon [_thread_blocked, id=24688, stack(0x000000001a970000,0x000000001aa70000)]
  0x00000000020ce000 JavaThread "main" [_thread_in_native, id=23700, stack(0x0000000002400000,0x0000000002500000)]

Other Threads:
=>0x00000000198fa800 VMThread [stack: 0x000000001a710000,0x000000001a810000] [id=21180]

VM state:at safepoint (shutting down)

VM Mutex/Monitor currently owned by a thread:  ([mutex/lock_event])
[0x00000000020cc580] Threads_lock - owner thread: 0x00000000198fa800

Heap:
 PSYoungGen      total 57344K, used 16832K [0x0000000780a00000, 0x0000000784a00000, 0x00000007c0000000)
  eden space 49152K, 34% used [0x0000000780a00000,0x0000000781a703c0,0x0000000783a00000)
  from space 8192K, 0% used [0x0000000784200000,0x0000000784200000,0x0000000784a00000)
  to   space 8192K, 0% used [0x0000000783a00000,0x0000000783a00000,0x0000000784200000)
 ParOldGen       total 131072K, used 0K [0x0000000701e00000, 0x0000000709e00000, 0x0000000780a00000)
  object space 131072K, 0% used [0x0000000701e00000,0x0000000701e00000,0x0000000709e00000)
 Metaspace       used 11975K, capacity 12262K, committed 12416K, reserved 1060864K
  class space    used 1525K, capacity 1587K, committed 1664K, reserved 1048576K

Card table byte_map: [0x00000000118c0000,0x0000000011ec0000] byte_map_base: 0x000000000e0b1000

Marking Bits: (ParMarkBitMap*) 0x000000007074a5b0
 Begin Bits: [0x0000000012a60000, 0x00000000159e8000)
 End Bits:   [0x00000000159e8000, 0x0000000018970000)

Polling page: 0x0000000000410000

CodeCache: size=245760Kb used=2589Kb max_used=2589Kb free=243170Kb
 bounds [0x0000000002500000, 0x0000000002790000, 0x0000000011500000]
 total_blobs=1206 nmethods=711 adapters=408
 compilation: enabled

Compilation events (10 events):
Event: 1.564 Thread 0x000000001abdd800  710       3       java.lang.Character::isLetterOrDigit (5 bytes)
Event: 1.564 Thread 0x000000001abdd800 nmethod 710 0x000000000277d810 code [0x000000000277d9a0, 0x000000000277dcf8]
Event: 1.564 Thread 0x000000001abdd800  711       3       java.lang.Character::isLetterOrDigit (19 bytes)
Event: 1.564 Thread 0x000000001abdd800 nmethod 711 0x000000000277d250 code [0x000000000277d3e0, 0x000000000277d6d8]
Event: 1.564 Thread 0x000000001abdd800  714       3       java.net.URI$Parser::checkChars (44 bytes)
Event: 1.565 Thread 0x000000001abdd800 nmethod 714 0x000000000277c210 code [0x000000000277c400, 0x000000000277cce8]
Event: 1.565 Thread 0x000000001abdd800  715       3       java.net.URI$Parser::substring (10 bytes)
Event: 1.565 Thread 0x000000001abdd800 nmethod 715 0x0000000002788690 code [0x0000000002788800, 0x0000000002788a28]
Event: 1.565 Thread 0x000000001abdd800  716       3       java.util.IdentityHashMap$IdentityHashMapIterator::nextIndex (72 bytes)
Event: 1.565 Thread 0x000000001abdd800 nmethod 716 0x0000000002788b10 code [0x0000000002788ca0, 0x0000000002789088]

GC Heap History (0 events):
No events

Deoptimization events (0 events):
No events

Internal exceptions (10 events):
Event: 0.138 Thread 0x00000000020ce000 Exception <a 'java/security/PrivilegedActionException'> (0x0000000780aefde8) thrown at [C:\workspace\8-2-build-windows-amd64-cygwin\jdk8u65\4987\hotspot\src\share\vm\prims\jvm.cpp, line 1386]
Event: 0.138 Thread 0x00000000020ce000 Exception <a 'java/security/PrivilegedActionException'> (0x0000000780aefff8) thrown at [C:\workspace\8-2-build-windows-amd64-cygwin\jdk8u65\4987\hotspot\src\share\vm\prims\jvm.cpp, line 1386]
Event: 0.155 Thread 0x00000000020ce000 Exception <a 'java/io/FileNotFoundException'> (0x0000000780d23900) thrown at [C:\workspace\8-2-build-windows-amd64-cygwin\jdk8u65\4987\hotspot\src\share\vm\prims\jni.cpp, line 709]
Event: 0.180 Thread 0x00000000020ce000 Exception <a 'java/lang/NoSuchFieldError': method resolution failed> (0x0000000780df13b8) thrown at [C:\workspace\8-2-build-windows-amd64-cygwin\jdk8u65\4987\hotspot\src\share\vm\prims\methodHandles.cpp, line 1146]
Event: 0.182 Thread 0x00000000020ce000 Exception <a 'java/lang/NoSuchFieldError': method resolution failed> (0x0000000780dfe788) thrown at [C:\workspace\8-2-build-windows-amd64-cygwin\jdk8u65\4987\hotspot\src\share\vm\prims\methodHandles.cpp, line 1146]
Event: 0.207 Thread 0x00000000020ce000 Exception <a 'java/io/FileNotFoundException'> (0x0000000780e92790) thrown at [C:\workspace\8-2-build-windows-amd64-cygwin\jdk8u65\4987\hotspot\src\share\vm\prims\jni.cpp, line 709]
Event: 0.321 Thread 0x00000000020ce000 Exception <a 'java/io/FileNotFoundException'> (0x00000007810a27d0) thrown at [C:\workspace\8-2-build-windows-amd64-cygwin\jdk8u65\4987\hotspot\src\share\vm\prims\jni.cpp, line 709]
Event: 0.321 Thread 0x00000000020ce000 Exception <a 'java/lang/NullPointerException'> (0x00000007810a2e08) thrown at [C:\workspace\8-2-build-windows-amd64-cygwin\jdk8u65\4987\hotspot\src\share\vm\interpreter\linkResolver.cpp, line 1178]
Event: 0.655 Thread 0x00000000020ce000 Exception <a 'java/lang/UnsatisfiedLinkError':  while attempting to locate symbol JNI_com_mathworks_toolbox_javabuilder_internal_JBOSSHack_OnLoad: ß‰§£®Ï´¸©w™∫µ{ß«°C
> (0x00000007817d2d00) thrown at [C:\workspace\8-2-build-windows-amd64-cygwin\jdk8u65\498WDcÛZÛ‰?
Event: 0.655 Thread 0x00000000020ce000 Exception <a 'java/lang/UnsatisfiedLinkError':  while attempting to locate symbol JNI_com_mathworks_toolbox_javabuilder_internal_JBOSSHack_OnUnload: ß‰§£®Ï´¸©w™∫µ{ß«°C
> (0x00000007817d37f8) thrown at [C:\workspace\8-2-build-windows-amd64-cygwin\jdk8u65\4sgF°¡?

Events (10 events):
Event: 1.555 loading class com/mathworks/jmi/CustomClassLoader done
Event: 1.556 loading class com/mathworks/jmi/ClassLoaderManager$StandaloneURLClassLoader
Event: 1.556 loading class com/mathworks/jmi/ClassLoaderManager$StandaloneURLClassLoader done
Event: 1.556 loading class java/net/MalformedURLException
Event: 1.556 loading class java/net/MalformedURLException done
Event: 1.556 loading class java/io/StringBufferInputStream
Event: 1.557 loading class java/io/StringBufferInputStream done
Event: 1.565 Thread 0x000000001b9fb000 Thread exited: 0x000000001b9fb000
Event: 1.565 Thread 0x000000001abcb000 Thread exited: 0x000000001abcb000
Event: 1.566 Executing VM operation: Exit


Dynamic libraries:
0x000000013fd00000 - 0x000000013fd37000 	C:\Program Files\Java\jdk1.8.0_65\bin\javaw.exe
0x0000000077860000 - 0x0000000077a0a000 	C:\Windows\SYSTEM32\ntdll.dll
0x0000000077640000 - 0x000000007775f000 	C:\Windows\system32\kernel32.dll
0x000007fefd840000 - 0x000007fefd8aa000 	C:\Windows\system32\KERNELBASE.dll
0x000007fefd950000 - 0x000007fefda2b000 	C:\Windows\system32\ADVAPI32.dll
0x000007fefda40000 - 0x000007fefdadf000 	C:\Windows\system32\msvcrt.dll
0x000007feffa70000 - 0x000007feffa8f000 	C:\Windows\SYSTEM32\sechost.dll
0x000007feff2f0000 - 0x000007feff41d000 	C:\Windows\system32\RPCRT4.dll
0x0000000077760000 - 0x000000007785a000 	C:\Windows\system32\USER32.dll
0x000007fefeba0000 - 0x000007fefec07000 	C:\Windows\system32\GDI32.dll
0x000007fefdae0000 - 0x000007fefdaee000 	C:\Windows\system32\LPK.dll
0x000007feff420000 - 0x000007feff4ea000 	C:\Windows\system32\USP10.dll
0x000007fefbcf0000 - 0x000007fefbee4000 	C:\Windows\WinSxS\amd64_microsoft.windows.common-controls_6595b64144ccf1df_6.0.7601.18837_none_fa3b1e3d17594757\COMCTL32.dll
0x000007feff270000 - 0x000007feff2e1000 	C:\Windows\system32\SHLWAPI.dll
0x000007feff1f0000 - 0x000007feff21e000 	C:\Windows\system32\IMM32.DLL
0x000007fefe900000 - 0x000007fefea09000 	C:\Windows\system32\MSCTF.dll
0x0000000079660000 - 0x0000000079732000 	C:\Program Files\Java\jdk1.8.0_65\jre\bin\msvcr100.dll
0x000000006ff40000 - 0x00000000707c9000 	C:\Program Files\Java\jdk1.8.0_65\jre\bin\server\jvm.dll
0x000007fef9340000 - 0x000007fef9349000 	C:\Windows\system32\WSOCK32.dll
0x000007feff220000 - 0x000007feff26d000 	C:\Windows\system32\WS2_32.dll
0x000007fefda30000 - 0x000007fefda38000 	C:\Windows\system32\NSI.dll
0x000007fefb6b0000 - 0x000007fefb6eb000 	C:\Windows\system32\WINMM.dll
0x000007fefc680000 - 0x000007fefc68c000 	C:\Windows\system32\VERSION.dll
0x0000000077a30000 - 0x0000000077a37000 	C:\Windows\system32\PSAPI.DLL
0x0000000070c80000 - 0x0000000070c8f000 	C:\Program Files\Java\jdk1.8.0_65\jre\bin\verify.dll
0x000000006d810000 - 0x000000006d839000 	C:\Program Files\Java\jdk1.8.0_65\jre\bin\java.dll
0x0000000000440000 - 0x0000000000456000 	C:\Program Files\Java\jdk1.8.0_65\jre\bin\zip.dll
0x000007fefdaf0000 - 0x000007fefe87a000 	C:\Windows\system32\SHELL32.dll
0x000007feff590000 - 0x000007feff793000 	C:\Windows\system32\ole32.dll
0x000007fefd5a0000 - 0x000007fefd5af000 	C:\Windows\system32\profapi.dll
0x0000000060520000 - 0x00000000606b8000 	C:\Program Files\Java\jdk1.8.0_65\jre\bin\awt.dll
0x000007feffa90000 - 0x000007feffb6a000 	C:\Windows\system32\OLEAUT32.dll
0x000007fefb5c0000 - 0x000007fefb5d8000 	C:\Windows\system32\DWMAPI.DLL
0x000007fefbb40000 - 0x000007fefbb96000 	C:\Windows\system32\uxtheme.dll
0x000007fefd3f0000 - 0x000007fefd3ff000 	C:\Windows\system32\CRYPTBASE.dll
0x0000000070860000 - 0x00000000708a7000 	C:\Program Files\Java\jdk1.8.0_65\jre\bin\fontmanager.dll
0x000007feff4f0000 - 0x000007feff589000 	C:\Windows\system32\CLBCatQ.DLL
0x000007fefb2d0000 - 0x000007fefb431000 	C:\Windows\system32\WindowsCodecs.dll
0x000007fefd390000 - 0x000007fefd3e7000 	C:\Windows\system32\apphelp.dll
0x000007feee5f0000 - 0x000007feee830000 	C:\PROGRA~1\MICROS~1\Office15\GROOVEEX.DLL
0x0000000074da0000 - 0x0000000074e38000 	C:\Windows\system32\MSVCP100.dll
0x0000000067890000 - 0x00000000678bb000 	C:\Windows\system32\ATL100.DLL
0x000007fef6000000 - 0x000007fef631e000 	C:\Windows\system32\msi.dll
0x000007feebd90000 - 0x000007feec5ef000 	C:\PROGRA~1\MICROS~1\Office15\1028\GrooveIntlResource.dll
0x000007fef7340000 - 0x000007fef7375000 	C:\Windows\system32\EhStorShell.dll
0x000007fefeef0000 - 0x000007feff0c7000 	C:\Windows\system32\SETUPAPI.dll
0x000007fefd7f0000 - 0x000007fefd826000 	C:\Windows\system32\CFGMGR32.dll
0x000007fefd930000 - 0x000007fefd94a000 	C:\Windows\system32\DEVOBJ.dll
0x000007fefbbc0000 - 0x000007fefbcec000 	C:\Windows\system32\PROPSYS.dll
0x000007fef5ad0000 - 0x000007fef5b4e000 	C:\Windows\System32\cscui.dll
0x000007fefb510000 - 0x000007fefb51c000 	C:\Windows\System32\CSCDLL.dll
0x000007fef8080000 - 0x000007fef808f000 	C:\Windows\system32\CSCAPI.dll
0x000007fef5380000 - 0x000007fef5400000 	C:\Windows\system32\ntshrui.dll
0x000007fefcfa0000 - 0x000007fefcfc3000 	C:\Windows\system32\srvcli.dll
0x000007fefaea0000 - 0x000007fefaeab000 	C:\Windows\system32\slc.dll
0x000000006fca0000 - 0x000000006fcba000 	C:\Program Files\Java\jdk1.8.0_65\jre\bin\net.dll
0x000007fefcc70000 - 0x000007fefccc5000 	C:\Windows\system32\mswsock.dll
0x000007fefcc60000 - 0x000007fefcc67000 	C:\Windows\System32\wship6.dll
0x000000006fdb0000 - 0x000000006fdc1000 	C:\Program Files\Java\jdk1.8.0_65\jre\bin\nio.dll
0x00000000708b0000 - 0x00000000708f2000 	C:\Program Files\Java\jdk1.8.0_65\jre\bin\t2k.dll
0x000007fefaec0000 - 0x000007fefaed5000 	C:\Windows\system32\NLAapi.dll
0x000007fef87a0000 - 0x000007fef87b5000 	C:\Windows\system32\napinsp.dll
0x000007fef8760000 - 0x000007fef8779000 	C:\Windows\system32\pnrpnsp.dll
0x000007fefcaf0000 - 0x000007fefcb4b000 	C:\Windows\system32\DNSAPI.dll
0x000007fef8740000 - 0x000007fef874b000 	C:\Windows\System32\winrnr.dll
0x0000000072b00000 - 0x0000000072b26000 	C:\Program Files\Bonjour\mdnsNSP.dll
0x000007fefa2e0000 - 0x000007fefa307000 	C:\Windows\system32\Iphlpapi.DLL
0x000007fefa2d0000 - 0x000007fefa2db000 	C:\Windows\system32\WINNSI.DLL
0x000007fefc750000 - 0x000007fefc757000 	C:\Windows\System32\wshtcpip.dll
0x000007fef8b50000 - 0x000007fef8b58000 	C:\Windows\system32\rasadhlp.dll
0x000007fefa130000 - 0x000007fefa183000 	C:\Windows\System32\fwpuclnt.dll
0x0000000180000000 - 0x0000000180034000 	D:\Matlab\bin\win64\BuilderJABootstrap.dll
0x00000000023b0000 - 0x00000000023bc000 	D:\Matlab\bin\win64\nativedl.dll
0x000007fef7750000 - 0x000007fef77f7000 	C:\Windows\system32\MSVCP110.dll
0x000007fef7670000 - 0x000007fef7744000 	C:\Windows\system32\MSVCR110.dll
0x00000000fe7f0000 - 0x00000000fea15000 	D:\Matlab\bin\win64\libmwfl.dll
0x000007fefe880000 - 0x000007fefe899000 	C:\Windows\system32\imagehlp.dll
0x00000000fff00000 - 0x0000000100001000 	D:\Matlab\bin\win64\libmwi18n.dll
0x00000000ffef0000 - 0x00000000ffef9000 	D:\Matlab\bin\win64\libmwresource_core.dll
0x000007fefb470000 - 0x000007fefb47f000 	D:\Matlab\bin\win64\boost_date_time-vc110-mt-1_49.dll
0x000007fef5d50000 - 0x000007fef5d7c000 	D:\Matlab\bin\win64\boost_filesystem-vc110-mt-1_49.dll
0x000007fefb500000 - 0x000007fefb509000 	D:\Matlab\bin\win64\boost_system-vc110-mt-1_49.dll
0x000007fef9a30000 - 0x000007fef9a41000 	D:\Matlab\bin\win64\boost_thread-vc110-mt-1_49.dll
0x000007fef4150000 - 0x000007fef4175000 	D:\Matlab\bin\win64\LIBEXPAT.dll
0x00000000ff4e0000 - 0x00000000ff6b7000 	D:\Matlab\bin\win64\icuin54.dll
0x000000001d9b0000 - 0x000000001db06000 	D:\Matlab\bin\win64\icuuc54.dll
0x000000001ddd0000 - 0x000000001f5fc000 	D:\Matlab\bin\win64\icudt54.dll
0x000000006fd10000 - 0x000000006fd21000 	D:\Matlab\bin\win64\icuio54.dll
0x000007fef15c0000 - 0x000007fef1648000 	D:\Matlab\bin\win64\boost_log-vc110-mt-1_49.dll
0x000007feef690000 - 0x000007feef76d000 	D:\Matlab\bin\win64\boost_regex-vc110-mt-1_49.dll
0x000007fef3f60000 - 0x000007fef3fa5000 	D:\Matlab\bin\win64\boost_serialization-vc110-mt-1_49.dll
0x000007fef4190000 - 0x000007fef41a1000 	D:\Matlab\bin\win64\boost_signals-vc110-mt-1_49.dll
0x000007fef40d0000 - 0x000007fef410f000 	D:\Matlab\bin\win64\tbb.dll
0x000007fefc400000 - 0x000007fefc42c000 	C:\Windows\system32\POWRPROF.dll
0x000000001f600000 - 0x000000001f915000 	D:\Matlab\bin\win64\nativemcl.dll
0x000000001f920000 - 0x000000001f9ea000 	D:\Matlab\bin\win64\libut.dll
0x00000000fe100000 - 0x00000000fe2b2000 	D:\Matlab\bin\win64\libmx.dll
0x000007fef4030000 - 0x000007fef4070000 	D:\Matlab\bin\win64\tbbmalloc.dll
0x000000006fcf0000 - 0x000000006fd07000 	D:\Matlab\bin\win64\zlib1.dll
0x000000001f9f0000 - 0x000000001fef3000 	D:\Matlab\bin\win64\libmwservices.dll
0x0000000012560000 - 0x0000000012577000 	D:\Matlab\bin\win64\display_device.dll
0x00000000fe090000 - 0x00000000fe0e0000 	D:\Matlab\bin\win64\libmwregexp.dll
0x000000001b0e0000 - 0x000000001b135000 	D:\Matlab\bin\win64\mpath.dll
0x000000001ff00000 - 0x00000000202cf000 	D:\Matlab\bin\win64\libmwms.dll
0x000007fefadc0000 - 0x000007fefadd0000 	D:\Matlab\bin\win64\boost_iostreams-vc110-mt-1_49.dll
0x00000000fd610000 - 0x00000000fda54000 	D:\Matlab\bin\win64\mlutil.dll
0x00000000202d0000 - 0x00000000205ff000 	D:\Matlab\bin\win64\settingscore.dll
0x00000000fd590000 - 0x00000000fd609000 	D:\Matlab\bin\win64\xmlcore.dll
0x0000000020600000 - 0x0000000020863000 	D:\Matlab\bin\win64\xerces-c_3_1.dll
0x00000000fd310000 - 0x00000000fd316000 	D:\Matlab\bin\win64\libmwnativedisplay.dll
0x000000001bf70000 - 0x000000001bfca000 	D:\Matlab\bin\win64\opccore.dll
0x00000000fd1e0000 - 0x00000000fd2f9000 	D:\Matlab\bin\win64\opcmodel.dll
0x0000000020870000 - 0x0000000020ae1000 	D:\Matlab\bin\win64\libmwflnetwork.dll
0x00000000fd1b0000 - 0x00000000fd1db000 	D:\Matlab\bin\win64\opczippackage.dll
0x000000006fce0000 - 0x000000006fcef000 	D:\Matlab\bin\win64\libminizip.dll
0x0000000020af0000 - 0x0000000020c88000 	D:\Matlab\bin\win64\opcmwservices.dll
0x0000000012940000 - 0x000000001295f000 	D:\Matlab\bin\win64\webproxy.dll
0x000007fef7490000 - 0x000007fef7501000 	C:\Windows\system32\WINHTTP.dll
0x000007fef7420000 - 0x000007fef7485000 	C:\Windows\system32\webio.dll
0x000007feff0d0000 - 0x000007feff167000 	C:\Windows\system32\COMDLG32.dll
0x000007fefaf40000 - 0x000007fefaf56000 	C:\Windows\system32\NETAPI32.dll
0x000007fefaf10000 - 0x000007fefaf1c000 	C:\Windows\system32\netutils.dll
0x000007fefaef0000 - 0x000007fefaf05000 	C:\Windows\system32\wkscli.dll
0x000007feed5a0000 - 0x000007feed78e000 	D:\Matlab\bin\win64\PocoFoundation64.dll
0x000007feef230000 - 0x000007feef34f000 	D:\Matlab\bin\win64\PocoNet64.dll
0x000007fef3c10000 - 0x000007fef3c59000 	D:\Matlab\bin\win64\PocoNetSSL64.dll
0x000007feef0a0000 - 0x000007feef229000 	D:\Matlab\bin\win64\LIBEAY32.dll
0x000007fef3650000 - 0x000007fef36a9000 	D:\Matlab\bin\win64\SSLEAY32.dll

VM Arguments:
jvm_args: -Dfile.encoding=UTF-8 
java_command: SocketServer
java_class_path (initial): C:\Users\admin\workspace\SoundSocketServer4\bin;C:\Users\admin\workspace\SoundSocketServer4\jar\javabuilder.jar;C:\Users\admin\workspace\SoundSocketServer4\jar\MatlabSubFunction.jar;C:\Users\admin\workspace\SoundSocketServer4\jar\mysql-connector-java-5.1.40-bin.jar
Launcher Type: SUN_STANDARD

Environment Variables:
JAVA_HOME=C:\Program Files\Java\jdk1.7.0_79
CLASSPATH=D:\Matlab\toolbox\javabuilder\javabuilder.jar;D:\javabuilder_example\aa\for_testing\aa.jar
PATH=D:\Matlab\bin\win64;C:\Program Files\Java\jdk1.8.0_65\jre\bin\server;C:\Program Files\Java\jdk1.8.0_65\jre\bin;C:\Program Files\Java\jdk1.8.0_65\jre\lib\amd64;C:\ProgramData\Oracle\Java\javapath;C:\Program Files (x86)\Intel\iCLS Client\;C:\Program Files\Intel\iCLS Client\;C:\Windows\system32;C:\Windows;C:\Windows\System32\Wbem;C:\Windows\System32\WindowsPowerShell\v1.0\;C:\Program Files\Intel\Intel(R) Management Engine Components\DAL;C:\Program Files (x86)\Intel\Intel(R) Management Engine Components\DAL;C:\Program Files\Intel\Intel(R) Management Engine Components\IPT;C:\Program Files (x86)\Intel\Intel(R) Management Engine Components\IPT;C:\Windows\system32\config\systemprofile\.dnx\bin;C:\Program Files\Microsoft DNX\Dnvm\;C:\Program Files (x86)\Windows Kits\8.1\Windows Performance Toolkit\;C:\Program Files\Java\jdk1.8.0_65\bin;D:\Matlab\runtime\win64;D:\Matlab\bin;D:\Matlab\polyspace\bin;C:\Program Files (x86)\Skype\Phone\;C:\Users\admin\Desktop
USERNAME=admin
OS=Windows_NT
PROCESSOR_IDENTIFIER=Intel64 Family 6 Model 60 Stepping 3, GenuineIntel



---------------  S Y S T E M  ---------------

OS: Windows 7 , 64 bit Build 7601 (6.1.7601.23569)

CPU:total 4 (4 cores per cpu, 1 threads per core) family 6 model 60 stepping 3, cmov, cx8, fxsr, mmx, sse, sse2, sse3, ssse3, sse4.1, sse4.2, popcnt, avx, avx2, aes, clmul, erms, rtm, lzcnt, tsc, tscinvbit, bmi1, bmi2

Memory: 4k page, physical 12452928k(3974956k free), swap 24903996k(14858752k free)

vm_info: Java HotSpot(TM) 64-Bit Server VM (25.65-b01) for windows-amd64 JRE (1.8.0_65-b17), built on Oct  6 2015 16:39:20 by "java_re" with MS VC++ 10.0 (VS2010)

time: Mon Nov 28 13:48:31 2016
elapsed time: 1 seconds (0d 0h 0m 1s)

