#
# A fatal error has been detected by the Java Runtime Environment:
#
#  EXCEPTION_ACCESS_VIOLATION (0xc0000005) at pc=0x000000001ff4d433, pid=2668, tid=8744
#
# JRE version: Java(TM) SE Runtime Environment (8.0_65-b17) (build 1.8.0_65-b17)
# Java VM: Java HotSpot(TM) 64-Bit Server VM (25.65-b01 mixed mode windows-amd64 compressed oops)
# Problematic frame:
# C  [nativemcl.dll+0xed433]
#
# Failed to write core dump. Minidumps are not enabled by default on client versions of Windows
#
# If you would like to submit a bug report, please visit:
#   http://bugreport.java.com/bugreport/crash.jsp
#

---------------  T H R E A D  ---------------

Current thread (0x000000001976a800):  VMThread [stack: 0x000000001a5c0000,0x000000001a6c0000] [id=8744]

siginfo: ExceptionCode=0xc0000005, reading address 0x00000000000000b0

Registers:
RAX=0x0000000000000000, RBX=0x0000000023ee1970, RCX=0x000000001976a9f8, RDX=0x000000001b9384a8
RSP=0x000000001a6bf298, RBP=0x0000000023833cd0, RSI=0x000000001976a9f8, RDI=0x000000001a6bf328
R8 =0x0000000023ee19c0, R9 =0x00000000238bb0a0, R10=0x000000001a6bf300, R11=0x000000001a6bf2f8
R12=0x0000000023833d30, R13=0x0000000023833cd0, R14=0x0000000023833d00, R15=0x0000000000000000
RIP=0x000000001ff4d433, EFLAGS=0x0000000000010206

Top of Stack: (sp=0x000000001a6bf298)
0x000000001a6bf298:   000000001ff4c64a 0000000023ee1970
0x000000001a6bf2a8:   000000001c1799b8 0000000023ee1970
0x000000001a6bf2b8:   00000000238bbfa0 fffffffffffffffe
0x000000001a6bf2c8:   00000000200b40a1 000000001ff5c390
0x000000001a6bf2d8:   0000000057196490 656a624f5f676e61
0x000000001a6bf2e8:   00004949325f7463 0000000000000001
0x000000001a6bf2f8:   000000001ff5bdd5 000000001976a9f8
0x000000001a6bf308:   0000000023ee1970 fffffffffffffffe
0x000000001a6bf318:   000000001c1799b8 fffffffffffffffe
0x000000001a6bf328:   000000001ff4d430 000000001b9384a8
0x000000001a6bf338:   000000001c162803 000000001c1799b8
0x000000001a6bf348:   000000001ff5e2fc 0000000023ee1970
0x000000001a6bf358:   000000001c1799b0 fffffffffffffffe
0x000000001a6bf368:   0000000002000002 fffffffffffffffe
0x000000001a6bf378:   0000000000000001 0000000000000000
0x000000001a6bf388:   000000001c162888 000000001c1799b0 

Instructions: (pc=0x000000001ff4d433)
0x000000001ff4d413:   15 00 f6 c3 01 74 08 48 8b cf e8 c0 20 12 00 48
0x000000001ff4d423:   8b c7 48 8b 5c 24 30 48 83 c4 20 5f c3 48 8b 01
0x000000001ff4d433:   48 ff a0 b0 00 00 00 cc cc cc cc cc cc 48 8b c1
0x000000001ff4d443:   c3 cc cc cc cc cc cc cc cc cc cc cc cc 40 57 48 


Register to memory mapping:

RAX=0x0000000000000000 is an unknown value
RBX=0x0000000023ee1970 is an unknown value
RCX=0x000000001976a9f8 is an unknown value
RDX=0x000000001b9384a8 is a global jni handle
RSP=0x000000001a6bf298 is an unknown value
RBP=0x0000000023833cd0 is an unknown value
RSI=0x000000001976a9f8 is an unknown value
RDI=0x000000001a6bf328 is an unknown value
R8 =0x0000000023ee19c0 is an unknown value
R9 =0x00000000238bb0a0 is an unknown value
R10=0x000000001a6bf300 is an unknown value
R11=0x000000001a6bf2f8 is an unknown value
R12=0x0000000023833d30 is an unknown value
R13=0x0000000023833cd0 is an unknown value
R14=0x0000000023833d00 is an unknown value
R15=0x0000000000000000 is an unknown value


Stack: [0x000000001a5c0000,0x000000001a6c0000],  sp=0x000000001a6bf298,  free space=1020k
Native frames: (J=compiled Java code, j=interpreted, Vv=VM code, C=native code)
C  [nativemcl.dll+0xed433]

VM_Operation (0x000000001cbdcdf0): Exit, mode: safepoint, requested by thread 0x000000001b9ed000


---------------  P R O C E S S  ---------------

Java Threads: ( => current thread )
  0x000000001ba9c800 JavaThread "Connector Runnable" daemon [_thread_blocked, id=7768, stack(0x000000002bcd0000,0x000000002bdd0000)]
  0x000000001ba9b800 JavaThread "EventMgr Dispatcher" daemon [_thread_in_native, id=6532, stack(0x000000002ab20000,0x000000002ac20000)]
  0x000000001ba9a000 JavaThread "MATLAB Compiler Runtime" daemon [_thread_in_native, id=972, stack(0x00000000255f0000,0x0000000025df0000)]
  0x000000001b9ed000 JavaThread "AWT-EventQueue-0" [_thread_blocked, id=4800, stack(0x000000001cae0000,0x000000001cbe0000)]
  0x000000001b92d800 JavaThread "AWT-Shutdown" [_thread_blocked, id=6376, stack(0x000000001b1d0000,0x000000001b2d0000)]
  0x000000001b92d000 JavaThread "Java2D Disposer" daemon [_thread_blocked, id=7620, stack(0x000000001c1a0000,0x000000001c2a0000)]
  0x000000001ac2d000 JavaThread "Service Thread" daemon [_thread_blocked, id=7004, stack(0x000000001b5a0000,0x000000001b6a0000)]
  0x00000000197dd800 JavaThread "C1 CompilerThread2" daemon [_thread_blocked, id=7820, stack(0x000000001b490000,0x000000001b590000)]
  0x00000000197dc000 JavaThread "C2 CompilerThread1" daemon [_thread_blocked, id=8148, stack(0x000000001b2d0000,0x000000001b3d0000)]
  0x000000001aba7800 JavaThread "C2 CompilerThread0" daemon [_thread_blocked, id=8136, stack(0x000000001b0a0000,0x000000001b1a0000)]
  0x000000001ab9b800 JavaThread "Attach Listener" daemon [_thread_blocked, id=8572, stack(0x000000001a710000,0x000000001a810000)]
  0x000000001ab9b000 JavaThread "Signal Dispatcher" daemon [_thread_blocked, id=7832, stack(0x000000001a980000,0x000000001aa80000)]
  0x0000000019777000 JavaThread "Finalizer" daemon [_thread_blocked, id=8380, stack(0x000000001aa90000,0x000000001ab90000)]
  0x0000000019770000 JavaThread "Reference Handler" daemon [_thread_blocked, id=7704, stack(0x000000001a840000,0x000000001a940000)]
  0x0000000001cbe000 JavaThread "main" [_thread_in_native, id=8228, stack(0x00000000023f0000,0x00000000024f0000)]

Other Threads:
=>0x000000001976a800 VMThread [stack: 0x000000001a5c0000,0x000000001a6c0000] [id=8744]

VM state:at safepoint (shutting down)

VM Mutex/Monitor currently owned by a thread:  ([mutex/lock_event])
[0x0000000001cbc580] Threads_lock - owner thread: 0x000000001976a800

Heap:
 PSYoungGen      total 57344K, used 10342K [0x0000000780a00000, 0x0000000784a00000, 0x00000007c0000000)
  eden space 49152K, 8% used [0x0000000780a00000,0x0000000780e121a0,0x0000000783a00000)
  from space 8192K, 75% used [0x0000000783a00000,0x00000007840079d0,0x0000000784200000)
  to   space 8192K, 0% used [0x0000000784200000,0x0000000784200000,0x0000000784a00000)
 ParOldGen       total 131072K, used 16K [0x0000000701e00000, 0x0000000709e00000, 0x0000000780a00000)
  object space 131072K, 0% used [0x0000000701e00000,0x0000000701e04000,0x0000000709e00000)
 Metaspace       used 13311K, capacity 13650K, committed 13824K, reserved 1060864K
  class space    used 1668K, capacity 1755K, committed 1792K, reserved 1048576K

Card table byte_map: [0x00000000118b0000,0x0000000011eb0000] byte_map_base: 0x000000000e0a1000

Marking Bits: (ParMarkBitMap*) 0x000000005720a5b0
 Begin Bits: [0x00000000128d0000, 0x0000000015858000)
 End Bits:   [0x0000000015858000, 0x00000000187e0000)

Polling page: 0x0000000000120000

CodeCache: size=245760Kb used=3907Kb max_used=3913Kb free=241852Kb
 bounds [0x00000000024f0000, 0x00000000028d0000, 0x00000000114f0000]
 total_blobs=1606 nmethods=1094 adapters=425
 compilation: enabled

Compilation events (10 events):
Event: 31.397 Thread 0x00000000197dd800 1090       3       java.awt.KeyboardFocusManager::getCurrentKeyboardFocusManager (7 bytes)
Event: 31.397 Thread 0x00000000197dd800 nmethod 1090 0x00000000028c18d0 code [0x00000000028c1a80, 0x00000000028c2138]
Event: 31.764 Thread 0x00000000197dd800 1091       3       sun.awt.EventQueueItem::<init> (10 bytes)
Event: 31.764 Thread 0x00000000197dd800 nmethod 1091 0x00000000028bee50 code [0x00000000028befa0, 0x00000000028bf170]
Event: 31.766 Thread 0x000000001aba7800 1092       4       java.util.ArrayList$Itr::hasNext (20 bytes)
Event: 31.766 Thread 0x00000000197dd800 1093       3       java.util.logging.LogManager$LoggerContext::ensureDefaultLogger (70 bytes)
Event: 31.768 Thread 0x000000001aba7800 nmethod 1092 0x00000000028bebd0 code [0x00000000028bed00, 0x00000000028bed98]
Event: 31.768 Thread 0x00000000197dd800 nmethod 1093 0x00000000028c43d0 code [0x00000000028c4580, 0x00000000028c4e28]
Event: 31.768 Thread 0x00000000197dd800 1094  s    3       java.util.Hashtable::containsKey (65 bytes)
Event: 31.769 Thread 0x00000000197dd800 nmethod 1094 0x00000000028c3990 code [0x00000000028c3b20, 0x00000000028c4158]

GC Heap History (2 events):
Event: 27.862 GC heap before
{Heap before GC invocations=1 (full 0):
 PSYoungGen      total 57344K, used 49152K [0x0000000780a00000, 0x0000000784a00000, 0x00000007c0000000)
  eden space 49152K, 100% used [0x0000000780a00000,0x0000000783a00000,0x0000000783a00000)
  from space 8192K, 0% used [0x0000000784200000,0x0000000784200000,0x0000000784a00000)
  to   space 8192K, 0% used [0x0000000783a00000,0x0000000783a00000,0x0000000784200000)
 ParOldGen       total 131072K, used 0K [0x0000000701e00000, 0x0000000709e00000, 0x0000000780a00000)
  object space 131072K, 0% used [0x0000000701e00000,0x0000000701e00000,0x0000000709e00000)
 Metaspace       used 13234K, capacity 13522K, committed 13568K, reserved 1060864K
  class space    used 1662K, capacity 1755K, committed 1792K, reserved 1048576K
Event: 27.876 GC heap after
Heap after GC invocations=1 (full 0):
 PSYoungGen      total 57344K, used 6174K [0x0000000780a00000, 0x0000000784a00000, 0x00000007c0000000)
  eden space 49152K, 0% used [0x0000000780a00000,0x0000000780a00000,0x0000000783a00000)
  from space 8192K, 75% used [0x0000000783a00000,0x00000007840079d0,0x0000000784200000)
  to   space 8192K, 0% used [0x0000000784200000,0x0000000784200000,0x0000000784a00000)
 ParOldGen       total 131072K, used 16K [0x0000000701e00000, 0x0000000709e00000, 0x0000000780a00000)
  object space 131072K, 0% used [0x0000000701e00000,0x0000000701e04000,0x0000000709e00000)
 Metaspace       used 13234K, capacity 13522K, committed 13568K, reserved 1060864K
  class space    used 1662K, capacity 1755K, committed 1792K, reserved 1048576K
}

Deoptimization events (10 events):
Event: 0.479 Thread 0x0000000001cbe000 Uncommon trap: reason=class_check action=maybe_recompile pc=0x00000000026f7b64 method=java.io.DataOutputStream.writeByte(I)V @ 5
Event: 0.480 Thread 0x0000000001cbe000 Uncommon trap: reason=class_check action=maybe_recompile pc=0x00000000026f7b64 method=java.io.DataOutputStream.writeByte(I)V @ 5
Event: 12.558 Thread 0x000000001ba9a000 Uncommon trap: reason=unstable_if action=reinterpret pc=0x000000000277eee4 method=java.net.URLStreamHandler.sameFile(Ljava/net/URL;Ljava/net/URL;)Z @ 8
Event: 12.761 Thread 0x000000001ba9a000 Uncommon trap: reason=unstable_if action=reinterpret pc=0x00000000027944a0 method=java.net.URLStreamHandler.sameFile(Ljava/net/URL;Ljava/net/URL;)Z @ 8
Event: 12.766 Thread 0x000000001ba9a000 Uncommon trap: reason=unstable_if action=reinterpret pc=0x0000000002792eec method=java.net.URLStreamHandler.sameFile(Ljava/net/URL;Ljava/net/URL;)Z @ 8
Event: 12.769 Thread 0x000000001ba9a000 Uncommon trap: reason=class_check action=maybe_recompile pc=0x000000000266c710 method=java.lang.String.equals(Ljava/lang/Object;)Z @ 8
Event: 12.769 Thread 0x000000001ba9a000 Uncommon trap: reason=class_check action=maybe_recompile pc=0x000000000266c710 method=java.lang.String.equals(Ljava/lang/Object;)Z @ 8
Event: 12.769 Thread 0x000000001ba9a000 Uncommon trap: reason=class_check action=maybe_recompile pc=0x000000000266c710 method=java.lang.String.equals(Ljava/lang/Object;)Z @ 8
Event: 12.769 Thread 0x000000001ba9a000 Uncommon trap: reason=class_check action=maybe_recompile pc=0x000000000266c710 method=java.lang.String.equals(Ljava/lang/Object;)Z @ 8
Event: 14.531 Thread 0x000000001ba9a000 Uncommon trap: reason=unstable_if action=reinterpret pc=0x000000000275e768 method=java.lang.String.indexOf([CII[CIII)I @ 3

Internal exceptions (10 events):
Event: 10.744 Thread 0x000000001ba9a000 Exception <a 'java/security/PrivilegedActionException'> (0x0000000781c0c780) thrown at [C:\workspace\8-2-build-windows-amd64-cygwin\jdk8u65\4987\hotspot\src\share\vm\prims\jvm.cpp, line 1386]
Event: 10.744 Thread 0x000000001ba9a000 Exception <a 'java/security/PrivilegedActionException'> (0x0000000781c0c990) thrown at [C:\workspace\8-2-build-windows-amd64-cygwin\jdk8u65\4987\hotspot\src\share\vm\prims\jvm.cpp, line 1386]
Event: 10.744 Thread 0x000000001ba9a000 Exception <a 'java/security/PrivilegedActionException'> (0x0000000781c0d7c0) thrown at [C:\workspace\8-2-build-windows-amd64-cygwin\jdk8u65\4987\hotspot\src\share\vm\prims\jvm.cpp, line 1386]
Event: 10.744 Thread 0x000000001ba9a000 Exception <a 'java/security/PrivilegedActionException'> (0x0000000781c0d9d0) thrown at [C:\workspace\8-2-build-windows-amd64-cygwin\jdk8u65\4987\hotspot\src\share\vm\prims\jvm.cpp, line 1386]
Event: 10.744 Thread 0x000000001ba9a000 Exception <a 'java/security/PrivilegedActionException'> (0x0000000781c0e6d0) thrown at [C:\workspace\8-2-build-windows-amd64-cygwin\jdk8u65\4987\hotspot\src\share\vm\prims\jvm.cpp, line 1386]
Event: 10.744 Thread 0x000000001ba9a000 Exception <a 'java/security/PrivilegedActionException'> (0x0000000781c0e8e0) thrown at [C:\workspace\8-2-build-windows-amd64-cygwin\jdk8u65\4987\hotspot\src\share\vm\prims\jvm.cpp, line 1386]
Event: 10.745 Thread 0x000000001ba9a000 Exception <a 'java/security/PrivilegedActionException'> (0x0000000781c0f678) thrown at [C:\workspace\8-2-build-windows-amd64-cygwin\jdk8u65\4987\hotspot\src\share\vm\prims\jvm.cpp, line 1386]
Event: 10.745 Thread 0x000000001ba9a000 Exception <a 'java/security/PrivilegedActionException'> (0x0000000781c0f888) thrown at [C:\workspace\8-2-build-windows-amd64-cygwin\jdk8u65\4987\hotspot\src\share\vm\prims\jvm.cpp, line 1386]
Event: 13.738 Thread 0x000000001ba9a000 Exception <a 'java/security/PrivilegedActionException'> (0x000000078289b150) thrown at [C:\workspace\8-2-build-windows-amd64-cygwin\jdk8u65\4987\hotspot\src\share\vm\prims\jvm.cpp, line 1386]
Event: 13.738 Thread 0x000000001ba9a000 Exception <a 'java/security/PrivilegedActionException'> (0x000000078289b360) thrown at [C:\workspace\8-2-build-windows-amd64-cygwin\jdk8u65\4987\hotspot\src\share\vm\prims\jvm.cpp, line 1386]

Events (10 events):
Event: 31.766 Executing VM operation: RevokeBias
Event: 31.766 Executing VM operation: RevokeBias done
Event: 31.766 Executing VM operation: RevokeBias
Event: 31.766 Executing VM operation: RevokeBias done
Event: 31.767 Executing VM operation: RevokeBias
Event: 31.767 Executing VM operation: RevokeBias done
Event: 31.767 Thread 0x000000001ba9e800 Thread exited: 0x000000001ba9e800
Event: 31.823 Thread 0x000000001b950800 Thread exited: 0x000000001b950800
Event: 31.865 Thread 0x000000001ba9d000 Thread exited: 0x000000001ba9d000
Event: 31.865 Executing VM operation: Exit


Dynamic libraries:
0x000000013f690000 - 0x000000013f6c7000 	C:\Program Files\Java\jdk1.8.0_65\bin\javaw.exe
0x0000000077180000 - 0x000000007732a000 	C:\Windows\SYSTEM32\ntdll.dll
0x0000000076f60000 - 0x000000007707f000 	C:\Windows\system32\kernel32.dll
0x000007fefcfe0000 - 0x000007fefd04a000 	C:\Windows\system32\KERNELBASE.dll
0x000007fefd9c0000 - 0x000007fefda9b000 	C:\Windows\system32\ADVAPI32.dll
0x000007fefd740000 - 0x000007fefd7df000 	C:\Windows\system32\msvcrt.dll
0x000007fefd600000 - 0x000007fefd61f000 	C:\Windows\SYSTEM32\sechost.dll
0x000007fefdf40000 - 0x000007fefe06d000 	C:\Windows\system32\RPCRT4.dll
0x0000000077080000 - 0x000000007717a000 	C:\Windows\system32\USER32.dll
0x000007fefd860000 - 0x000007fefd8c7000 	C:\Windows\system32\GDI32.dll
0x000007feff470000 - 0x000007feff47e000 	C:\Windows\system32\LPK.dll
0x000007fefd8d0000 - 0x000007fefd99a000 	C:\Windows\system32\USP10.dll
0x000007fefb880000 - 0x000007fefba74000 	C:\Windows\WinSxS\amd64_microsoft.windows.common-controls_6595b64144ccf1df_6.0.7601.18837_none_fa3b1e3d17594757\COMCTL32.dll
0x000007fefd620000 - 0x000007fefd691000 	C:\Windows\system32\SHLWAPI.dll
0x000007fefdaa0000 - 0x000007fefdace000 	C:\Windows\system32\IMM32.DLL
0x000007fefd270000 - 0x000007fefd379000 	C:\Windows\system32\MSCTF.dll
0x000000005e130000 - 0x000000005e202000 	C:\Program Files\Java\jdk1.8.0_65\jre\bin\msvcr100.dll
0x0000000056a00000 - 0x0000000057289000 	C:\Program Files\Java\jdk1.8.0_65\jre\bin\server\jvm.dll
0x000007fef9000000 - 0x000007fef9009000 	C:\Windows\system32\WSOCK32.dll
0x000007fefe070000 - 0x000007fefe0bd000 	C:\Windows\system32\WS2_32.dll
0x000007feff480000 - 0x000007feff488000 	C:\Windows\system32\NSI.dll
0x000007fefac60000 - 0x000007fefac9b000 	C:\Windows\system32\WINMM.dll
0x000007fefbfa0000 - 0x000007fefbfac000 	C:\Windows\system32\VERSION.dll
0x0000000077340000 - 0x0000000077347000 	C:\Windows\system32\PSAPI.DLL
0x0000000074460000 - 0x000000007446f000 	C:\Program Files\Java\jdk1.8.0_65\jre\bin\verify.dll
0x000000005dda0000 - 0x000000005ddc9000 	C:\Program Files\Java\jdk1.8.0_65\jre\bin\java.dll
0x000000006afb0000 - 0x000000006afc6000 	C:\Program Files\Java\jdk1.8.0_65\jre\bin\zip.dll
0x000007fefe470000 - 0x000007feff1fa000 	C:\Windows\system32\SHELL32.dll
0x000007feff260000 - 0x000007feff463000 	C:\Windows\system32\ole32.dll
0x000007fefcec0000 - 0x000007fefcecf000 	C:\Windows\system32\profapi.dll
0x000000005df90000 - 0x000000005e128000 	C:\Program Files\Java\jdk1.8.0_65\jre\bin\awt.dll
0x000007fefe390000 - 0x000007fefe46a000 	C:\Windows\system32\OLEAUT32.dll
0x000007fefa3e0000 - 0x000007fefa3f8000 	C:\Windows\system32\DWMAPI.DLL
0x000007fefb490000 - 0x000007fefb4e6000 	C:\Windows\system32\uxtheme.dll
0x000007fefcd10000 - 0x000007fefcd1f000 	C:\Windows\system32\CRYPTBASE.dll
0x0000000060b50000 - 0x0000000060b97000 	C:\Program Files\Java\jdk1.8.0_65\jre\bin\fontmanager.dll
0x000007fefd560000 - 0x000007fefd5f9000 	C:\Windows\system32\CLBCatQ.DLL
0x000007fefa160000 - 0x000007fefa2c1000 	C:\Windows\system32\WindowsCodecs.dll
0x000007fefccb0000 - 0x000007fefcd07000 	C:\Windows\system32\apphelp.dll
0x000007fef7480000 - 0x000007fef76c0000 	C:\PROGRA~1\MICROS~1\Office15\GROOVEEX.DLL
0x0000000073200000 - 0x0000000073298000 	C:\Windows\system32\MSVCP100.dll
0x000000006d1f0000 - 0x000000006d21b000 	C:\Windows\system32\ATL100.DLL
0x000007fef7160000 - 0x000007fef747e000 	C:\Windows\system32\msi.dll
0x000007fef6400000 - 0x000007fef6c5f000 	C:\PROGRA~1\MICROS~1\Office15\1028\GrooveIntlResource.dll
0x000007fef63c0000 - 0x000007fef63f5000 	C:\Windows\system32\EhStorShell.dll
0x000007fefd380000 - 0x000007fefd557000 	C:\Windows\system32\SETUPAPI.dll
0x000007fefcf80000 - 0x000007fefcfb6000 	C:\Windows\system32\CFGMGR32.dll
0x000007fefd230000 - 0x000007fefd24a000 	C:\Windows\system32\DEVOBJ.dll
0x000007fefb620000 - 0x000007fefb74c000 	C:\Windows\system32\PROPSYS.dll
0x000007fef6260000 - 0x000007fef62de000 	C:\Windows\System32\cscui.dll
0x000007fef6250000 - 0x000007fef625c000 	C:\Windows\System32\CSCDLL.dll
0x000007fef5c80000 - 0x000007fef5c8f000 	C:\Windows\system32\CSCAPI.dll
0x000007fef5c00000 - 0x000007fef5c80000 	C:\Windows\system32\ntshrui.dll
0x000007fefca10000 - 0x000007fefca33000 	C:\Windows\system32\srvcli.dll
0x000007fefae70000 - 0x000007fefae7b000 	C:\Windows\system32\slc.dll
0x0000000067f30000 - 0x0000000067f4a000 	C:\Program Files\Java\jdk1.8.0_65\jre\bin\net.dll
0x000007fefc630000 - 0x000007fefc685000 	C:\Windows\system32\mswsock.dll
0x000007fefc620000 - 0x000007fefc627000 	C:\Windows\System32\wship6.dll
0x00000000748a0000 - 0x00000000748b1000 	C:\Program Files\Java\jdk1.8.0_65\jre\bin\nio.dll
0x0000000060b00000 - 0x0000000060b42000 	C:\Program Files\Java\jdk1.8.0_65\jre\bin\t2k.dll
0x000007fefae90000 - 0x000007fefaea5000 	C:\Windows\system32\NLAapi.dll
0x000007fef9990000 - 0x000007fef99a5000 	C:\Windows\system32\napinsp.dll
0x000007fef97a0000 - 0x000007fef97b9000 	C:\Windows\system32\pnrpnsp.dll
0x000007fefc4b0000 - 0x000007fefc50b000 	C:\Windows\system32\DNSAPI.dll
0x000007fef9790000 - 0x000007fef979b000 	C:\Windows\System32\winrnr.dll
0x000000006bdb0000 - 0x000000006bdd6000 	C:\Program Files\Bonjour\mdnsNSP.dll
0x000007fefad30000 - 0x000007fefad57000 	C:\Windows\system32\Iphlpapi.DLL
0x000007fefad10000 - 0x000007fefad1b000 	C:\Windows\system32\WINNSI.DLL
0x000007fefc070000 - 0x000007fefc077000 	C:\Windows\System32\wshtcpip.dll
0x000007fef5be0000 - 0x000007fef5be8000 	C:\Windows\system32\rasadhlp.dll
0x000007fefab50000 - 0x000007fefaba3000 	C:\Windows\System32\fwpuclnt.dll
0x0000000180000000 - 0x0000000180034000 	D:\Matlab\bin\win64\BuilderJABootstrap.dll
0x0000000012600000 - 0x000000001260c000 	D:\Matlab\bin\win64\nativedl.dll
0x000007fef8160000 - 0x000007fef8207000 	C:\Windows\system32\MSVCP110.dll
0x000007fef8080000 - 0x000007fef8154000 	C:\Windows\system32\MSVCR110.dll
0x00000000fe7f0000 - 0x00000000fea15000 	D:\Matlab\bin\win64\libmwfl.dll
0x000007fefd9a0000 - 0x000007fefd9b9000 	C:\Windows\system32\imagehlp.dll
0x00000000fff00000 - 0x0000000100001000 	D:\Matlab\bin\win64\libmwi18n.dll
0x00000000ffef0000 - 0x00000000ffef9000 	D:\Matlab\bin\win64\libmwresource_core.dll
0x000007fef04d0000 - 0x000007fef04df000 	D:\Matlab\bin\win64\boost_date_time-vc110-mt-1_49.dll
0x000007feea000000 - 0x000007feea02c000 	D:\Matlab\bin\win64\boost_filesystem-vc110-mt-1_49.dll
0x000007feed0b0000 - 0x000007feed0b9000 	D:\Matlab\bin\win64\boost_system-vc110-mt-1_49.dll
0x000007fee9fe0000 - 0x000007fee9ff1000 	D:\Matlab\bin\win64\boost_thread-vc110-mt-1_49.dll
0x000007fee9fb0000 - 0x000007fee9fd5000 	D:\Matlab\bin\win64\LIBEXPAT.dll
0x000000005d9e0000 - 0x000000005dbb7000 	D:\Matlab\bin\win64\icuin54.dll
0x000000005dc40000 - 0x000000005dd96000 	D:\Matlab\bin\win64\icuuc54.dll
0x000000001e630000 - 0x000000001fe5c000 	D:\Matlab\bin\win64\icudt54.dll
0x0000000064320000 - 0x0000000064331000 	D:\Matlab\bin\win64\icuio54.dll
0x000007fee7870000 - 0x000007fee78f8000 	D:\Matlab\bin\win64\boost_log-vc110-mt-1_49.dll
0x000007fee7790000 - 0x000007fee786d000 	D:\Matlab\bin\win64\boost_regex-vc110-mt-1_49.dll
0x000007fee9f60000 - 0x000007fee9fa5000 	D:\Matlab\bin\win64\boost_serialization-vc110-mt-1_49.dll
0x000007fee7770000 - 0x000007fee7781000 	D:\Matlab\bin\win64\boost_signals-vc110-mt-1_49.dll
0x000007fee7730000 - 0x000007fee776f000 	D:\Matlab\bin\win64\tbb.dll
0x000007fefb7a0000 - 0x000007fefb7cc000 	C:\Windows\system32\POWRPROF.dll
0x000000001fe60000 - 0x0000000020175000 	D:\Matlab\bin\win64\nativemcl.dll
0x000000001dd60000 - 0x000000001de2a000 	D:\Matlab\bin\win64\libut.dll
0x00000000fe100000 - 0x00000000fe2b2000 	D:\Matlab\bin\win64\libmx.dll
0x000007fee76f0000 - 0x000007fee7730000 	D:\Matlab\bin\win64\tbbmalloc.dll
0x00000000654e0000 - 0x00000000654f7000 	D:\Matlab\bin\win64\zlib1.dll
0x0000000020180000 - 0x0000000020683000 	D:\Matlab\bin\win64\libmwservices.dll
0x00000000127b0000 - 0x00000000127c7000 	D:\Matlab\bin\win64\display_device.dll
0x00000000fe090000 - 0x00000000fe0e0000 	D:\Matlab\bin\win64\libmwregexp.dll
0x000000001b3d0000 - 0x000000001b425000 	D:\Matlab\bin\win64\mpath.dll
0x0000000020690000 - 0x0000000020a5f000 	D:\Matlab\bin\win64\libmwms.dll
0x000007feea950000 - 0x000007feea960000 	D:\Matlab\bin\win64\boost_iostreams-vc110-mt-1_49.dll
0x00000000fd610000 - 0x00000000fda54000 	D:\Matlab\bin\win64\mlutil.dll
0x0000000020a60000 - 0x0000000020d8f000 	D:\Matlab\bin\win64\settingscore.dll
0x00000000fd590000 - 0x00000000fd609000 	D:\Matlab\bin\win64\xmlcore.dll
0x0000000020d90000 - 0x0000000020ff3000 	D:\Matlab\bin\win64\xerces-c_3_1.dll
0x00000000fd310000 - 0x00000000fd316000 	D:\Matlab\bin\win64\libmwnativedisplay.dll
0x000000001b430000 - 0x000000001b48a000 	D:\Matlab\bin\win64\opccore.dll
0x00000000fd1e0000 - 0x00000000fd2f9000 	D:\Matlab\bin\win64\opcmodel.dll
0x0000000021000000 - 0x0000000021271000 	D:\Matlab\bin\win64\libmwflnetwork.dll
0x00000000fd1b0000 - 0x00000000fd1db000 	D:\Matlab\bin\win64\opczippackage.dll
0x0000000064310000 - 0x000000006431f000 	D:\Matlab\bin\win64\libminizip.dll
0x000000001dfc0000 - 0x000000001e158000 	D:\Matlab\bin\win64\opcmwservices.dll
0x000000001a810000 - 0x000000001a82f000 	D:\Matlab\bin\win64\webproxy.dll
0x000007fef8450000 - 0x000007fef84c1000 	C:\Windows\system32\WINHTTP.dll
0x000007fef83e0000 - 0x000007fef8445000 	C:\Windows\system32\webio.dll
0x000007fefd6a0000 - 0x000007fefd737000 	C:\Windows\system32\COMDLG32.dll
0x000007fefb010000 - 0x000007fefb026000 	C:\Windows\system32\NETAPI32.dll
0x000007fefb000000 - 0x000007fefb00c000 	C:\Windows\system32\netutils.dll
0x000007fefaeb0000 - 0x000007fefaec5000 	C:\Windows\system32\wkscli.dll
0x000007fee7500000 - 0x000007fee76ee000 	D:\Matlab\bin\win64\PocoFoundation64.dll
0x000007fee73e0000 - 0x000007fee74ff000 	D:\Matlab\bin\win64\PocoNet64.dll
0x000007fee7390000 - 0x000007fee73d9000 	D:\Matlab\bin\win64\PocoNetSSL64.dll
0x000007fee7200000 - 0x000007fee7389000 	D:\Matlab\bin\win64\LIBEAY32.dll
0x000007fee71a0000 - 0x000007fee71f9000 	D:\Matlab\bin\win64\SSLEAY32.dll

VM Arguments:
jvm_args: -Dfile.encoding=UTF-8 
java_command: SocketServer
java_class_path (initial): C:\Users\admin\workspace\SoundSocketServer4\bin;C:\Users\admin\workspace\SoundSocketServer4\jar\javabuilder.jar;C:\Users\admin\workspace\SoundSocketServer4\jar\MatlabSubFunction.jar;C:\Users\admin\workspace\SoundSocketServer4\jar\mysql-connector-java-5.1.40-bin.jar
Launcher Type: SUN_STANDARD

Environment Variables:
JAVA_HOME=C:\Program Files\Java\jdk1.7.0_79
CLASSPATH=D:\Matlab\toolbox\javabuilder\javabuilder.jar;D:\javabuilder_example\aa\for_testing\aa.jar
PATH=D:\Matlab\bin\win64;C:\Program Files\Java\jdk1.8.0_65\jre\bin\server;C:\Program Files\Java\jdk1.8.0_65\jre\bin;C:\Program Files\Java\jdk1.8.0_65\jre\lib\amd64;C:\ProgramData\Oracle\Java\javapath;C:\Program Files (x86)\Intel\iCLS Client\;C:\Program Files\Intel\iCLS Client\;C:\Windows\system32;C:\Windows;C:\Windows\System32\Wbem;C:\Windows\System32\WindowsPowerShell\v1.0\;C:\Program Files\Intel\Intel(R) Management Engine Components\DAL;C:\Program Files (x86)\Intel\Intel(R) Management Engine Components\DAL;C:\Program Files\Intel\Intel(R) Management Engine Components\IPT;C:\Program Files (x86)\Intel\Intel(R) Management Engine Components\IPT;C:\Windows\system32\config\systemprofile\.dnx\bin;C:\Program Files\Microsoft DNX\Dnvm\;C:\Program Files (x86)\Windows Kits\8.1\Windows Performance Toolkit\;C:\Program Files\Java\jdk1.8.0_65\bin;D:\Matlab\runtime\win64;D:\Matlab\bin;D:\Matlab\polyspace\bin;C:\Program Files (x86)\Skype\Phone\;C:\Users\admin\Desktop
USERNAME=admin
OS=Windows_NT
PROCESSOR_IDENTIFIER=Intel64 Family 6 Model 60 Stepping 3, GenuineIntel



---------------  S Y S T E M  ---------------

OS: Windows 7 , 64 bit Build 7601 (6.1.7601.23539)

CPU:total 4 (4 cores per cpu, 1 threads per core) family 6 model 60 stepping 3, cmov, cx8, fxsr, mmx, sse, sse2, sse3, ssse3, sse4.1, sse4.2, popcnt, avx, avx2, aes, clmul, erms, rtm, lzcnt, tsc, tscinvbit, bmi1, bmi2

Memory: 4k page, physical 12452928k(7584784k free), swap 24903996k(18937496k free)

vm_info: Java HotSpot(TM) 64-Bit Server VM (25.65-b01) for windows-amd64 JRE (1.8.0_65-b17), built on Oct  6 2015 16:39:20 by "java_re" with MS VC++ 10.0 (VS2010)

time: Wed Oct 12 18:41:48 2016
elapsed time: 33 seconds (0d 0h 0m 33s)

