#
# A fatal error has been detected by the Java Runtime Environment:
#
#  EXCEPTION_ACCESS_VIOLATION (0xc0000005) at pc=0x000000001fbbd433, pid=28056, tid=28000
#
# JRE version: Java(TM) SE Runtime Environment (8.0_65-b17) (build 1.8.0_65-b17)
# Java VM: Java HotSpot(TM) 64-Bit Server VM (25.65-b01 mixed mode windows-amd64 compressed oops)
# Problematic frame:
# C  [nativemcl.dll+0xed433]
#
# Failed to write core dump. Minidumps are not enabled by default on client versions of Windows
#
# If you would like to submit a bug report, please visit:
#   http://bugreport.java.com/bugreport/crash.jsp
#

---------------  T H R E A D  ---------------

Current thread (0x00000000196ba800):  VMThread [stack: 0x000000001a750000,0x000000001a850000] [id=28000]

siginfo: ExceptionCode=0xc0000005, reading address 0x00000000000000b0

Registers:
RAX=0x0000000000000000, RBX=0x0000000023fe76e0, RCX=0x00000000196ba9f8, RDX=0x000000001bcfe528
RSP=0x000000001a84f1a8, RBP=0x0000000023a8b830, RSI=0x00000000196ba9f8, RDI=0x000000001a84f238
R8 =0x0000000023fe7730, R9 =0x0000000023a9a1e0, R10=0x000000001a84f210, R11=0x000000001a84f208
R12=0x0000000023a8b890, R13=0x0000000023a8b830, R14=0x0000000023a8b860, R15=0x0000000000000000
RIP=0x000000001fbbd433, EFLAGS=0x0000000000010206

Top of Stack: (sp=0x000000001a84f1a8)
0x000000001a84f1a8:   000000001fbbc64a 0000000023fe76e0
0x000000001a84f1b8:   000000001b2f99b8 0000000023fe76e0
0x000000001a84f1c8:   0000000017000017 fffffffffffffffe
0x000000001a84f1d8:   000000001fd240a1 000000001fbcc390
0x000000001a84f1e8:   0000000051e76490 656a624f5f676e61
0x000000001a84f1f8:   00004949325f7463 0000000000000001
0x000000001a84f208:   000000001fbcbdd5 00000000196ba9f8
0x000000001a84f218:   0000000023fe76e0 0000000023a7e810
0x000000001a84f228:   000000001b2f99b8 fffffffffffffffe
0x000000001a84f238:   000000001fbbd430 000000001bcfe528
0x000000001a84f248:   000000001b2e2803 000000001b2f99b8
0x000000001a84f258:   000000001fbce2fc 0000000023fe76e0
0x000000001a84f268:   000000001b2f99b0 fffffffffffffffe
0x000000001a84f278:   0000000002000002 fffffffffffffffe
0x000000001a84f288:   0000000000000001 0000000000000000
0x000000001a84f298:   000000001b2e2888 000000001b2f99b0 

Instructions: (pc=0x000000001fbbd433)
0x000000001fbbd413:   15 00 f6 c3 01 74 08 48 8b cf e8 c0 20 12 00 48
0x000000001fbbd423:   8b c7 48 8b 5c 24 30 48 83 c4 20 5f c3 48 8b 01
0x000000001fbbd433:   48 ff a0 b0 00 00 00 cc cc cc cc cc cc 48 8b c1
0x000000001fbbd443:   c3 cc cc cc cc cc cc cc cc cc cc cc cc 40 57 48 


Register to memory mapping:

RAX=0x0000000000000000 is an unknown value
RBX=0x0000000023fe76e0 is an unknown value
RCX=0x00000000196ba9f8 is an unknown value
RDX=0x000000001bcfe528 is a global jni handle
RSP=0x000000001a84f1a8 is an unknown value
RBP=0x0000000023a8b830 is an unknown value
RSI=0x00000000196ba9f8 is an unknown value
RDI=0x000000001a84f238 is an unknown value
R8 =0x0000000023fe7730 is an unknown value
R9 =0x0000000023a9a1e0 is an unknown value
R10=0x000000001a84f210 is an unknown value
R11=0x000000001a84f208 is an unknown value
R12=0x0000000023a8b890 is an unknown value
R13=0x0000000023a8b830 is an unknown value
R14=0x0000000023a8b860 is an unknown value
R15=0x0000000000000000 is an unknown value


Stack: [0x000000001a750000,0x000000001a850000],  sp=0x000000001a84f1a8,  free space=1020k
Native frames: (J=compiled Java code, j=interpreted, Vv=VM code, C=native code)
C  [nativemcl.dll+0xed433]

VM_Operation (0x000000001cb7d1f0): Exit, mode: safepoint, requested by thread 0x000000001bbf7000


---------------  P R O C E S S  ---------------

Java Threads: ( => current thread )
  0x000000001bf29000 JavaThread "MATLAB Compiler Runtime" daemon [_thread_blocked, id=24360, stack(0x00000000257c0000,0x0000000025fc0000)]
  0x000000001bbf7000 JavaThread "AWT-EventQueue-0" [_thread_blocked, id=3180, stack(0x000000001ca80000,0x000000001cb80000)]
  0x000000001bb8d800 JavaThread "AWT-Shutdown" [_thread_blocked, id=26728, stack(0x000000001c520000,0x000000001c620000)]
  0x000000001bb3e800 JavaThread "Java2D Disposer" daemon [_thread_blocked, id=26872, stack(0x000000001c300000,0x000000001c400000)]
  0x000000001ac1b800 JavaThread "Service Thread" daemon [_thread_blocked, id=23504, stack(0x000000001b7d0000,0x000000001b8d0000)]
  0x000000001972a000 JavaThread "C1 CompilerThread2" daemon [_thread_blocked, id=19728, stack(0x000000001b650000,0x000000001b750000)]
  0x0000000019729000 JavaThread "C2 CompilerThread1" daemon [_thread_blocked, id=9828, stack(0x000000001b300000,0x000000001b400000)]
  0x000000001ab97800 JavaThread "C2 CompilerThread0" daemon [_thread_blocked, id=7644, stack(0x000000001b430000,0x000000001b530000)]
  0x000000001ab8c000 JavaThread "Attach Listener" daemon [_thread_blocked, id=14620, stack(0x000000001b1c0000,0x000000001b2c0000)]
  0x000000001ab8b000 JavaThread "Signal Dispatcher" daemon [_thread_blocked, id=28468, stack(0x000000001b020000,0x000000001b120000)]
  0x00000000196c7000 JavaThread "Finalizer" daemon [_thread_blocked, id=15692, stack(0x000000001aa80000,0x000000001ab80000)]
  0x00000000196c0000 JavaThread "Reference Handler" daemon [_thread_blocked, id=25988, stack(0x000000001a8e0000,0x000000001a9e0000)]
  0x000000000037e000 JavaThread "main" [_thread_in_native, id=24452, stack(0x00000000023c0000,0x00000000024c0000)]

Other Threads:
=>0x00000000196ba800 VMThread [stack: 0x000000001a750000,0x000000001a850000] [id=28000]

VM state:at safepoint (shutting down)

VM Mutex/Monitor currently owned by a thread:  ([mutex/lock_event])
[0x000000000037c680] Threads_lock - owner thread: 0x00000000196ba800

Heap:
 PSYoungGen      total 57344K, used 24788K [0x0000000780a00000, 0x0000000784a00000, 0x00000007c0000000)
  eden space 49152K, 50% used [0x0000000780a00000,0x0000000782235340,0x0000000783a00000)
  from space 8192K, 0% used [0x0000000784200000,0x0000000784200000,0x0000000784a00000)
  to   space 8192K, 0% used [0x0000000783a00000,0x0000000783a00000,0x0000000784200000)
 ParOldGen       total 131072K, used 0K [0x0000000701e00000, 0x0000000709e00000, 0x0000000780a00000)
  object space 131072K, 0% used [0x0000000701e00000,0x0000000701e00000,0x0000000709e00000)
 Metaspace       used 14324K, capacity 14630K, committed 14720K, reserved 1062912K
  class space    used 1765K, capacity 1830K, committed 1920K, reserved 1048576K

Card table byte_map: [0x0000000011880000,0x0000000011e80000] byte_map_base: 0x000000000e071000

Marking Bits: (ParMarkBitMap*) 0x0000000051eea5b0
 Begin Bits: [0x0000000012820000, 0x00000000157a8000)
 End Bits:   [0x00000000157a8000, 0x0000000018730000)

Polling page: 0x0000000000210000

CodeCache: size=245760Kb used=3455Kb max_used=3455Kb free=242304Kb
 bounds [0x00000000024c0000, 0x0000000002830000, 0x00000000114c0000]
 total_blobs=1501 nmethods=957 adapters=457
 compilation: enabled

Compilation events (10 events):
Event: 1.893 Thread 0x000000001972a000 nmethod 951 0x0000000002802590 code [0x00000000028026e0, 0x00000000028027f0]
Event: 1.893 Thread 0x000000001972a000  952       1       java.net.Parts::getRef (5 bytes)
Event: 1.893 Thread 0x000000001972a000 nmethod 952 0x00000000027d9e10 code [0x00000000027d9f60, 0x00000000027da070]
Event: 1.893 Thread 0x000000001972a000  954   !   3       sun.net.www.ParseUtil::decode (316 bytes)
Event: 1.895 Thread 0x0000000019729000  957       4       java.lang.Math::min (11 bytes)
Event: 1.896 Thread 0x0000000019729000 nmethod 957 0x000000000280e190 code [0x000000000280e2c0, 0x000000000280e318]
Event: 1.896 Thread 0x000000001972a000 nmethod 954 0x000000000281ee90 code [0x000000000281f380, 0x0000000002822a98]
Event: 1.896 Thread 0x000000001972a000  955       3       java.util.zip.ZipEntry::<init> (43 bytes)
Event: 1.896 Thread 0x000000001972a000 nmethod 955 0x000000000280dd90 code [0x000000000280dee0, 0x000000000280e0f0]
Event: 1.896 Thread 0x000000001972a000  956       3       java.util.zip.ZipEntry::setExtra0 (360 bytes)

GC Heap History (0 events):
No events

Deoptimization events (3 events):
Event: 0.756 Thread 0x000000000037e000 Uncommon trap: reason=unstable_if action=reinterpret pc=0x000000000271f6c0 method=java.util.HashMap.getNode(ILjava/lang/Object;)Ljava/util/HashMap$Node; @ 62
Event: 0.756 Thread 0x000000000037e000 Uncommon trap: reason=unstable_if action=reinterpret pc=0x00000000026edc0c method=java.util.HashMap.getNode(ILjava/lang/Object;)Ljava/util/HashMap$Node; @ 62
Event: 1.837 Thread 0x000000001bf29000 Uncommon trap: reason=unstable_if action=reinterpret pc=0x00000000027c1e7c method=sun.misc.URLClassPath.getLoader(I)Lsun/misc/URLClassPath$Loader; @ 36

Internal exceptions (10 events):
Event: 1.893 Thread 0x000000001bf29000 Exception <a 'java/security/PrivilegedActionException'> (0x00000007821efcc0) thrown at [C:\workspace\8-2-build-windows-amd64-cygwin\jdk8u65\4987\hotspot\src\share\vm\prims\jvm.cpp, line 1386]
Event: 1.893 Thread 0x000000001bf29000 Exception <a 'java/security/PrivilegedActionException'> (0x00000007821efed0) thrown at [C:\workspace\8-2-build-windows-amd64-cygwin\jdk8u65\4987\hotspot\src\share\vm\prims\jvm.cpp, line 1386]
Event: 1.894 Thread 0x000000001bf29000 Exception <a 'java/security/PrivilegedActionException'> (0x00000007821f6118) thrown at [C:\workspace\8-2-build-windows-amd64-cygwin\jdk8u65\4987\hotspot\src\share\vm\prims\jvm.cpp, line 1386]
Event: 1.894 Thread 0x000000001bf29000 Exception <a 'java/security/PrivilegedActionException'> (0x00000007821f6328) thrown at [C:\workspace\8-2-build-windows-amd64-cygwin\jdk8u65\4987\hotspot\src\share\vm\prims\jvm.cpp, line 1386]
Event: 1.894 Thread 0x000000001bf29000 Exception <a 'java/security/PrivilegedActionException'> (0x00000007821f71d0) thrown at [C:\workspace\8-2-build-windows-amd64-cygwin\jdk8u65\4987\hotspot\src\share\vm\prims\jvm.cpp, line 1386]
Event: 1.894 Thread 0x000000001bf29000 Exception <a 'java/security/PrivilegedActionException'> (0x00000007821f73e0) thrown at [C:\workspace\8-2-build-windows-amd64-cygwin\jdk8u65\4987\hotspot\src\share\vm\prims\jvm.cpp, line 1386]
Event: 1.894 Thread 0x000000001bf29000 Exception <a 'java/security/PrivilegedActionException'> (0x00000007821f8198) thrown at [C:\workspace\8-2-build-windows-amd64-cygwin\jdk8u65\4987\hotspot\src\share\vm\prims\jvm.cpp, line 1386]
Event: 1.894 Thread 0x000000001bf29000 Exception <a 'java/security/PrivilegedActionException'> (0x00000007821f83a8) thrown at [C:\workspace\8-2-build-windows-amd64-cygwin\jdk8u65\4987\hotspot\src\share\vm\prims\jvm.cpp, line 1386]
Event: 1.895 Thread 0x000000001bf29000 Exception <a 'java/security/PrivilegedActionException'> (0x00000007821f92a8) thrown at [C:\workspace\8-2-build-windows-amd64-cygwin\jdk8u65\4987\hotspot\src\share\vm\prims\jvm.cpp, line 1386]
Event: 1.895 Thread 0x000000001bf29000 Exception <a 'java/security/PrivilegedActionException'> (0x00000007821f94b8) thrown at [C:\workspace\8-2-build-windows-amd64-cygwin\jdk8u65\4987\hotspot\src\share\vm\prims\jvm.cpp, line 1386]

Events (10 events):
Event: 1.861 Thread 0x000000001bf29000 DEOPT PACKING pc=0x00000000027cee4f sp=0x0000000025fbd180
Event: 1.861 Thread 0x000000001bf29000 DEOPT UNPACKING pc=0x000000000250787f sp=0x0000000025fbcea8 mode 0
Event: 1.862 Thread 0x000000001bf29000 DEOPT PACKING pc=0x00000000027cee4f sp=0x0000000025fbd180
Event: 1.862 Thread 0x000000001bf29000 DEOPT UNPACKING pc=0x000000000250787f sp=0x0000000025fbcea8 mode 0
Event: 1.863 Thread 0x000000001bf29000 DEOPT PACKING pc=0x00000000027cee4f sp=0x0000000025fbd180
Event: 1.863 Thread 0x000000001bf29000 DEOPT UNPACKING pc=0x000000000250787f sp=0x0000000025fbcea8 mode 0
Event: 1.865 loading class com/mathworks/jmi/OpaqueJavaInterface
Event: 1.865 loading class com/mathworks/jmi/OpaqueJavaInterface done
Event: 1.896 Thread 0x000000001bf28800 Thread exited: 0x000000001bf28800
Event: 1.896 Executing VM operation: Exit


Dynamic libraries:
0x000000013f450000 - 0x000000013f487000 	C:\Program Files\Java\jdk1.8.0_65\bin\javaw.exe
0x0000000077860000 - 0x0000000077a0a000 	C:\Windows\SYSTEM32\ntdll.dll
0x0000000077640000 - 0x000000007775f000 	C:\Windows\system32\kernel32.dll
0x000007fefd840000 - 0x000007fefd8aa000 	C:\Windows\system32\KERNELBASE.dll
0x000007fefd950000 - 0x000007fefda2b000 	C:\Windows\system32\ADVAPI32.dll
0x000007fefda40000 - 0x000007fefdadf000 	C:\Windows\system32\msvcrt.dll
0x000007feffa70000 - 0x000007feffa8f000 	C:\Windows\SYSTEM32\sechost.dll
0x000007feff2f0000 - 0x000007feff41d000 	C:\Windows\system32\RPCRT4.dll
0x0000000077760000 - 0x000000007785a000 	C:\Windows\system32\USER32.dll
0x000007fefeba0000 - 0x000007fefec07000 	C:\Windows\system32\GDI32.dll
0x000007fefdae0000 - 0x000007fefdaee000 	C:\Windows\system32\LPK.dll
0x000007feff420000 - 0x000007feff4ea000 	C:\Windows\system32\USP10.dll
0x000007fefbcf0000 - 0x000007fefbee4000 	C:\Windows\WinSxS\amd64_microsoft.windows.common-controls_6595b64144ccf1df_6.0.7601.18837_none_fa3b1e3d17594757\COMCTL32.dll
0x000007feff270000 - 0x000007feff2e1000 	C:\Windows\system32\SHLWAPI.dll
0x000007feff1f0000 - 0x000007feff21e000 	C:\Windows\system32\IMM32.DLL
0x000007fefe900000 - 0x000007fefea09000 	C:\Windows\system32\MSCTF.dll
0x0000000060380000 - 0x0000000060452000 	C:\Program Files\Java\jdk1.8.0_65\jre\bin\msvcr100.dll
0x00000000516e0000 - 0x0000000051f69000 	C:\Program Files\Java\jdk1.8.0_65\jre\bin\server\jvm.dll
0x000007fef9340000 - 0x000007fef9349000 	C:\Windows\system32\WSOCK32.dll
0x000007feff220000 - 0x000007feff26d000 	C:\Windows\system32\WS2_32.dll
0x000007fefda30000 - 0x000007fefda38000 	C:\Windows\system32\NSI.dll
0x000007fefb6b0000 - 0x000007fefb6eb000 	C:\Windows\system32\WINMM.dll
0x000007fefc680000 - 0x000007fefc68c000 	C:\Windows\system32\VERSION.dll
0x0000000077a30000 - 0x0000000077a37000 	C:\Windows\system32\PSAPI.DLL
0x0000000070a50000 - 0x0000000070a5f000 	C:\Program Files\Java\jdk1.8.0_65\jre\bin\verify.dll
0x0000000070950000 - 0x0000000070979000 	C:\Program Files\Java\jdk1.8.0_65\jre\bin\java.dll
0x00000000708e0000 - 0x00000000708f6000 	C:\Program Files\Java\jdk1.8.0_65\jre\bin\zip.dll
0x000007fefdaf0000 - 0x000007fefe87a000 	C:\Windows\system32\SHELL32.dll
0x000007feff590000 - 0x000007feff793000 	C:\Windows\system32\ole32.dll
0x000007fefd5a0000 - 0x000007fefd5af000 	C:\Windows\system32\profapi.dll
0x000000005fd80000 - 0x000000005ff18000 	C:\Program Files\Java\jdk1.8.0_65\jre\bin\awt.dll
0x000007feffa90000 - 0x000007feffb6a000 	C:\Windows\system32\OLEAUT32.dll
0x000007fefb5c0000 - 0x000007fefb5d8000 	C:\Windows\system32\DWMAPI.DLL
0x000007fefbb40000 - 0x000007fefbb96000 	C:\Windows\system32\uxtheme.dll
0x000007fefaa00000 - 0x000007fefaa49000 	C:\Program Files (x86)\TeamViewer\tv_x64.dll
0x000007fefd3f0000 - 0x000007fefd3ff000 	C:\Windows\system32\CRYPTBASE.dll
0x00000000710a0000 - 0x00000000710e7000 	C:\Program Files\Java\jdk1.8.0_65\jre\bin\fontmanager.dll
0x000007feff4f0000 - 0x000007feff589000 	C:\Windows\system32\CLBCatQ.DLL
0x000007fefb2d0000 - 0x000007fefb431000 	C:\Windows\system32\WindowsCodecs.dll
0x000007fefd390000 - 0x000007fefd3e7000 	C:\Windows\system32\apphelp.dll
0x000007feee5f0000 - 0x000007feee830000 	C:\PROGRA~1\MICROS~1\Office15\GROOVEEX.DLL
0x0000000074da0000 - 0x0000000074e38000 	C:\Windows\system32\MSVCP100.dll
0x0000000067890000 - 0x00000000678bb000 	C:\Windows\system32\ATL100.DLL
0x000007fef6000000 - 0x000007fef631e000 	C:\Windows\system32\msi.dll
0x000007feebd90000 - 0x000007feec5ef000 	C:\PROGRA~1\MICROS~1\Office15\1028\GrooveIntlResource.dll
0x000007fef7340000 - 0x000007fef7375000 	C:\Windows\system32\EhStorShell.dll
0x000007fefeef0000 - 0x000007feff0c7000 	C:\Windows\system32\SETUPAPI.dll
0x000007fefd7f0000 - 0x000007fefd826000 	C:\Windows\system32\CFGMGR32.dll
0x000007fefd930000 - 0x000007fefd94a000 	C:\Windows\system32\DEVOBJ.dll
0x000007fefbbc0000 - 0x000007fefbcec000 	C:\Windows\system32\PROPSYS.dll
0x000007fef5ad0000 - 0x000007fef5b4e000 	C:\Windows\System32\cscui.dll
0x000007fefb510000 - 0x000007fefb51c000 	C:\Windows\System32\CSCDLL.dll
0x000007fef8080000 - 0x000007fef808f000 	C:\Windows\system32\CSCAPI.dll
0x000007fef5380000 - 0x000007fef5400000 	C:\Windows\system32\ntshrui.dll
0x000007fefcfa0000 - 0x000007fefcfc3000 	C:\Windows\system32\srvcli.dll
0x000007fefaea0000 - 0x000007fefaeab000 	C:\Windows\system32\slc.dll
0x00000000708c0000 - 0x00000000708da000 	C:\Program Files\Java\jdk1.8.0_65\jre\bin\net.dll
0x000007fefcc70000 - 0x000007fefccc5000 	C:\Windows\system32\mswsock.dll
0x000007fefcc60000 - 0x000007fefcc67000 	C:\Windows\System32\wship6.dll
0x00000000708a0000 - 0x00000000708b1000 	C:\Program Files\Java\jdk1.8.0_65\jre\bin\nio.dll
0x0000000072430000 - 0x0000000072472000 	C:\Program Files\Java\jdk1.8.0_65\jre\bin\t2k.dll
0x000007fefaec0000 - 0x000007fefaed5000 	C:\Windows\system32\NLAapi.dll
0x000007fef87a0000 - 0x000007fef87b5000 	C:\Windows\system32\napinsp.dll
0x000007fef8760000 - 0x000007fef8779000 	C:\Windows\system32\pnrpnsp.dll
0x000007fefcaf0000 - 0x000007fefcb4b000 	C:\Windows\system32\DNSAPI.dll
0x000007fef8740000 - 0x000007fef874b000 	C:\Windows\System32\winrnr.dll
0x0000000072b00000 - 0x0000000072b26000 	C:\Program Files\Bonjour\mdnsNSP.dll
0x000007fefa2e0000 - 0x000007fefa307000 	C:\Windows\system32\Iphlpapi.DLL
0x000007fefa2d0000 - 0x000007fefa2db000 	C:\Windows\system32\WINNSI.DLL
0x000007fefc750000 - 0x000007fefc757000 	C:\Windows\System32\wshtcpip.dll
0x000007fef8b50000 - 0x000007fef8b58000 	C:\Windows\system32\rasadhlp.dll
0x000007fefa130000 - 0x000007fefa183000 	C:\Windows\System32\fwpuclnt.dll
0x0000000180000000 - 0x0000000180034000 	D:\Matlab\bin\win64\BuilderJABootstrap.dll
0x0000000012520000 - 0x000000001252c000 	D:\Matlab\bin\win64\nativedl.dll
0x000007fef7750000 - 0x000007fef77f7000 	C:\Windows\system32\MSVCP110.dll
0x000007fef7670000 - 0x000007fef7744000 	C:\Windows\system32\MSVCR110.dll
0x00000000fe7f0000 - 0x00000000fea15000 	D:\Matlab\bin\win64\libmwfl.dll
0x000007fefe880000 - 0x000007fefe899000 	C:\Windows\system32\imagehlp.dll
0x00000000fff00000 - 0x0000000100001000 	D:\Matlab\bin\win64\libmwi18n.dll
0x00000000ffef0000 - 0x00000000ffef9000 	D:\Matlab\bin\win64\libmwresource_core.dll
0x000007fefb470000 - 0x000007fefb47f000 	D:\Matlab\bin\win64\boost_date_time-vc110-mt-1_49.dll
0x000007fef5d50000 - 0x000007fef5d7c000 	D:\Matlab\bin\win64\boost_filesystem-vc110-mt-1_49.dll
0x000007fefb500000 - 0x000007fefb509000 	D:\Matlab\bin\win64\boost_system-vc110-mt-1_49.dll
0x000007fef9a30000 - 0x000007fef9a41000 	D:\Matlab\bin\win64\boost_thread-vc110-mt-1_49.dll
0x000007fef4150000 - 0x000007fef4175000 	D:\Matlab\bin\win64\LIBEXPAT.dll
0x00000000ff4e0000 - 0x00000000ff6b7000 	D:\Matlab\bin\win64\icuin54.dll
0x000000001e140000 - 0x000000001e296000 	D:\Matlab\bin\win64\icuuc54.dll
0x000000001e2a0000 - 0x000000001facc000 	D:\Matlab\bin\win64\icudt54.dll
0x000000006fd10000 - 0x000000006fd21000 	D:\Matlab\bin\win64\icuio54.dll
0x000007fef15c0000 - 0x000007fef1648000 	D:\Matlab\bin\win64\boost_log-vc110-mt-1_49.dll
0x000007feef690000 - 0x000007feef76d000 	D:\Matlab\bin\win64\boost_regex-vc110-mt-1_49.dll
0x000007fef3f60000 - 0x000007fef3fa5000 	D:\Matlab\bin\win64\boost_serialization-vc110-mt-1_49.dll
0x000007fef4190000 - 0x000007fef41a1000 	D:\Matlab\bin\win64\boost_signals-vc110-mt-1_49.dll
0x000007fef40d0000 - 0x000007fef410f000 	D:\Matlab\bin\win64\tbb.dll
0x000007fefc400000 - 0x000007fefc42c000 	C:\Windows\system32\POWRPROF.dll
0x000000001fad0000 - 0x000000001fde5000 	D:\Matlab\bin\win64\nativemcl.dll
0x000000001dbe0000 - 0x000000001dcaa000 	D:\Matlab\bin\win64\libut.dll
0x00000000fe100000 - 0x00000000fe2b2000 	D:\Matlab\bin\win64\libmx.dll
0x000007fef4030000 - 0x000007fef4070000 	D:\Matlab\bin\win64\tbbmalloc.dll
0x000000006fcf0000 - 0x000000006fd07000 	D:\Matlab\bin\win64\zlib1.dll
0x000000001fdf0000 - 0x00000000202f3000 	D:\Matlab\bin\win64\libmwservices.dll
0x00000000126f0000 - 0x0000000012707000 	D:\Matlab\bin\win64\display_device.dll
0x00000000fe090000 - 0x00000000fe0e0000 	D:\Matlab\bin\win64\libmwregexp.dll
0x000000001af80000 - 0x000000001afd5000 	D:\Matlab\bin\win64\mpath.dll
0x0000000020300000 - 0x00000000206cf000 	D:\Matlab\bin\win64\libmwms.dll
0x000007fefadc0000 - 0x000007fefadd0000 	D:\Matlab\bin\win64\boost_iostreams-vc110-mt-1_49.dll
0x00000000fd610000 - 0x00000000fda54000 	D:\Matlab\bin\win64\mlutil.dll
0x00000000206d0000 - 0x00000000209ff000 	D:\Matlab\bin\win64\settingscore.dll
0x00000000fd590000 - 0x00000000fd609000 	D:\Matlab\bin\win64\xmlcore.dll
0x0000000020a00000 - 0x0000000020c63000 	D:\Matlab\bin\win64\xerces-c_3_1.dll
0x00000000fd310000 - 0x00000000fd316000 	D:\Matlab\bin\win64\libmwnativedisplay.dll
0x000000001b120000 - 0x000000001b17a000 	D:\Matlab\bin\win64\opccore.dll
0x00000000fd1e0000 - 0x00000000fd2f9000 	D:\Matlab\bin\win64\opcmodel.dll
0x0000000020c70000 - 0x0000000020ee1000 	D:\Matlab\bin\win64\libmwflnetwork.dll
0x00000000fd1b0000 - 0x00000000fd1db000 	D:\Matlab\bin\win64\opczippackage.dll
0x000000006fce0000 - 0x000000006fcef000 	D:\Matlab\bin\win64\libminizip.dll
0x0000000020ef0000 - 0x0000000021088000 	D:\Matlab\bin\win64\opcmwservices.dll
0x000000001a6f0000 - 0x000000001a70f000 	D:\Matlab\bin\win64\webproxy.dll
0x000007fef7490000 - 0x000007fef7501000 	C:\Windows\system32\WINHTTP.dll
0x000007fef7420000 - 0x000007fef7485000 	C:\Windows\system32\webio.dll
0x000007feff0d0000 - 0x000007feff167000 	C:\Windows\system32\COMDLG32.dll
0x000007fefaf40000 - 0x000007fefaf56000 	C:\Windows\system32\NETAPI32.dll
0x000007fefaf10000 - 0x000007fefaf1c000 	C:\Windows\system32\netutils.dll
0x000007fefaef0000 - 0x000007fefaf05000 	C:\Windows\system32\wkscli.dll
0x000007feed5a0000 - 0x000007feed78e000 	D:\Matlab\bin\win64\PocoFoundation64.dll
0x000007feef230000 - 0x000007feef34f000 	D:\Matlab\bin\win64\PocoNet64.dll
0x000007fef3c10000 - 0x000007fef3c59000 	D:\Matlab\bin\win64\PocoNetSSL64.dll
0x000007feef0a0000 - 0x000007feef229000 	D:\Matlab\bin\win64\LIBEAY32.dll

VM Arguments:
jvm_args: -Dfile.encoding=UTF-8 
java_command: SocketServer
java_class_path (initial): C:\Users\admin\workspace\SoundSocketServer4\bin;C:\Users\admin\workspace\SoundSocketServer4\jar\javabuilder.jar;C:\Users\admin\workspace\SoundSocketServer4\jar\MatlabSubFunction.jar;C:\Users\admin\workspace\SoundSocketServer4\jar\mysql-connector-java-5.1.40-bin.jar;C:\Users\admin\workspace\SoundSocketServer4\jar\jfreechart-1.0.19.jar;C:\Users\admin\workspace\SoundSocketServer4\jar\jcommon-1.0.23.jar
Launcher Type: SUN_STANDARD

Environment Variables:
JAVA_HOME=C:\Program Files\Java\jdk1.7.0_79
CLASSPATH=D:\Matlab\toolbox\javabuilder\javabuilder.jar;D:\javabuilder_example\aa\for_testing\aa.jar
PATH=D:\Matlab\bin\win64;C:\Program Files\Java\jdk1.8.0_65\jre\bin\server;C:\Program Files\Java\jdk1.8.0_65\jre\bin;C:\Program Files\Java\jdk1.8.0_65\jre\lib\amd64;C:\ProgramData\Oracle\Java\javapath;C:\Program Files (x86)\Intel\iCLS Client\;C:\Program Files\Intel\iCLS Client\;C:\Windows\system32;C:\Windows;C:\Windows\System32\Wbem;C:\Windows\System32\WindowsPowerShell\v1.0\;C:\Program Files\Intel\Intel(R) Management Engine Components\DAL;C:\Program Files (x86)\Intel\Intel(R) Management Engine Components\DAL;C:\Program Files\Intel\Intel(R) Management Engine Components\IPT;C:\Program Files (x86)\Intel\Intel(R) Management Engine Components\IPT;C:\Windows\system32\config\systemprofile\.dnx\bin;C:\Program Files\Microsoft DNX\Dnvm\;C:\Program Files (x86)\Windows Kits\8.1\Windows Performance Toolkit\;C:\Program Files\Java\jdk1.8.0_65\bin;D:\Matlab\runtime\win64;D:\Matlab\bin;D:\Matlab\polyspace\bin;C:\Program Files (x86)\Skype\Phone\;C:\Users\admin\Desktop
USERNAME=admin
OS=Windows_NT
PROCESSOR_IDENTIFIER=Intel64 Family 6 Model 60 Stepping 3, GenuineIntel



---------------  S Y S T E M  ---------------

OS: Windows 7 , 64 bit Build 7601 (6.1.7601.23569)

CPU:total 4 (4 cores per cpu, 1 threads per core) family 6 model 60 stepping 3, cmov, cx8, fxsr, mmx, sse, sse2, sse3, ssse3, sse4.1, sse4.2, popcnt, avx, avx2, aes, clmul, erms, rtm, lzcnt, tsc, tscinvbit, bmi1, bmi2

Memory: 4k page, physical 12452928k(2037768k free), swap 24903996k(11413844k free)

vm_info: Java HotSpot(TM) 64-Bit Server VM (25.65-b01) for windows-amd64 JRE (1.8.0_65-b17), built on Oct  6 2015 16:39:20 by "java_re" with MS VC++ 10.0 (VS2010)

time: Fri Dec 09 20:04:31 2016
elapsed time: 2 seconds (0d 0h 0m 2s)

