#
# A fatal error has been detected by the Java Runtime Environment:
#
#  EXCEPTION_ACCESS_VIOLATION (0xc0000005) at pc=0x000000001f85d433, pid=24592, tid=17248
#
# JRE version: Java(TM) SE Runtime Environment (8.0_65-b17) (build 1.8.0_65-b17)
# Java VM: Java HotSpot(TM) 64-Bit Server VM (25.65-b01 mixed mode windows-amd64 compressed oops)
# Problematic frame:
# C  [nativemcl.dll+0xed433]
#
# Failed to write core dump. Minidumps are not enabled by default on client versions of Windows
#
# If you would like to submit a bug report, please visit:
#   http://bugreport.java.com/bugreport/crash.jsp
#

---------------  T H R E A D  ---------------

Current thread (0x000000001973a800):  VMThread [stack: 0x000000001a760000,0x000000001a860000] [id=17248]

siginfo: ExceptionCode=0xc0000005, reading address 0x00000000000000b0

Registers:
RAX=0x0000000000000000, RBX=0x0000000023b7d2c0, RCX=0x000000001973a9f8, RDX=0x000000001b971920
RSP=0x000000001a85ed58, RBP=0x00000000235e3fe0, RSI=0x000000001973a9f8, RDI=0x000000001a85ede8
R8 =0x0000000023b7d310, R9 =0x000000002366b850, R10=0x000000001a85edc0, R11=0x000000001a85edb8
R12=0x00000000235e4040, R13=0x00000000235e3fe0, R14=0x00000000235e4010, R15=0x0000000000000000
RIP=0x000000001f85d433, EFLAGS=0x0000000000010206

Top of Stack: (sp=0x000000001a85ed58)
0x000000001a85ed58:   000000001f85c64a 0000000023b7d2c0
0x000000001a85ed68:   000000001c0a99b8 0000000023b7d2c0
0x000000001a85ed78:   000000002366c950 fffffffffffffffe
0x000000001a85ed88:   000000001f9c40a1 000000001f86c390
0x000000001a85ed98:   00000000706d6490 656a624f5f676e61
0x000000001a85eda8:   00004949325f7463 0000000000000001
0x000000001a85edb8:   000000001f86bdd5 000000001973a9f8
0x000000001a85edc8:   0000000023b7d2c0 fffffffffffffffe
0x000000001a85edd8:   000000001c0a99b8 fffffffffffffffe
0x000000001a85ede8:   000000001f85d430 000000001b971920
0x000000001a85edf8:   000000001c092803 000000001c0a99b8
0x000000001a85ee08:   000000001f86e2fc 0000000023b7d2c0
0x000000001a85ee18:   000000001c0a99b0 fffffffffffffffe
0x000000001a85ee28:   0000000002000002 fffffffffffffffe
0x000000001a85ee38:   0000000000000001 0000000000000000
0x000000001a85ee48:   000000001c092888 000000001c0a99b0 

Instructions: (pc=0x000000001f85d433)
0x000000001f85d413:   15 00 f6 c3 01 74 08 48 8b cf e8 c0 20 12 00 48
0x000000001f85d423:   8b c7 48 8b 5c 24 30 48 83 c4 20 5f c3 48 8b 01
0x000000001f85d433:   48 ff a0 b0 00 00 00 cc cc cc cc cc cc 48 8b c1
0x000000001f85d443:   c3 cc cc cc cc cc cc cc cc cc cc cc cc 40 57 48 


Register to memory mapping:

RAX=0x0000000000000000 is an unknown value
RBX=0x0000000023b7d2c0 is an unknown value
RCX=0x000000001973a9f8 is an unknown value
RDX=0x000000001b971920 is a global jni handle
RSP=0x000000001a85ed58 is an unknown value
RBP=0x00000000235e3fe0 is an unknown value
RSI=0x000000001973a9f8 is an unknown value
RDI=0x000000001a85ede8 is an unknown value
R8 =0x0000000023b7d310 is an unknown value
R9 =0x000000002366b850 is an unknown value
R10=0x000000001a85edc0 is an unknown value
R11=0x000000001a85edb8 is an unknown value
R12=0x00000000235e4040 is an unknown value
R13=0x00000000235e3fe0 is an unknown value
R14=0x00000000235e4010 is an unknown value
R15=0x0000000000000000 is an unknown value


Stack: [0x000000001a760000,0x000000001a860000],  sp=0x000000001a85ed58,  free space=1019k
Native frames: (J=compiled Java code, j=interpreted, Vv=VM code, C=native code)
C  [nativemcl.dll+0xed433]

VM_Operation (0x000000001cacceb0): Exit, mode: safepoint, requested by thread 0x000000001b962800


---------------  P R O C E S S  ---------------

Java Threads: ( => current thread )
  0x000000001babd800 JavaThread "Connector Runnable" daemon [_thread_blocked, id=7244, stack(0x000000002bbe0000,0x000000002bce0000)]
  0x000000001baba800 JavaThread "EventMgr Dispatcher" daemon [_thread_in_native, id=25272, stack(0x000000002a840000,0x000000002a940000)]
  0x000000001bab9000 JavaThread "MATLAB Compiler Runtime" daemon [_thread_blocked, id=20048, stack(0x0000000025280000,0x0000000025a80000)]
  0x000000001b962800 JavaThread "AWT-EventQueue-0" [_thread_blocked, id=18400, stack(0x000000001c9d0000,0x000000001cad0000)]
  0x000000001b8b9000 JavaThread "AWT-Shutdown" [_thread_blocked, id=24456, stack(0x000000001c0b0000,0x000000001c1b0000)]
  0x000000001b8b8000 JavaThread "Java2D Disposer" daemon [_thread_blocked, id=23592, stack(0x000000001b600000,0x000000001b700000)]
  0x000000001abd7000 JavaThread "Service Thread" daemon [_thread_blocked, id=24940, stack(0x000000001b4e0000,0x000000001b5e0000)]
  0x000000001ab5c000 JavaThread "C1 CompilerThread2" daemon [_thread_blocked, id=15292, stack(0x000000001b340000,0x000000001b440000)]
  0x00000000197ae000 JavaThread "C2 CompilerThread1" daemon [_thread_blocked, id=13776, stack(0x000000001b240000,0x000000001b340000)]
  0x000000001ab47800 JavaThread "C2 CompilerThread0" daemon [_thread_blocked, id=12444, stack(0x000000001a650000,0x000000001a750000)]
  0x000000001ab3c000 JavaThread "Attach Listener" daemon [_thread_blocked, id=13756, stack(0x000000001b0f0000,0x000000001b1f0000)]
  0x000000001ab3b000 JavaThread "Signal Dispatcher" daemon [_thread_blocked, id=23560, stack(0x000000001af70000,0x000000001b070000)]
  0x0000000019747000 JavaThread "Finalizer" daemon [_thread_blocked, id=21244, stack(0x000000001aa30000,0x000000001ab30000)]
  0x0000000019740000 JavaThread "Reference Handler" daemon [_thread_blocked, id=15508, stack(0x000000001a8b0000,0x000000001a9b0000)]
  0x000000000207e000 JavaThread "main" [_thread_in_native, id=16160, stack(0x00000000021f0000,0x00000000022f0000)]

Other Threads:
=>0x000000001973a800 VMThread [stack: 0x000000001a760000,0x000000001a860000] [id=17248]

VM state:at safepoint (shutting down)

VM Mutex/Monitor currently owned by a thread:  ([mutex/lock_event])
[0x000000000207c580] Threads_lock - owner thread: 0x000000001973a800

Heap:
 PSYoungGen      total 57344K, used 49152K [0x0000000780a00000, 0x0000000784a00000, 0x00000007c0000000)
  eden space 49152K, 100% used [0x0000000780a00000,0x0000000783a00000,0x0000000783a00000)
  from space 8192K, 0% used [0x0000000784200000,0x0000000784200000,0x0000000784a00000)
  to   space 8192K, 0% used [0x0000000783a00000,0x0000000783a00000,0x0000000784200000)
 ParOldGen       total 131072K, used 0K [0x0000000701e00000, 0x0000000709e00000, 0x0000000780a00000)
  object space 131072K, 0% used [0x0000000701e00000,0x0000000701e00000,0x0000000709e00000)
 Metaspace       used 13201K, capacity 13522K, committed 13568K, reserved 1060864K
  class space    used 1664K, capacity 1755K, committed 1792K, reserved 1048576K

Card table byte_map: [0x00000000116b0000,0x0000000011cb0000] byte_map_base: 0x000000000dea1000

Marking Bits: (ParMarkBitMap*) 0x000000007074a5b0
 Begin Bits: [0x00000000128a0000, 0x0000000015828000)
 End Bits:   [0x0000000015828000, 0x00000000187b0000)

Polling page: 0x00000000001a0000

CodeCache: size=245760Kb used=3720Kb max_used=3732Kb free=242039Kb
 bounds [0x00000000022f0000, 0x00000000026a0000, 0x00000000112f0000]
 total_blobs=1536 nmethods=1026 adapters=423
 compilation: enabled

Compilation events (10 events):
Event: 1.838 Thread 0x00000000197ae000 1021 %     4       sun.misc.URLClassPath::getResource @ 46 (83 bytes)
Event: 1.839 Thread 0x00000000197ae000 nmethod 1021% 0x00000000026913d0 code [0x0000000002691540, 0x0000000002691738]
Event: 1.840 Thread 0x000000001ab5c000 1022       3       java.lang.ThreadLocal::get (38 bytes)
Event: 1.840 Thread 0x000000001ab5c000 nmethod 1022 0x0000000002690d10 code [0x0000000002690ea0, 0x0000000002691228]
Event: 1.843 Thread 0x000000001ab5c000 1023       3       java.util.jar.Manifest::getAttributes (14 bytes)
Event: 1.843 Thread 0x000000001ab5c000 nmethod 1023 0x0000000002690710 code [0x0000000002690880, 0x0000000002690ba8]
Event: 1.854 Thread 0x000000001ab5c000 1024       3       java.lang.Throwable::<init> (39 bytes)
Event: 1.854 Thread 0x000000001ab5c000 nmethod 1024 0x0000000002692110 code [0x00000000026922a0, 0x0000000002692868]
Event: 1.856 Thread 0x000000001ab47800 1025       4       sun.misc.URLClassPath::getResource (83 bytes)
Event: 1.859 Thread 0x000000001ab47800 nmethod 1025 0x00000000026975d0 code [0x0000000002697760, 0x0000000002697d40]

GC Heap History (0 events):
No events

Deoptimization events (8 events):
Event: 1.689 Thread 0x000000001bab9000 Uncommon trap: reason=unstable_if action=reinterpret pc=0x00000000025a50b0 method=java.net.URLStreamHandler.sameFile(Ljava/net/URL;Ljava/net/URL;)Z @ 8
Event: 1.698 Thread 0x000000001bab9000 Uncommon trap: reason=unstable_if action=reinterpret pc=0x00000000025a1920 method=java.net.URLStreamHandler.sameFile(Ljava/net/URL;Ljava/net/URL;)Z @ 8
Event: 1.700 Thread 0x000000001bab9000 Uncommon trap: reason=unstable_if action=reinterpret pc=0x00000000025b002c method=java.net.URLStreamHandler.sameFile(Ljava/net/URL;Ljava/net/URL;)Z @ 8
Event: 1.701 Thread 0x000000001bab9000 Uncommon trap: reason=class_check action=maybe_recompile pc=0x000000000246c910 method=java.lang.String.equals(Ljava/lang/Object;)Z @ 8
Event: 1.701 Thread 0x000000001bab9000 Uncommon trap: reason=class_check action=maybe_recompile pc=0x000000000246c910 method=java.lang.String.equals(Ljava/lang/Object;)Z @ 8
Event: 1.701 Thread 0x000000001bab9000 Uncommon trap: reason=class_check action=maybe_recompile pc=0x000000000246c910 method=java.lang.String.equals(Ljava/lang/Object;)Z @ 8
Event: 1.701 Thread 0x000000001bab9000 Uncommon trap: reason=class_check action=maybe_recompile pc=0x000000000246c910 method=java.lang.String.equals(Ljava/lang/Object;)Z @ 8
Event: 1.809 Thread 0x000000001bab9000 Uncommon trap: reason=unstable_if action=reinterpret pc=0x0000000002561b68 method=java.lang.String.indexOf([CII[CIII)I @ 3

Internal exceptions (10 events):
Event: 1.602 Thread 0x000000001bab9000 Exception <a 'java/security/PrivilegedActionException'> (0x0000000781c0c6b0) thrown at [C:\workspace\8-2-build-windows-amd64-cygwin\jdk8u65\4987\hotspot\src\share\vm\prims\jvm.cpp, line 1386]
Event: 1.602 Thread 0x000000001bab9000 Exception <a 'java/security/PrivilegedActionException'> (0x0000000781c0c8c0) thrown at [C:\workspace\8-2-build-windows-amd64-cygwin\jdk8u65\4987\hotspot\src\share\vm\prims\jvm.cpp, line 1386]
Event: 1.602 Thread 0x000000001bab9000 Exception <a 'java/security/PrivilegedActionException'> (0x0000000781c0d6f0) thrown at [C:\workspace\8-2-build-windows-amd64-cygwin\jdk8u65\4987\hotspot\src\share\vm\prims\jvm.cpp, line 1386]
Event: 1.602 Thread 0x000000001bab9000 Exception <a 'java/security/PrivilegedActionException'> (0x0000000781c0d900) thrown at [C:\workspace\8-2-build-windows-amd64-cygwin\jdk8u65\4987\hotspot\src\share\vm\prims\jvm.cpp, line 1386]
Event: 1.602 Thread 0x000000001bab9000 Exception <a 'java/security/PrivilegedActionException'> (0x0000000781c0e600) thrown at [C:\workspace\8-2-build-windows-amd64-cygwin\jdk8u65\4987\hotspot\src\share\vm\prims\jvm.cpp, line 1386]
Event: 1.602 Thread 0x000000001bab9000 Exception <a 'java/security/PrivilegedActionException'> (0x0000000781c0e810) thrown at [C:\workspace\8-2-build-windows-amd64-cygwin\jdk8u65\4987\hotspot\src\share\vm\prims\jvm.cpp, line 1386]
Event: 1.602 Thread 0x000000001bab9000 Exception <a 'java/security/PrivilegedActionException'> (0x0000000781c0f5a8) thrown at [C:\workspace\8-2-build-windows-amd64-cygwin\jdk8u65\4987\hotspot\src\share\vm\prims\jvm.cpp, line 1386]
Event: 1.603 Thread 0x000000001bab9000 Exception <a 'java/security/PrivilegedActionException'> (0x0000000781c0f7b8) thrown at [C:\workspace\8-2-build-windows-amd64-cygwin\jdk8u65\4987\hotspot\src\share\vm\prims\jvm.cpp, line 1386]
Event: 1.757 Thread 0x000000001bab9000 Exception <a 'java/security/PrivilegedActionException'> (0x000000078289b090) thrown at [C:\workspace\8-2-build-windows-amd64-cygwin\jdk8u65\4987\hotspot\src\share\vm\prims\jvm.cpp, line 1386]
Event: 1.757 Thread 0x000000001bab9000 Exception <a 'java/security/PrivilegedActionException'> (0x000000078289b2a0) thrown at [C:\workspace\8-2-build-windows-amd64-cygwin\jdk8u65\4987\hotspot\src\share\vm\prims\jvm.cpp, line 1386]

Events (10 events):
Event: 1.860 loading class com/mathworks/mvm/eventmgr/DefaultEventMgr
Event: 1.860 loading class com/mathworks/mvm/eventmgr/DefaultEventMgr done
Event: 1.860 loading class com/mathworks/mvm/eventmgr/InvalidEventTypeException
Event: 1.860 loading class com/mathworks/mvm/eventmgr/InvalidEventTypeException done
Event: 1.861 loading class com/mathworks/mvm/MvmWrapper
Event: 1.861 loading class com/mathworks/mvm/MvmWrapper done
Event: 1.862 loading class com/mathworks/mvm/eventmgr/EventListening
Event: 1.862 loading class com/mathworks/mvm/eventmgr/EventListening done
Event: 1.916 Thread 0x000000001babb800 Thread exited: 0x000000001babb800
Event: 1.917 Executing VM operation: Exit


Dynamic libraries:
0x000000013f110000 - 0x000000013f147000 	C:\Program Files\Java\jdk1.8.0_65\bin\javaw.exe
0x0000000077860000 - 0x0000000077a0a000 	C:\Windows\SYSTEM32\ntdll.dll
0x0000000077640000 - 0x000000007775f000 	C:\Windows\system32\kernel32.dll
0x000007fefd840000 - 0x000007fefd8aa000 	C:\Windows\system32\KERNELBASE.dll
0x000007fefd950000 - 0x000007fefda2b000 	C:\Windows\system32\ADVAPI32.dll
0x000007fefda40000 - 0x000007fefdadf000 	C:\Windows\system32\msvcrt.dll
0x000007feffa70000 - 0x000007feffa8f000 	C:\Windows\SYSTEM32\sechost.dll
0x000007feff2f0000 - 0x000007feff41d000 	C:\Windows\system32\RPCRT4.dll
0x0000000077760000 - 0x000000007785a000 	C:\Windows\system32\USER32.dll
0x000007fefeba0000 - 0x000007fefec07000 	C:\Windows\system32\GDI32.dll
0x000007fefdae0000 - 0x000007fefdaee000 	C:\Windows\system32\LPK.dll
0x000007feff420000 - 0x000007feff4ea000 	C:\Windows\system32\USP10.dll
0x000007fefbcf0000 - 0x000007fefbee4000 	C:\Windows\WinSxS\amd64_microsoft.windows.common-controls_6595b64144ccf1df_6.0.7601.18837_none_fa3b1e3d17594757\COMCTL32.dll
0x000007feff270000 - 0x000007feff2e1000 	C:\Windows\system32\SHLWAPI.dll
0x000007feff1f0000 - 0x000007feff21e000 	C:\Windows\system32\IMM32.DLL
0x000007fefe900000 - 0x000007fefea09000 	C:\Windows\system32\MSCTF.dll
0x0000000078c40000 - 0x0000000078d12000 	C:\Program Files\Java\jdk1.8.0_65\jre\bin\msvcr100.dll
0x000000006ff40000 - 0x00000000707c9000 	C:\Program Files\Java\jdk1.8.0_65\jre\bin\server\jvm.dll
0x000007fef9340000 - 0x000007fef9349000 	C:\Windows\system32\WSOCK32.dll
0x000007feff220000 - 0x000007feff26d000 	C:\Windows\system32\WS2_32.dll
0x000007fefda30000 - 0x000007fefda38000 	C:\Windows\system32\NSI.dll
0x000007fefb6b0000 - 0x000007fefb6eb000 	C:\Windows\system32\WINMM.dll
0x000007fefc680000 - 0x000007fefc68c000 	C:\Windows\system32\VERSION.dll
0x0000000077a30000 - 0x0000000077a37000 	C:\Windows\system32\PSAPI.DLL
0x0000000070c80000 - 0x0000000070c8f000 	C:\Program Files\Java\jdk1.8.0_65\jre\bin\verify.dll
0x000000006d810000 - 0x000000006d839000 	C:\Program Files\Java\jdk1.8.0_65\jre\bin\java.dll
0x0000000001b70000 - 0x0000000001b86000 	C:\Program Files\Java\jdk1.8.0_65\jre\bin\zip.dll
0x000007fefdaf0000 - 0x000007fefe87a000 	C:\Windows\system32\SHELL32.dll
0x000007feff590000 - 0x000007feff793000 	C:\Windows\system32\ole32.dll
0x000007fefd5a0000 - 0x000007fefd5af000 	C:\Windows\system32\profapi.dll
0x000000006cc70000 - 0x000000006ce08000 	C:\Program Files\Java\jdk1.8.0_65\jre\bin\awt.dll
0x000007feffa90000 - 0x000007feffb6a000 	C:\Windows\system32\OLEAUT32.dll
0x000007fefb5c0000 - 0x000007fefb5d8000 	C:\Windows\system32\DWMAPI.DLL
0x000007fefbb40000 - 0x000007fefbb96000 	C:\Windows\system32\uxtheme.dll
0x000007fefd3f0000 - 0x000007fefd3ff000 	C:\Windows\system32\CRYPTBASE.dll
0x000000006fbf0000 - 0x000000006fc37000 	C:\Program Files\Java\jdk1.8.0_65\jre\bin\fontmanager.dll
0x000007feff4f0000 - 0x000007feff589000 	C:\Windows\system32\CLBCatQ.DLL
0x000007fefb2d0000 - 0x000007fefb431000 	C:\Windows\system32\WindowsCodecs.dll
0x000007fefd390000 - 0x000007fefd3e7000 	C:\Windows\system32\apphelp.dll
0x000007feee5f0000 - 0x000007feee830000 	C:\PROGRA~1\MICROS~1\Office15\GROOVEEX.DLL
0x0000000074da0000 - 0x0000000074e38000 	C:\Windows\system32\MSVCP100.dll
0x0000000067890000 - 0x00000000678bb000 	C:\Windows\system32\ATL100.DLL
0x000007fef6000000 - 0x000007fef631e000 	C:\Windows\system32\msi.dll
0x000007feebd90000 - 0x000007feec5ef000 	C:\PROGRA~1\MICROS~1\Office15\1028\GrooveIntlResource.dll
0x000007fef7340000 - 0x000007fef7375000 	C:\Windows\system32\EhStorShell.dll
0x000007fefeef0000 - 0x000007feff0c7000 	C:\Windows\system32\SETUPAPI.dll
0x000007fefd7f0000 - 0x000007fefd826000 	C:\Windows\system32\CFGMGR32.dll
0x000007fefd930000 - 0x000007fefd94a000 	C:\Windows\system32\DEVOBJ.dll
0x000007fefbbc0000 - 0x000007fefbcec000 	C:\Windows\system32\PROPSYS.dll
0x000007fef5ad0000 - 0x000007fef5b4e000 	C:\Windows\System32\cscui.dll
0x000007fefb510000 - 0x000007fefb51c000 	C:\Windows\System32\CSCDLL.dll
0x000007fef8080000 - 0x000007fef808f000 	C:\Windows\system32\CSCAPI.dll
0x000007fef5380000 - 0x000007fef5400000 	C:\Windows\system32\ntshrui.dll
0x000007fefcfa0000 - 0x000007fefcfc3000 	C:\Windows\system32\srvcli.dll
0x000007fefaea0000 - 0x000007fefaeab000 	C:\Windows\system32\slc.dll
0x000000006fca0000 - 0x000000006fcba000 	C:\Program Files\Java\jdk1.8.0_65\jre\bin\net.dll
0x000007fefcc70000 - 0x000007fefccc5000 	C:\Windows\system32\mswsock.dll
0x000007fefcc60000 - 0x000007fefcc67000 	C:\Windows\System32\wship6.dll
0x000000006fdb0000 - 0x000000006fdc1000 	C:\Program Files\Java\jdk1.8.0_65\jre\bin\nio.dll
0x000000006f700000 - 0x000000006f742000 	C:\Program Files\Java\jdk1.8.0_65\jre\bin\t2k.dll
0x000007fefaec0000 - 0x000007fefaed5000 	C:\Windows\system32\NLAapi.dll
0x000007fef87a0000 - 0x000007fef87b5000 	C:\Windows\system32\napinsp.dll
0x000007fef8760000 - 0x000007fef8779000 	C:\Windows\system32\pnrpnsp.dll
0x000007fefcaf0000 - 0x000007fefcb4b000 	C:\Windows\system32\DNSAPI.dll
0x000007fef8740000 - 0x000007fef874b000 	C:\Windows\System32\winrnr.dll
0x0000000072b00000 - 0x0000000072b26000 	C:\Program Files\Bonjour\mdnsNSP.dll
0x000007fefa2e0000 - 0x000007fefa307000 	C:\Windows\system32\Iphlpapi.DLL
0x000007fefa2d0000 - 0x000007fefa2db000 	C:\Windows\system32\WINNSI.DLL
0x000007fefc750000 - 0x000007fefc757000 	C:\Windows\System32\wshtcpip.dll
0x000007fef8b50000 - 0x000007fef8b58000 	C:\Windows\system32\rasadhlp.dll
0x000007fefa130000 - 0x000007fefa183000 	C:\Windows\System32\fwpuclnt.dll
0x0000000180000000 - 0x0000000180034000 	D:\Matlab\bin\win64\BuilderJABootstrap.dll
0x000000001a870000 - 0x000000001a87c000 	D:\Matlab\bin\win64\nativedl.dll
0x000007fef7750000 - 0x000007fef77f7000 	C:\Windows\system32\MSVCP110.dll
0x000007fef7670000 - 0x000007fef7744000 	C:\Windows\system32\MSVCR110.dll
0x00000000fe7f0000 - 0x00000000fea15000 	D:\Matlab\bin\win64\libmwfl.dll
0x000007fefe880000 - 0x000007fefe899000 	C:\Windows\system32\imagehlp.dll
0x00000000fff00000 - 0x0000000100001000 	D:\Matlab\bin\win64\libmwi18n.dll
0x00000000ffef0000 - 0x00000000ffef9000 	D:\Matlab\bin\win64\libmwresource_core.dll
0x000007fefadc0000 - 0x000007fefadcf000 	D:\Matlab\bin\win64\boost_date_time-vc110-mt-1_49.dll
0x000007fef1620000 - 0x000007fef164c000 	D:\Matlab\bin\win64\boost_filesystem-vc110-mt-1_49.dll
0x000007fefb200000 - 0x000007fefb209000 	D:\Matlab\bin\win64\boost_system-vc110-mt-1_49.dll
0x000007fef3690000 - 0x000007fef36a1000 	D:\Matlab\bin\win64\boost_thread-vc110-mt-1_49.dll
0x000007fef2820000 - 0x000007fef2845000 	D:\Matlab\bin\win64\LIBEXPAT.dll
0x00000000fef60000 - 0x00000000ff137000 	D:\Matlab\bin\win64\icuin54.dll
0x000000001dc20000 - 0x000000001dd76000 	D:\Matlab\bin\win64\icuuc54.dll
0x000000001dd80000 - 0x000000001f5ac000 	D:\Matlab\bin\win64\icudt54.dll
0x000000006fd10000 - 0x000000006fd21000 	D:\Matlab\bin\win64\icuio54.dll
0x000007fef1360000 - 0x000007fef13e8000 	D:\Matlab\bin\win64\boost_log-vc110-mt-1_49.dll
0x000007feef190000 - 0x000007feef26d000 	D:\Matlab\bin\win64\boost_regex-vc110-mt-1_49.dll
0x000007fef15d0000 - 0x000007fef1615000 	D:\Matlab\bin\win64\boost_serialization-vc110-mt-1_49.dll
0x000007fef38f0000 - 0x000007fef3901000 	D:\Matlab\bin\win64\boost_signals-vc110-mt-1_49.dll
0x000007fef1590000 - 0x000007fef15cf000 	D:\Matlab\bin\win64\tbb.dll
0x000007fefc400000 - 0x000007fefc42c000 	C:\Windows\system32\POWRPROF.dll
0x000000001f770000 - 0x000000001fa85000 	D:\Matlab\bin\win64\nativemcl.dll
0x000000001c690000 - 0x000000001c75a000 	D:\Matlab\bin\win64\libut.dll
0x00000000fe100000 - 0x00000000fe2b2000 	D:\Matlab\bin\win64\libmx.dll
0x000007feef310000 - 0x000007feef350000 	D:\Matlab\bin\win64\tbbmalloc.dll
0x000000006fcf0000 - 0x000000006fd07000 	D:\Matlab\bin\win64\zlib1.dll
0x000000001fa90000 - 0x000000001ff93000 	D:\Matlab\bin\win64\libmwservices.dll
0x000000001af30000 - 0x000000001af47000 	D:\Matlab\bin\win64\display_device.dll
0x00000000fe090000 - 0x00000000fe0e0000 	D:\Matlab\bin\win64\libmwregexp.dll
0x000000001c880000 - 0x000000001c8d5000 	D:\Matlab\bin\win64\mpath.dll
0x000000001ffa0000 - 0x000000002036f000 	D:\Matlab\bin\win64\libmwms.dll
0x000007fef9b80000 - 0x000007fef9b90000 	D:\Matlab\bin\win64\boost_iostreams-vc110-mt-1_49.dll
0x00000000fd610000 - 0x00000000fda54000 	D:\Matlab\bin\win64\mlutil.dll
0x0000000020370000 - 0x000000002069f000 	D:\Matlab\bin\win64\settingscore.dll
0x00000000fd590000 - 0x00000000fd609000 	D:\Matlab\bin\win64\xmlcore.dll
0x00000000206a0000 - 0x0000000020903000 	D:\Matlab\bin\win64\xerces-c_3_1.dll
0x00000000fd310000 - 0x00000000fd316000 	D:\Matlab\bin\win64\libmwnativedisplay.dll
0x000000001d600000 - 0x000000001d65a000 	D:\Matlab\bin\win64\opccore.dll
0x00000000fd1e0000 - 0x00000000fd2f9000 	D:\Matlab\bin\win64\opcmodel.dll
0x0000000020910000 - 0x0000000020b81000 	D:\Matlab\bin\win64\libmwflnetwork.dll
0x00000000fd1b0000 - 0x00000000fd1db000 	D:\Matlab\bin\win64\opczippackage.dll
0x000000006fce0000 - 0x000000006fcef000 	D:\Matlab\bin\win64\libminizip.dll
0x0000000020b90000 - 0x0000000020d28000 	D:\Matlab\bin\win64\opcmwservices.dll
0x000000001af50000 - 0x000000001af6f000 	D:\Matlab\bin\win64\webproxy.dll
0x000007fef7490000 - 0x000007fef7501000 	C:\Windows\system32\WINHTTP.dll
0x000007fef7420000 - 0x000007fef7485000 	C:\Windows\system32\webio.dll
0x000007feff0d0000 - 0x000007feff167000 	C:\Windows\system32\COMDLG32.dll
0x000007fefaf40000 - 0x000007fefaf56000 	C:\Windows\system32\NETAPI32.dll
0x000007fefaf10000 - 0x000007fefaf1c000 	C:\Windows\system32\netutils.dll
0x000007fefaef0000 - 0x000007fefaf05000 	C:\Windows\system32\wkscli.dll
0x000007feed5a0000 - 0x000007feed78e000 	D:\Matlab\bin\win64\PocoFoundation64.dll
0x000007feef070000 - 0x000007feef18f000 	D:\Matlab\bin\win64\PocoNet64.dll
0x000007feef2c0000 - 0x000007feef309000 	D:\Matlab\bin\win64\PocoNetSSL64.dll
0x000007feed410000 - 0x000007feed599000 	D:\Matlab\bin\win64\LIBEAY32.dll
0x000007feeeb40000 - 0x000007feeeb99000 	D:\Matlab\bin\win64\SSLEAY32.dll

VM Arguments:
jvm_args: -Dfile.encoding=UTF-8 
java_command: SocketServer
java_class_path (initial): C:\Users\admin\workspace\SoundSocketServer4\bin;C:\Users\admin\workspace\SoundSocketServer4\jar\javabuilder.jar;C:\Users\admin\workspace\SoundSocketServer4\jar\MatlabSubFunction.jar;C:\Users\admin\workspace\SoundSocketServer4\jar\mysql-connector-java-5.1.40-bin.jar
Launcher Type: SUN_STANDARD

Environment Variables:
JAVA_HOME=C:\Program Files\Java\jdk1.7.0_79
CLASSPATH=D:\Matlab\toolbox\javabuilder\javabuilder.jar;D:\javabuilder_example\aa\for_testing\aa.jar
PATH=D:\Matlab\bin\win64;C:\Program Files\Java\jdk1.8.0_65\jre\bin\server;C:\Program Files\Java\jdk1.8.0_65\jre\bin;C:\Program Files\Java\jdk1.8.0_65\jre\lib\amd64;C:\ProgramData\Oracle\Java\javapath;C:\Program Files (x86)\Intel\iCLS Client\;C:\Program Files\Intel\iCLS Client\;C:\Windows\system32;C:\Windows;C:\Windows\System32\Wbem;C:\Windows\System32\WindowsPowerShell\v1.0\;C:\Program Files\Intel\Intel(R) Management Engine Components\DAL;C:\Program Files (x86)\Intel\Intel(R) Management Engine Components\DAL;C:\Program Files\Intel\Intel(R) Management Engine Components\IPT;C:\Program Files (x86)\Intel\Intel(R) Management Engine Components\IPT;C:\Windows\system32\config\systemprofile\.dnx\bin;C:\Program Files\Microsoft DNX\Dnvm\;C:\Program Files (x86)\Windows Kits\8.1\Windows Performance Toolkit\;C:\Program Files\Java\jdk1.8.0_65\bin;D:\Matlab\runtime\win64;D:\Matlab\bin;D:\Matlab\polyspace\bin;C:\Program Files (x86)\Skype\Phone\;C:\Users\admin\Desktop
USERNAME=admin
OS=Windows_NT
PROCESSOR_IDENTIFIER=Intel64 Family 6 Model 60 Stepping 3, GenuineIntel



---------------  S Y S T E M  ---------------

OS: Windows 7 , 64 bit Build 7601 (6.1.7601.23569)

CPU:total 4 (4 cores per cpu, 1 threads per core) family 6 model 60 stepping 3, cmov, cx8, fxsr, mmx, sse, sse2, sse3, ssse3, sse4.1, sse4.2, popcnt, avx, avx2, aes, clmul, erms, rtm, lzcnt, tsc, tscinvbit, bmi1, bmi2

Memory: 4k page, physical 12452928k(3087540k free), swap 24903996k(13587812k free)

vm_info: Java HotSpot(TM) 64-Bit Server VM (25.65-b01) for windows-amd64 JRE (1.8.0_65-b17), built on Oct  6 2015 16:39:20 by "java_re" with MS VC++ 10.0 (VS2010)

time: Wed Nov 23 15:58:38 2016
elapsed time: 2 seconds (0d 0h 0m 2s)

