#
# A fatal error has been detected by the Java Runtime Environment:
#
#  EXCEPTION_ACCESS_VIOLATION (0xc0000005) at pc=0x000000001fc4d433, pid=25308, tid=28664
#
# JRE version: Java(TM) SE Runtime Environment (8.0_65-b17) (build 1.8.0_65-b17)
# Java VM: Java HotSpot(TM) 64-Bit Server VM (25.65-b01 mixed mode windows-amd64 compressed oops)
# Problematic frame:
# C  [nativemcl.dll+0xed433]
#
# Failed to write core dump. Minidumps are not enabled by default on client versions of Windows
#
# If you would like to submit a bug report, please visit:
#   http://bugreport.java.com/bugreport/crash.jsp
#

---------------  T H R E A D  ---------------

Current thread (0x000000001959a800):  VMThread [stack: 0x000000001a6e0000,0x000000001a7e0000] [id=28664]

siginfo: ExceptionCode=0xc0000005, reading address 0x00000000000000b0

Registers:
RAX=0x0000000000000000, RBX=0x0000000000422470, RCX=0x000000001959a9f8, RDX=0x000000001b878d48
RSP=0x000000001a7df618, RBP=0x0000000023915620, RSI=0x000000001959a9f8, RDI=0x000000001a7df6a8
R8 =0x00000000004224c0, R9 =0x0000000023995320, R10=0x000000001a7df680, R11=0x000000001a7df678
R12=0x0000000023915d80, R13=0x0000000023915620, R14=0x00000000239157a0, R15=0x0000000000000000
RIP=0x000000001fc4d433, EFLAGS=0x0000000000010202

Top of Stack: (sp=0x000000001a7df618)
0x000000001a7df618:   000000001fc4c64a 0000000000422470
0x000000001a7df628:   0000000023eab9a0 0000000000422470
0x000000001a7df638:   0000000077661a0a fffffffffffffffe
0x000000001a7df648:   000000001fdb40a1 000000001fc5c390
0x000000001a7df658:   0000000051e76490 656a624f5f676e61
0x000000001a7df668:   00004949325f7463 0000000000000001
0x000000001a7df678:   000000001fc5bdd5 000000001959a9f8
0x000000001a7df688:   0000000000422470 0000000000000000
0x000000001a7df698:   0000000023eab9a0 fffffffffffffffe
0x000000001a7df6a8:   000000001fc4d430 000000001b878d48
0x000000001a7df6b8:   0000000023915620 0000000023eab9a0
0x000000001a7df6c8:   000000001fc5e2fc 0000000000422470
0x000000001a7df6d8:   0000000023eab930 0000000000000000
0x000000001a7df6e8:   0000000023915820 fffffffffffffffe
0x000000001a7df6f8:   000007fef76d6338 0000000000000000
0x000000001a7df708:   000000001fee5cc9 0000000023eab930 

Instructions: (pc=0x000000001fc4d433)
0x000000001fc4d413:   15 00 f6 c3 01 74 08 48 8b cf e8 c0 20 12 00 48
0x000000001fc4d423:   8b c7 48 8b 5c 24 30 48 83 c4 20 5f c3 48 8b 01
0x000000001fc4d433:   48 ff a0 b0 00 00 00 cc cc cc cc cc cc 48 8b c1
0x000000001fc4d443:   c3 cc cc cc cc cc cc cc cc cc cc cc cc 40 57 48 


Register to memory mapping:

RAX=0x0000000000000000 is an unknown value
RBX=0x0000000000422470 is an unknown value
RCX=0x000000001959a9f8 is an unknown value
RDX=0x000000001b878d48 is a global jni handle
RSP=0x000000001a7df618 is an unknown value
RBP=0x0000000023915620 is an unknown value
RSI=0x000000001959a9f8 is an unknown value
RDI=0x000000001a7df6a8 is an unknown value
R8 =0x00000000004224c0 is an unknown value
R9 =0x0000000023995320 is an unknown value
R10=0x000000001a7df680 is an unknown value
R11=0x000000001a7df678 is an unknown value
R12=0x0000000023915d80 is an unknown value
R13=0x0000000023915620 is an unknown value
R14=0x00000000239157a0 is an unknown value
R15=0x0000000000000000 is an unknown value


Stack: [0x000000001a6e0000,0x000000001a7e0000],  sp=0x000000001a7df618,  free space=1021k
Native frames: (J=compiled Java code, j=interpreted, Vv=VM code, C=native code)
C  [nativemcl.dll+0xed433]

VM_Operation (0x000000001cbbd010): Exit, mode: safepoint, requested by thread 0x000000001b924800


---------------  P R O C E S S  ---------------

Java Threads: ( => current thread )
  0x000000001bbce800 JavaThread "pool-1-thread-2" [_thread_in_native, id=28884, stack(0x000000002f560000,0x000000002f660000)]
  0x000000001bbce000 JavaThread "pool-1-thread-1" [_thread_in_native, id=29416, stack(0x000000002c080000,0x000000002c180000)]
  0x000000001bbcd000 JavaThread "Abandoned connection cleanup thread" daemon [_thread_blocked, id=20992, stack(0x000000002f250000,0x000000002f350000)]
  0x000000001bbcc800 JavaThread "Connector Runnable" daemon [_thread_blocked, id=27820, stack(0x000000002bf80000,0x000000002c080000)]
  0x000000001bbcb800 JavaThread "EventMgr Dispatcher" daemon [_thread_in_native, id=19800, stack(0x000000002bcc0000,0x000000002bdc0000)]
  0x000000001bbca000 JavaThread "MATLAB Compiler Runtime" daemon [_thread_blocked, id=10656, stack(0x0000000025710000,0x0000000025f10000)]
  0x000000001bbc9800 JavaThread "TimerQueue" daemon [_thread_blocked, id=27052, stack(0x0000000026820000,0x0000000026920000)]
  0x000000001b924800 JavaThread "AWT-EventQueue-0" [_thread_blocked, id=26860, stack(0x000000001cac0000,0x000000001cbc0000)]
  0x000000001b86a000 JavaThread "AWT-Shutdown" [_thread_blocked, id=28756, stack(0x000000001b600000,0x000000001b700000)]
  0x000000001b869000 JavaThread "Java2D Disposer" daemon [_thread_blocked, id=8820, stack(0x000000001c1c0000,0x000000001c2c0000)]
  0x000000001ab37000 JavaThread "Service Thread" daemon [_thread_blocked, id=9536, stack(0x000000001b730000,0x000000001b830000)]
  0x000000001960f800 JavaThread "C1 CompilerThread2" daemon [_thread_blocked, id=19884, stack(0x000000001b4e0000,0x000000001b5e0000)]
  0x000000001aaab800 JavaThread "C2 CompilerThread1" daemon [_thread_blocked, id=28656, stack(0x000000001b360000,0x000000001b460000)]
  0x000000001aaa7800 JavaThread "C2 CompilerThread0" daemon [_thread_blocked, id=28972, stack(0x000000001ae90000,0x000000001af90000)]
  0x000000001aa9c000 JavaThread "Attach Listener" daemon [_thread_blocked, id=10668, stack(0x000000001b130000,0x000000001b230000)]
  0x000000001aa9b000 JavaThread "Signal Dispatcher" daemon [_thread_blocked, id=2884, stack(0x000000001b020000,0x000000001b120000)]
  0x00000000195a7000 JavaThread "Finalizer" daemon [_thread_blocked, id=13632, stack(0x000000001a990000,0x000000001aa90000)]
  0x00000000195a0000 JavaThread "Reference Handler" daemon [_thread_blocked, id=11164, stack(0x000000001a890000,0x000000001a990000)]
  0x000000000028e000 JavaThread "main" [_thread_in_native, id=27516, stack(0x0000000002490000,0x0000000002590000)]

Other Threads:
=>0x000000001959a800 VMThread [stack: 0x000000001a6e0000,0x000000001a7e0000] [id=28664]

VM state:at safepoint (shutting down)

VM Mutex/Monitor currently owned by a thread:  ([mutex/lock_event])
[0x000000000028c680] Threads_lock - owner thread: 0x000000001959a800

Heap:
 PSYoungGen      total 57344K, used 19407K [0x0000000780a00000, 0x0000000784a00000, 0x00000007c0000000)
  eden space 49152K, 22% used [0x0000000780a00000,0x00000007814f87c0,0x0000000783a00000)
  from space 8192K, 99% used [0x0000000783a00000,0x00000007841fb440,0x0000000784200000)
  to   space 8192K, 0% used [0x0000000784200000,0x0000000784200000,0x0000000784a00000)
 ParOldGen       total 131072K, used 20685K [0x0000000701e00000, 0x0000000709e00000, 0x0000000780a00000)
  object space 131072K, 15% used [0x0000000701e00000,0x0000000703233768,0x0000000709e00000)
 Metaspace       used 19302K, capacity 19686K, committed 19840K, reserved 1067008K
  class space    used 2273K, capacity 2387K, committed 2432K, reserved 1048576K

Card table byte_map: [0x0000000011950000,0x0000000011f50000] byte_map_base: 0x000000000e141000

Marking Bits: (ParMarkBitMap*) 0x0000000051eea5b0
 Begin Bits: [0x0000000012700000, 0x0000000015688000)
 End Bits:   [0x0000000015688000, 0x0000000018610000)

Polling page: 0x00000000000a0000

CodeCache: size=245760Kb used=5325Kb max_used=5326Kb free=240434Kb
 bounds [0x0000000002590000, 0x0000000002ad0000, 0x0000000011590000]
 total_blobs=2242 nmethods=1596 adapters=558
 compilation: enabled

Compilation events (10 events):
Event: 24.922 Thread 0x000000001aaab800 1593       4       sun.awt.AppContext::getAppContext (51 bytes)
Event: 24.922 Thread 0x000000001960f800 1592       3       java.awt.EventQueue::cacheEQItem (60 bytes)
Event: 24.922 Thread 0x000000001aaab800 nmethod 1593 0x0000000002abac90 code [0x0000000002abadc0, 0x0000000002abae58]
Event: 24.922 Thread 0x000000001960f800 nmethod 1592 0x0000000002abb910 code [0x0000000002abbaa0, 0x0000000002abc208]
Event: 24.923 Thread 0x000000001960f800 1594       3       java.util.HashMap::keySet (27 bytes)
Event: 24.923 Thread 0x000000001960f800 nmethod 1594 0x0000000002aba590 code [0x0000000002aba720, 0x0000000002abaad0]
Event: 24.924 Thread 0x000000001960f800 1596  s    3       java.util.Hashtable::containsKey (65 bytes)
Event: 24.925 Thread 0x000000001960f800 nmethod 1596 0x0000000002ac7310 code [0x0000000002ac74a0, 0x0000000002ac7ad8]
Event: 24.925 Thread 0x000000001960f800 1595       3       java.util.logging.LogManager$LoggerContext::ensureDefaultLogger (70 bytes)
Event: 24.925 Thread 0x000000001960f800 nmethod 1595 0x0000000002ac65d0 code [0x0000000002ac6780, 0x0000000002ac7028]

GC Heap History (6 events):
Event: 1.995 GC heap before
{Heap before GC invocations=1 (full 0):
 PSYoungGen      total 57344K, used 49152K [0x0000000780a00000, 0x0000000784a00000, 0x00000007c0000000)
  eden space 49152K, 100% used [0x0000000780a00000,0x0000000783a00000,0x0000000783a00000)
  from space 8192K, 0% used [0x0000000784200000,0x0000000784200000,0x0000000784a00000)
  to   space 8192K, 0% used [0x0000000783a00000,0x0000000783a00000,0x0000000784200000)
 ParOldGen       total 131072K, used 0K [0x0000000701e00000, 0x0000000709e00000, 0x0000000780a00000)
  object space 131072K, 0% used [0x0000000701e00000,0x0000000701e00000,0x0000000709e00000)
 Metaspace       used 15301K, capacity 15656K, committed 15872K, reserved 1062912K
  class space    used 1871K, capacity 1965K, committed 2048K, reserved 1048576K
Event: 2.002 GC heap after
Heap after GC invocations=1 (full 0):
 PSYoungGen      total 57344K, used 8178K [0x0000000780a00000, 0x0000000784a00000, 0x00000007c0000000)
  eden space 49152K, 0% used [0x0000000780a00000,0x0000000780a00000,0x0000000783a00000)
  from space 8192K, 99% used [0x0000000783a00000,0x00000007841fc9a8,0x0000000784200000)
  to   space 8192K, 0% used [0x0000000784200000,0x0000000784200000,0x0000000784a00000)
 ParOldGen       total 131072K, used 11221K [0x0000000701e00000, 0x0000000709e00000, 0x0000000780a00000)
  object space 131072K, 8% used [0x0000000701e00000,0x00000007028f57f8,0x0000000709e00000)
 Metaspace       used 15301K, capacity 15656K, committed 15872K, reserved 1062912K
  class space    used 1871K, capacity 1965K, committed 2048K, reserved 1048576K
}
Event: 2.420 GC heap before
{Heap before GC invocations=2 (full 0):
 PSYoungGen      total 57344K, used 57330K [0x0000000780a00000, 0x0000000784a00000, 0x00000007c0000000)
  eden space 49152K, 100% used [0x0000000780a00000,0x0000000783a00000,0x0000000783a00000)
  from space 8192K, 99% used [0x0000000783a00000,0x00000007841fc9a8,0x0000000784200000)
  to   space 8192K, 0% used [0x0000000784200000,0x0000000784200000,0x0000000784a00000)
 ParOldGen       total 131072K, used 11221K [0x0000000701e00000, 0x0000000709e00000, 0x0000000780a00000)
  object space 131072K, 8% used [0x0000000701e00000,0x00000007028f57f8,0x0000000709e00000)
 Metaspace       used 16138K, capacity 16558K, committed 16768K, reserved 1064960K
  class space    used 1981K, capacity 2094K, committed 2176K, reserved 1048576K
Event: 2.425 GC heap after
Heap after GC invocations=2 (full 0):
 PSYoungGen      total 57344K, used 8120K [0x0000000780a00000, 0x0000000784a00000, 0x00000007c0000000)
  eden space 49152K, 0% used [0x0000000780a00000,0x0000000780a00000,0x0000000783a00000)
  from space 8192K, 99% used [0x0000000784200000,0x00000007849ee040,0x0000000784a00000)
  to   space 8192K, 0% used [0x0000000783a00000,0x0000000783a00000,0x0000000784200000)
 ParOldGen       total 131072K, used 18454K [0x0000000701e00000, 0x0000000709e00000, 0x0000000780a00000)
  object space 131072K, 14% used [0x0000000701e00000,0x0000000703005818,0x0000000709e00000)
 Metaspace       used 16138K, capacity 16558K, committed 16768K, reserved 1064960K
  class space    used 1981K, capacity 2094K, committed 2176K, reserved 1048576K
}
Event: 24.755 GC heap before
{Heap before GC invocations=3 (full 0):
 PSYoungGen      total 57344K, used 57272K [0x0000000780a00000, 0x0000000784a00000, 0x00000007c0000000)
  eden space 49152K, 100% used [0x0000000780a00000,0x0000000783a00000,0x0000000783a00000)
  from space 8192K, 99% used [0x0000000784200000,0x00000007849ee040,0x0000000784a00000)
  to   space 8192K, 0% used [0x0000000783a00000,0x0000000783a00000,0x0000000784200000)
 ParOldGen       total 131072K, used 18454K [0x0000000701e00000, 0x0000000709e00000, 0x0000000780a00000)
  object space 131072K, 14% used [0x0000000701e00000,0x0000000703005818,0x0000000709e00000)
 Metaspace       used 19280K, capacity 19686K, committed 19840K, reserved 1067008K
  class space    used 2271K, capacity 2387K, committed 2432K, reserved 1048576K
Event: 24.764 GC heap after
Heap after GC invocations=3 (full 0):
 PSYoungGen      total 57344K, used 8173K [0x0000000780a00000, 0x0000000784a00000, 0x00000007c0000000)
  eden space 49152K, 0% used [0x0000000780a00000,0x0000000780a00000,0x0000000783a00000)
  from space 8192K, 99% used [0x0000000783a00000,0x00000007841fb440,0x0000000784200000)
  to   space 8192K, 0% used [0x0000000784200000,0x0000000784200000,0x0000000784a00000)
 ParOldGen       total 131072K, used 20685K [0x0000000701e00000, 0x0000000709e00000, 0x0000000780a00000)
  object space 131072K, 15% used [0x0000000701e00000,0x0000000703233768,0x0000000709e00000)
 Metaspace       used 19280K, capacity 19686K, committed 19840K, reserved 1067008K
  class space    used 2271K, capacity 2387K, committed 2432K, reserved 1048576K
}

Deoptimization events (10 events):
Event: 2.029 Thread 0x000000001bbca000 Uncommon trap: reason=predicate action=maybe_recompile pc=0x00000000028d6b48 method=java.lang.String.regionMatches(ZILjava/lang/String;II)Z @ 63
Event: 2.511 Thread 0x000000000028e000 Uncommon trap: reason=predicate action=maybe_recompile pc=0x00000000028ea0c8 method=java.util.ArrayList.indexOf(Ljava/lang/Object;)I @ 44
Event: 2.557 Thread 0x000000000028e000 Uncommon trap: reason=class_check action=maybe_recompile pc=0x00000000028e6564 method=java.util.ArrayList.indexOf(Ljava/lang/Object;)I @ 51
Event: 2.563 Thread 0x000000000028e000 Uncommon trap: reason=class_check action=maybe_recompile pc=0x00000000028e6564 method=java.util.ArrayList.indexOf(Ljava/lang/Object;)I @ 51
Event: 2.605 Thread 0x000000000028e000 Uncommon trap: reason=predicate action=maybe_recompile pc=0x00000000029a4898 method=sun.net.www.ParseUtil.encodePath(Ljava/lang/String;Z)Ljava/lang/String; @ 36
Event: 2.605 Thread 0x000000000028e000 Uncommon trap: reason=unstable_if action=reinterpret pc=0x00000000028c5808 method=java.net.URI.match(CJJ)Z @ 19
Event: 2.614 Thread 0x000000000028e000 Uncommon trap: reason=bimorphic action=maybe_recompile pc=0x00000000029fcdd0 method=java.util.ArrayList.indexOf(Ljava/lang/Object;)I @ 51
Event: 2.614 Thread 0x000000000028e000 Uncommon trap: reason=bimorphic action=maybe_recompile pc=0x00000000029fcdd0 method=java.util.ArrayList.indexOf(Ljava/lang/Object;)I @ 51
Event: 2.614 Thread 0x000000000028e000 Uncommon trap: reason=bimorphic action=maybe_recompile pc=0x00000000029fcdd0 method=java.util.ArrayList.indexOf(Ljava/lang/Object;)I @ 51
Event: 2.614 Thread 0x000000000028e000 Uncommon trap: reason=bimorphic action=maybe_recompile pc=0x00000000029fcdd0 method=java.util.ArrayList.indexOf(Ljava/lang/Object;)I @ 51

Internal exceptions (10 events):
Event: 2.349 Thread 0x000000001bbca000 Exception <a 'java/lang/reflect/InvocationTargetException'> (0x000000078280bbc8) thrown at [C:\workspace\8-2-build-windows-amd64-cygwin\jdk8u65\4987\hotspot\src\share\vm\runtime\reflection.cpp, line 1092]
Event: 2.350 Thread 0x000000001bbca000 Exception <a 'java/lang/reflect/InvocationTargetException'> (0x00000007828b41f8) thrown at [C:\workspace\8-2-build-windows-amd64-cygwin\jdk8u65\4987\hotspot\src\share\vm\runtime\reflection.cpp, line 1092]
Event: 2.351 Thread 0x000000001bbca000 Exception <a 'java/lang/reflect/InvocationTargetException'> (0x000000078295c6f8) thrown at [C:\workspace\8-2-build-windows-amd64-cygwin\jdk8u65\4987\hotspot\src\share\vm\runtime\reflection.cpp, line 1092]
Event: 2.352 Thread 0x000000001bbca000 Exception <a 'java/lang/reflect/InvocationTargetException'> (0x000000078298fff0) thrown at [C:\workspace\8-2-build-windows-amd64-cygwin\jdk8u65\4987\hotspot\src\share\vm\runtime\reflection.cpp, line 1092]
Event: 2.352 Thread 0x000000001bbca000 Exception <a 'java/lang/reflect/InvocationTargetException'> (0x00000007829c08a0) thrown at [C:\workspace\8-2-build-windows-amd64-cygwin\jdk8u65\4987\hotspot\src\share\vm\runtime\reflection.cpp, line 1092]
Event: 2.353 Thread 0x000000001bbca000 Exception <a 'java/lang/reflect/InvocationTargetException'> (0x00000007829f7248) thrown at [C:\workspace\8-2-build-windows-amd64-cygwin\jdk8u65\4987\hotspot\src\share\vm\runtime\reflection.cpp, line 1092]
Event: 2.354 Thread 0x000000001bbca000 Exception <a 'java/lang/reflect/InvocationTargetException'> (0x0000000782a27ae8) thrown at [C:\workspace\8-2-build-windows-amd64-cygwin\jdk8u65\4987\hotspot\src\share\vm\runtime\reflection.cpp, line 1092]
Event: 2.355 Thread 0x000000001bbca000 Exception <a 'java/lang/reflect/InvocationTargetException'> (0x0000000782a61500) thrown at [C:\workspace\8-2-build-windows-amd64-cygwin\jdk8u65\4987\hotspot\src\share\vm\runtime\reflection.cpp, line 1092]
Event: 2.356 Thread 0x000000001bbca000 Exception <a 'java/lang/reflect/InvocationTargetException'> (0x0000000782b09b88) thrown at [C:\workspace\8-2-build-windows-amd64-cygwin\jdk8u65\4987\hotspot\src\share\vm\runtime\reflection.cpp, line 1092]
Event: 2.357 Thread 0x000000001bbca000 Exception <a 'java/lang/reflect/InvocationTargetException'> (0x0000000782b3fa20) thrown at [C:\workspace\8-2-build-windows-amd64-cygwin\jdk8u65\4987\hotspot\src\share\vm\runtime\reflection.cpp, line 1092]

Events (10 events):
Event: 24.987 loading class matlab/internal/validators/generateArgumentDescriptor
Event: 24.987 loading class matlab/internal/validators/generateArgumentDescriptor done
Event: 24.993 loading class matlab/internal/validators
Event: 24.993 loading class matlab/internal/validators done
Event: 24.994 loading class matlab/internal/validators
Event: 24.994 loading class matlab/internal/validators done
Event: 24.994 loading class matlab/internal/validators
Event: 24.994 loading class matlab/internal/validators done
Event: 25.024 Thread 0x000000001bbd0000 Thread exited: 0x000000001bbd0000
Event: 25.024 Executing VM operation: Exit


Dynamic libraries:
0x000000013f430000 - 0x000000013f467000 	C:\Program Files\Java\jdk1.8.0_65\bin\javaw.exe
0x0000000077860000 - 0x0000000077a0a000 	C:\Windows\SYSTEM32\ntdll.dll
0x0000000077640000 - 0x000000007775f000 	C:\Windows\system32\kernel32.dll
0x000007fefd840000 - 0x000007fefd8aa000 	C:\Windows\system32\KERNELBASE.dll
0x000007fefd950000 - 0x000007fefda2b000 	C:\Windows\system32\ADVAPI32.dll
0x000007fefda40000 - 0x000007fefdadf000 	C:\Windows\system32\msvcrt.dll
0x000007feffa70000 - 0x000007feffa8f000 	C:\Windows\SYSTEM32\sechost.dll
0x000007feff2f0000 - 0x000007feff41d000 	C:\Windows\system32\RPCRT4.dll
0x0000000077760000 - 0x000000007785a000 	C:\Windows\system32\USER32.dll
0x000007fefeba0000 - 0x000007fefec07000 	C:\Windows\system32\GDI32.dll
0x000007fefdae0000 - 0x000007fefdaee000 	C:\Windows\system32\LPK.dll
0x000007feff420000 - 0x000007feff4ea000 	C:\Windows\system32\USP10.dll
0x000007fefbcf0000 - 0x000007fefbee4000 	C:\Windows\WinSxS\amd64_microsoft.windows.common-controls_6595b64144ccf1df_6.0.7601.18837_none_fa3b1e3d17594757\COMCTL32.dll
0x000007feff270000 - 0x000007feff2e1000 	C:\Windows\system32\SHLWAPI.dll
0x000007feff1f0000 - 0x000007feff21e000 	C:\Windows\system32\IMM32.DLL
0x000007fefe900000 - 0x000007fefea09000 	C:\Windows\system32\MSCTF.dll
0x000000005fd50000 - 0x000000005fe22000 	C:\Program Files\Java\jdk1.8.0_65\jre\bin\msvcr100.dll
0x00000000516e0000 - 0x0000000051f69000 	C:\Program Files\Java\jdk1.8.0_65\jre\bin\server\jvm.dll
0x000007fef9340000 - 0x000007fef9349000 	C:\Windows\system32\WSOCK32.dll
0x000007feff220000 - 0x000007feff26d000 	C:\Windows\system32\WS2_32.dll
0x000007fefda30000 - 0x000007fefda38000 	C:\Windows\system32\NSI.dll
0x000007fefb6b0000 - 0x000007fefb6eb000 	C:\Windows\system32\WINMM.dll
0x000007fefc680000 - 0x000007fefc68c000 	C:\Windows\system32\VERSION.dll
0x0000000077a30000 - 0x0000000077a37000 	C:\Windows\system32\PSAPI.DLL
0x0000000070a50000 - 0x0000000070a5f000 	C:\Program Files\Java\jdk1.8.0_65\jre\bin\verify.dll
0x0000000070950000 - 0x0000000070979000 	C:\Program Files\Java\jdk1.8.0_65\jre\bin\java.dll
0x00000000708e0000 - 0x00000000708f6000 	C:\Program Files\Java\jdk1.8.0_65\jre\bin\zip.dll
0x000007fefdaf0000 - 0x000007fefe87a000 	C:\Windows\system32\SHELL32.dll
0x000007feff590000 - 0x000007feff793000 	C:\Windows\system32\ole32.dll
0x000007fefd5a0000 - 0x000007fefd5af000 	C:\Windows\system32\profapi.dll
0x00000000579d0000 - 0x0000000057b68000 	C:\Program Files\Java\jdk1.8.0_65\jre\bin\awt.dll
0x000007feffa90000 - 0x000007feffb6a000 	C:\Windows\system32\OLEAUT32.dll
0x000007fefb5c0000 - 0x000007fefb5d8000 	C:\Windows\system32\DWMAPI.DLL
0x000007fefbb40000 - 0x000007fefbb96000 	C:\Windows\system32\uxtheme.dll
0x000007fefd3f0000 - 0x000007fefd3ff000 	C:\Windows\system32\CRYPTBASE.dll
0x0000000072430000 - 0x0000000072477000 	C:\Program Files\Java\jdk1.8.0_65\jre\bin\fontmanager.dll
0x000007feff4f0000 - 0x000007feff589000 	C:\Windows\system32\CLBCatQ.DLL
0x000007fefb2d0000 - 0x000007fefb431000 	C:\Windows\system32\WindowsCodecs.dll
0x000007fefd390000 - 0x000007fefd3e7000 	C:\Windows\system32\apphelp.dll
0x000007feee5f0000 - 0x000007feee830000 	C:\PROGRA~1\MICROS~1\Office15\GROOVEEX.DLL
0x0000000074da0000 - 0x0000000074e38000 	C:\Windows\system32\MSVCP100.dll
0x0000000067890000 - 0x00000000678bb000 	C:\Windows\system32\ATL100.DLL
0x000007fef6000000 - 0x000007fef631e000 	C:\Windows\system32\msi.dll
0x000007feebd90000 - 0x000007feec5ef000 	C:\PROGRA~1\MICROS~1\Office15\1028\GrooveIntlResource.dll
0x000007fef7340000 - 0x000007fef7375000 	C:\Windows\system32\EhStorShell.dll
0x000007fefeef0000 - 0x000007feff0c7000 	C:\Windows\system32\SETUPAPI.dll
0x000007fefd7f0000 - 0x000007fefd826000 	C:\Windows\system32\CFGMGR32.dll
0x000007fefd930000 - 0x000007fefd94a000 	C:\Windows\system32\DEVOBJ.dll
0x000007fefbbc0000 - 0x000007fefbcec000 	C:\Windows\system32\PROPSYS.dll
0x000007fef5ad0000 - 0x000007fef5b4e000 	C:\Windows\System32\cscui.dll
0x000007fefb510000 - 0x000007fefb51c000 	C:\Windows\System32\CSCDLL.dll
0x000007fef8080000 - 0x000007fef808f000 	C:\Windows\system32\CSCAPI.dll
0x000007fef5380000 - 0x000007fef5400000 	C:\Windows\system32\ntshrui.dll
0x000007fefcfa0000 - 0x000007fefcfc3000 	C:\Windows\system32\srvcli.dll
0x000007fefaea0000 - 0x000007fefaeab000 	C:\Windows\system32\slc.dll
0x00000000708c0000 - 0x00000000708da000 	C:\Program Files\Java\jdk1.8.0_65\jre\bin\net.dll
0x000007fefcc70000 - 0x000007fefccc5000 	C:\Windows\system32\mswsock.dll
0x000007fefcc60000 - 0x000007fefcc67000 	C:\Windows\System32\wship6.dll
0x00000000708a0000 - 0x00000000708b1000 	C:\Program Files\Java\jdk1.8.0_65\jre\bin\nio.dll
0x00000000710a0000 - 0x00000000710e2000 	C:\Program Files\Java\jdk1.8.0_65\jre\bin\t2k.dll
0x000007fefaec0000 - 0x000007fefaed5000 	C:\Windows\system32\NLAapi.dll
0x000007fef87a0000 - 0x000007fef87b5000 	C:\Windows\system32\napinsp.dll
0x000007fef8760000 - 0x000007fef8779000 	C:\Windows\system32\pnrpnsp.dll
0x000007fefcaf0000 - 0x000007fefcb4b000 	C:\Windows\system32\DNSAPI.dll
0x000007fef8740000 - 0x000007fef874b000 	C:\Windows\System32\winrnr.dll
0x0000000072b00000 - 0x0000000072b26000 	C:\Program Files\Bonjour\mdnsNSP.dll
0x000007fefa2e0000 - 0x000007fefa307000 	C:\Windows\system32\Iphlpapi.DLL
0x000007fefa2d0000 - 0x000007fefa2db000 	C:\Windows\system32\WINNSI.DLL
0x000007fefc750000 - 0x000007fefc757000 	C:\Windows\System32\wshtcpip.dll
0x000007fef8b50000 - 0x000007fef8b58000 	C:\Windows\system32\rasadhlp.dll
0x000007fefa130000 - 0x000007fefa183000 	C:\Windows\System32\fwpuclnt.dll
0x0000000180000000 - 0x0000000180034000 	D:\Matlab\bin\win64\BuilderJABootstrap.dll
0x0000000002470000 - 0x000000000247c000 	D:\Matlab\bin\win64\nativedl.dll
0x000007fef7750000 - 0x000007fef77f7000 	C:\Windows\system32\MSVCP110.dll
0x000007fef7670000 - 0x000007fef7744000 	C:\Windows\system32\MSVCR110.dll
0x00000000fe7f0000 - 0x00000000fea15000 	D:\Matlab\bin\win64\libmwfl.dll
0x000007fefe880000 - 0x000007fefe899000 	C:\Windows\system32\imagehlp.dll
0x00000000fff00000 - 0x0000000100001000 	D:\Matlab\bin\win64\libmwi18n.dll
0x00000000ffef0000 - 0x00000000ffef9000 	D:\Matlab\bin\win64\libmwresource_core.dll
0x000007fefb470000 - 0x000007fefb47f000 	D:\Matlab\bin\win64\boost_date_time-vc110-mt-1_49.dll
0x000007fef5d50000 - 0x000007fef5d7c000 	D:\Matlab\bin\win64\boost_filesystem-vc110-mt-1_49.dll
0x000007fefb500000 - 0x000007fefb509000 	D:\Matlab\bin\win64\boost_system-vc110-mt-1_49.dll
0x000007fef9a30000 - 0x000007fef9a41000 	D:\Matlab\bin\win64\boost_thread-vc110-mt-1_49.dll
0x000007fef4150000 - 0x000007fef4175000 	D:\Matlab\bin\win64\LIBEXPAT.dll
0x00000000ff4e0000 - 0x00000000ff6b7000 	D:\Matlab\bin\win64\icuin54.dll
0x000000001e050000 - 0x000000001e1a6000 	D:\Matlab\bin\win64\icuuc54.dll
0x000000001e1b0000 - 0x000000001f9dc000 	D:\Matlab\bin\win64\icudt54.dll
0x000000006fd10000 - 0x000000006fd21000 	D:\Matlab\bin\win64\icuio54.dll
0x000007fef15c0000 - 0x000007fef1648000 	D:\Matlab\bin\win64\boost_log-vc110-mt-1_49.dll
0x000007feef690000 - 0x000007feef76d000 	D:\Matlab\bin\win64\boost_regex-vc110-mt-1_49.dll
0x000007fef3f60000 - 0x000007fef3fa5000 	D:\Matlab\bin\win64\boost_serialization-vc110-mt-1_49.dll
0x000007fef4190000 - 0x000007fef41a1000 	D:\Matlab\bin\win64\boost_signals-vc110-mt-1_49.dll
0x000007fef40d0000 - 0x000007fef410f000 	D:\Matlab\bin\win64\tbb.dll
0x000007fefc400000 - 0x000007fefc42c000 	C:\Windows\system32\POWRPROF.dll
0x000000001fb60000 - 0x000000001fe75000 	D:\Matlab\bin\win64\nativemcl.dll
0x000000001d890000 - 0x000000001d95a000 	D:\Matlab\bin\win64\libut.dll
0x00000000fe100000 - 0x00000000fe2b2000 	D:\Matlab\bin\win64\libmx.dll
0x000007fef4030000 - 0x000007fef4070000 	D:\Matlab\bin\win64\tbbmalloc.dll
0x000000006fcf0000 - 0x000000006fd07000 	D:\Matlab\bin\win64\zlib1.dll
0x000000001fe80000 - 0x0000000020383000 	D:\Matlab\bin\win64\libmwservices.dll
0x00000000125d0000 - 0x00000000125e7000 	D:\Matlab\bin\win64\display_device.dll
0x00000000fe090000 - 0x00000000fe0e0000 	D:\Matlab\bin\win64\libmwregexp.dll
0x000000001af90000 - 0x000000001afe5000 	D:\Matlab\bin\win64\mpath.dll
0x0000000020390000 - 0x000000002075f000 	D:\Matlab\bin\win64\libmwms.dll
0x000007fefadc0000 - 0x000007fefadd0000 	D:\Matlab\bin\win64\boost_iostreams-vc110-mt-1_49.dll
0x00000000fd610000 - 0x00000000fda54000 	D:\Matlab\bin\win64\mlutil.dll
0x0000000020760000 - 0x0000000020a8f000 	D:\Matlab\bin\win64\settingscore.dll
0x00000000fd590000 - 0x00000000fd609000 	D:\Matlab\bin\win64\xmlcore.dll
0x0000000020a90000 - 0x0000000020cf3000 	D:\Matlab\bin\win64\xerces-c_3_1.dll
0x00000000fd310000 - 0x00000000fd316000 	D:\Matlab\bin\win64\libmwnativedisplay.dll
0x000000001b460000 - 0x000000001b4ba000 	D:\Matlab\bin\win64\opccore.dll
0x00000000fd1e0000 - 0x00000000fd2f9000 	D:\Matlab\bin\win64\opcmodel.dll
0x0000000020d00000 - 0x0000000020f71000 	D:\Matlab\bin\win64\libmwflnetwork.dll
0x00000000fd1b0000 - 0x00000000fd1db000 	D:\Matlab\bin\win64\opczippackage.dll
0x000000006fce0000 - 0x000000006fcef000 	D:\Matlab\bin\win64\libminizip.dll
0x0000000020f80000 - 0x0000000021118000 	D:\Matlab\bin\win64\opcmwservices.dll
0x000000001a860000 - 0x000000001a87f000 	D:\Matlab\bin\win64\webproxy.dll
0x000007fef7490000 - 0x000007fef7501000 	C:\Windows\system32\WINHTTP.dll
0x000007fef7420000 - 0x000007fef7485000 	C:\Windows\system32\webio.dll
0x000007feff0d0000 - 0x000007feff167000 	C:\Windows\system32\COMDLG32.dll
0x000007fefaf40000 - 0x000007fefaf56000 	C:\Windows\system32\NETAPI32.dll
0x000007fefaf10000 - 0x000007fefaf1c000 	C:\Windows\system32\netutils.dll
0x000007fefaef0000 - 0x000007fefaf05000 	C:\Windows\system32\wkscli.dll
0x000007feed5a0000 - 0x000007feed78e000 	D:\Matlab\bin\win64\PocoFoundation64.dll
0x000007feef230000 - 0x000007feef34f000 	D:\Matlab\bin\win64\PocoNet64.dll
0x000007fef3c10000 - 0x000007fef3c59000 	D:\Matlab\bin\win64\PocoNetSSL64.dll
0x000007feef0a0000 - 0x000007feef229000 	D:\Matlab\bin\win64\LIBEAY32.dll
0x000007fef3650000 - 0x000007fef36a9000 	D:\Matlab\bin\win64\SSLEAY32.dll

VM Arguments:
jvm_args: -Dfile.encoding=UTF-8 
java_command: SocketServer
java_class_path (initial): C:\Users\admin\workspace\SoundSocketServer4\bin;C:\Users\admin\workspace\SoundSocketServer4\jar\javabuilder.jar;C:\Users\admin\workspace\SoundSocketServer4\jar\MatlabSubFunction.jar;C:\Users\admin\workspace\SoundSocketServer4\jar\mysql-connector-java-5.1.40-bin.jar;C:\Users\admin\workspace\SoundSocketServer4\jar\jfreechart-1.0.19.jar;C:\Users\admin\workspace\SoundSocketServer4\jar\jcommon-1.0.23.jar
Launcher Type: SUN_STANDARD

Environment Variables:
JAVA_HOME=C:\Program Files\Java\jdk1.7.0_79
CLASSPATH=D:\Matlab\toolbox\javabuilder\javabuilder.jar;D:\javabuilder_example\aa\for_testing\aa.jar
PATH=D:\Matlab\bin\win64;C:\Program Files\Java\jdk1.8.0_65\jre\bin\server;C:\Program Files\Java\jdk1.8.0_65\jre\bin;C:\Program Files\Java\jdk1.8.0_65\jre\lib\amd64;C:\ProgramData\Oracle\Java\javapath;C:\Program Files (x86)\Intel\iCLS Client\;C:\Program Files\Intel\iCLS Client\;C:\Windows\system32;C:\Windows;C:\Windows\System32\Wbem;C:\Windows\System32\WindowsPowerShell\v1.0\;C:\Program Files\Intel\Intel(R) Management Engine Components\DAL;C:\Program Files (x86)\Intel\Intel(R) Management Engine Components\DAL;C:\Program Files\Intel\Intel(R) Management Engine Components\IPT;C:\Program Files (x86)\Intel\Intel(R) Management Engine Components\IPT;C:\Windows\system32\config\systemprofile\.dnx\bin;C:\Program Files\Microsoft DNX\Dnvm\;C:\Program Files (x86)\Windows Kits\8.1\Windows Performance Toolkit\;C:\Program Files\Java\jdk1.8.0_65\bin;D:\Matlab\runtime\win64;D:\Matlab\bin;D:\Matlab\polyspace\bin;C:\Program Files (x86)\Skype\Phone\;C:\Users\admin\Desktop
USERNAME=admin
OS=Windows_NT
PROCESSOR_IDENTIFIER=Intel64 Family 6 Model 60 Stepping 3, GenuineIntel



---------------  S Y S T E M  ---------------

OS: Windows 7 , 64 bit Build 7601 (6.1.7601.23569)

CPU:total 4 (4 cores per cpu, 1 threads per core) family 6 model 60 stepping 3, cmov, cx8, fxsr, mmx, sse, sse2, sse3, ssse3, sse4.1, sse4.2, popcnt, avx, avx2, aes, clmul, erms, rtm, lzcnt, tsc, tscinvbit, bmi1, bmi2

Memory: 4k page, physical 12452928k(1096804k free), swap 24903996k(11040336k free)

vm_info: Java HotSpot(TM) 64-Bit Server VM (25.65-b01) for windows-amd64 JRE (1.8.0_65-b17), built on Oct  6 2015 16:39:20 by "java_re" with MS VC++ 10.0 (VS2010)

time: Fri Dec 09 16:30:58 2016
elapsed time: 25 seconds (0d 0h 0m 25s)

