#
# A fatal error has been detected by the Java Runtime Environment:
#
#  EXCEPTION_ACCESS_VIOLATION (0xc0000005) at pc=0x000000001fccd433, pid=6296, tid=23424
#
# JRE version: Java(TM) SE Runtime Environment (8.0_65-b17) (build 1.8.0_65-b17)
# Java VM: Java HotSpot(TM) 64-Bit Server VM (25.65-b01 mixed mode windows-amd64 compressed oops)
# Problematic frame:
# C  [nativemcl.dll+0xed433]
#
# Failed to write core dump. Minidumps are not enabled by default on client versions of Windows
#
# If you would like to submit a bug report, please visit:
#   http://bugreport.java.com/bugreport/crash.jsp
#

---------------  T H R E A D  ---------------

Current thread (0x000000001985a800):  VMThread [stack: 0x000000001a7b0000,0x000000001a8b0000] [id=23424]

siginfo: ExceptionCode=0xc0000005, reading address 0x00000000000000b0

Registers:
RAX=0x0000000000000000, RBX=0x0000000023b5adc0, RCX=0x000000001985a9f8, RDX=0x000000001bab7c58
RSP=0x000000001a8af538, RBP=0x0000000023786500, RSI=0x000000001985a9f8, RDI=0x000000001a8af5c8
R8 =0x0000000023b5ae10, R9 =0x0000000023793eb0, R10=0x000000001a8af5a0, R11=0x000000001a8af598
R12=0x0000000023786560, R13=0x0000000023786500, R14=0x0000000023786530, R15=0x0000000000000000
RIP=0x000000001fccd433, EFLAGS=0x0000000000010206

Top of Stack: (sp=0x000000001a8af538)
0x000000001a8af538:   000000001fccc64a 0000000023b5adc0
0x000000001a8af548:   000000001b2c99b8 0000000023b5adc0
0x000000001a8af558:   0000000042000042 fffffffffffffffe
0x000000001a8af568:   000000001fe340a1 000000001fcdc390
0x000000001a8af578:   0000000051e76490 656a624f5f676e61
0x000000001a8af588:   00004949325f7463 0000000000000001
0x000000001a8af598:   000000001fcdbdd5 000000001985a9f8
0x000000001a8af5a8:   0000000023b5adc0 0000000023796fd0
0x000000001a8af5b8:   000000001b2c99b8 fffffffffffffffe
0x000000001a8af5c8:   000000001fccd430 000000001bab7c58
0x000000001a8af5d8:   000000001b2b2803 000000001b2c99b8
0x000000001a8af5e8:   000000001fcde2fc 0000000023b5adc0
0x000000001a8af5f8:   000000001b2c99b0 fffffffffffffffe
0x000000001a8af608:   0000000002000002 fffffffffffffffe
0x000000001a8af618:   0000000000000001 0000000000000000
0x000000001a8af628:   000000001b2b2888 000000001b2c99b0 

Instructions: (pc=0x000000001fccd433)
0x000000001fccd413:   15 00 f6 c3 01 74 08 48 8b cf e8 c0 20 12 00 48
0x000000001fccd423:   8b c7 48 8b 5c 24 30 48 83 c4 20 5f c3 48 8b 01
0x000000001fccd433:   48 ff a0 b0 00 00 00 cc cc cc cc cc cc 48 8b c1
0x000000001fccd443:   c3 cc cc cc cc cc cc cc cc cc cc cc cc 40 57 48 


Register to memory mapping:

RAX=0x0000000000000000 is an unknown value
RBX=0x0000000023b5adc0 is an unknown value
RCX=0x000000001985a9f8 is an unknown value
RDX=0x000000001bab7c58 is a global jni handle
RSP=0x000000001a8af538 is an unknown value
RBP=0x0000000023786500 is an unknown value
RSI=0x000000001985a9f8 is an unknown value
RDI=0x000000001a8af5c8 is an unknown value
R8 =0x0000000023b5ae10 is an unknown value
R9 =0x0000000023793eb0 is an unknown value
R10=0x000000001a8af5a0 is an unknown value
R11=0x000000001a8af598 is an unknown value
R12=0x0000000023786560 is an unknown value
R13=0x0000000023786500 is an unknown value
R14=0x0000000023786530 is an unknown value
R15=0x0000000000000000 is an unknown value


Stack: [0x000000001a7b0000,0x000000001a8b0000],  sp=0x000000001a8af538,  free space=1021k
Native frames: (J=compiled Java code, j=interpreted, Vv=VM code, C=native code)
C  [nativemcl.dll+0xed433]

VM_Operation (0x000000001c98cde0): Exit, mode: safepoint, requested by thread 0x000000001bb69800


---------------  P R O C E S S  ---------------

Java Threads: ( => current thread )
  0x000000001bd9b000 JavaThread "EventMgr Dispatcher" daemon [_thread_in_native, id=15792, stack(0x000000002a8d0000,0x000000002a9d0000)]
  0x000000001bd99000 JavaThread "MATLAB Compiler Runtime" daemon [_thread_blocked, id=25352, stack(0x00000000252c0000,0x0000000025ac0000)]
  0x000000001bb69800 JavaThread "AWT-EventQueue-0" [_thread_blocked, id=4248, stack(0x000000001c890000,0x000000001c990000)]
  0x000000001bab5800 JavaThread "AWT-Shutdown" [_thread_blocked, id=19748, stack(0x000000001c290000,0x000000001c390000)]
  0x000000001bab5000 JavaThread "Java2D Disposer" daemon [_thread_blocked, id=22924, stack(0x000000001b5c0000,0x000000001b6c0000)]
  0x000000001ad3a800 JavaThread "Service Thread" daemon [_thread_blocked, id=23632, stack(0x000000001b830000,0x000000001b930000)]
  0x000000001acbf000 JavaThread "C1 CompilerThread2" daemon [_thread_blocked, id=24412, stack(0x000000001a8d0000,0x000000001a9d0000)]
  0x000000001acbe000 JavaThread "C2 CompilerThread1" daemon [_thread_blocked, id=16788, stack(0x000000001b6d0000,0x000000001b7d0000)]
  0x00000000198cb000 JavaThread "C2 CompilerThread0" daemon [_thread_blocked, id=17272, stack(0x000000001b4c0000,0x000000001b5c0000)]
  0x000000001acab800 JavaThread "Attach Listener" daemon [_thread_blocked, id=18544, stack(0x000000001b2d0000,0x000000001b3d0000)]
  0x000000001acab000 JavaThread "Signal Dispatcher" daemon [_thread_blocked, id=22892, stack(0x000000001b0f0000,0x000000001b1f0000)]
  0x0000000019867000 JavaThread "Finalizer" daemon [_thread_blocked, id=25108, stack(0x000000001aba0000,0x000000001aca0000)]
  0x0000000019860000 JavaThread "Reference Handler" daemon [_thread_blocked, id=20932, stack(0x000000001a9e0000,0x000000001aae0000)]
  0x000000000220e000 JavaThread "main" [_thread_in_native, id=10400, stack(0x0000000002250000,0x0000000002350000)]

Other Threads:
=>0x000000001985a800 VMThread [stack: 0x000000001a7b0000,0x000000001a8b0000] [id=23424]

VM state:at safepoint (shutting down)

VM Mutex/Monitor currently owned by a thread:  ([mutex/lock_event])
[0x000000000220c580] Threads_lock - owner thread: 0x000000001985a800

Heap:
 PSYoungGen      total 57344K, used 32620K [0x0000000780a00000, 0x0000000784a00000, 0x00000007c0000000)
  eden space 49152K, 66% used [0x0000000780a00000,0x00000007829db2b0,0x0000000783a00000)
  from space 8192K, 0% used [0x0000000784200000,0x0000000784200000,0x0000000784a00000)
  to   space 8192K, 0% used [0x0000000783a00000,0x0000000783a00000,0x0000000784200000)
 ParOldGen       total 131072K, used 0K [0x0000000701e00000, 0x0000000709e00000, 0x0000000780a00000)
  object space 131072K, 0% used [0x0000000701e00000,0x0000000701e00000,0x0000000709e00000)
 Metaspace       used 12576K, capacity 12914K, committed 12928K, reserved 1060864K
  class space    used 1569K, capacity 1659K, committed 1664K, reserved 1048576K

Card table byte_map: [0x00000000117d0000,0x0000000011dd0000] byte_map_base: 0x000000000dfc1000

Marking Bits: (ParMarkBitMap*) 0x0000000051eea5b0
 Begin Bits: [0x00000000129c0000, 0x0000000015948000)
 End Bits:   [0x0000000015948000, 0x00000000188d0000)

Polling page: 0x0000000000210000

CodeCache: size=245760Kb used=3699Kb max_used=3711Kb free=242060Kb
 bounds [0x0000000002410000, 0x00000000027c0000, 0x0000000011410000]
 total_blobs=1509 nmethods=1008 adapters=414
 compilation: enabled

Compilation events (10 events):
Event: 1.618 Thread 0x000000001acbf000 1005       3       java.util.LinkedList::add (7 bytes)
Event: 1.618 Thread 0x000000001acbf000 nmethod 1005 0x0000000002793590 code [0x0000000002793700, 0x00000000027938a8]
Event: 1.618 Thread 0x000000001acbf000 1006       3       sun.misc.JarIndex::addToList (59 bytes)
Event: 1.618 Thread 0x000000001acbf000 nmethod 1006 0x00000000027a91d0 code [0x00000000027a93e0, 0x00000000027a9d28]
Event: 1.618 Thread 0x000000001acbf000 1007       3       java.util.LinkedList::indexOf (73 bytes)
Event: 1.619 Thread 0x000000001acbf000 nmethod 1007 0x00000000027a8a10 code [0x00000000027a8ba0, 0x00000000027a9048]
Event: 1.620 Thread 0x00000000198cb000 nmethod 982 0x00000000027afa90 code [0x00000000027afd80, 0x00000000027b1558]
Event: 1.620 Thread 0x000000001acbe000 nmethod 985 0x00000000027b3210 code [0x00000000027b3460, 0x00000000027b4338]
Event: 1.622 Thread 0x000000001acbf000 1008       3       java.lang.String::<init> (100 bytes)
Event: 1.622 Thread 0x000000001acbf000 nmethod 1008 0x00000000027a7f90 code [0x00000000027a8140, 0x00000000027a8648]

GC Heap History (0 events):
No events

Deoptimization events (10 events):
Event: 0.385 Thread 0x000000000220e000 Uncommon trap: reason=class_check action=maybe_recompile pc=0x0000000002628a9c method=java.io.DataOutputStream.writeByte(I)V @ 5
Event: 0.385 Thread 0x000000000220e000 Uncommon trap: reason=class_check action=maybe_recompile pc=0x0000000002628a9c method=java.io.DataOutputStream.writeByte(I)V @ 5
Event: 0.385 Thread 0x000000000220e000 Uncommon trap: reason=class_check action=maybe_recompile pc=0x0000000002628a9c method=java.io.DataOutputStream.writeByte(I)V @ 5
Event: 1.538 Thread 0x000000001bd99000 Uncommon trap: reason=unstable_if action=reinterpret pc=0x00000000026e0c70 method=java.net.URLStreamHandler.sameFile(Ljava/net/URL;Ljava/net/URL;)Z @ 8
Event: 1.548 Thread 0x000000001bd99000 Uncommon trap: reason=unstable_if action=reinterpret pc=0x00000000026de060 method=java.net.URLStreamHandler.sameFile(Ljava/net/URL;Ljava/net/URL;)Z @ 8
Event: 1.549 Thread 0x000000001bd99000 Uncommon trap: reason=unstable_if action=reinterpret pc=0x00000000026f1dec method=java.net.URLStreamHandler.sameFile(Ljava/net/URL;Ljava/net/URL;)Z @ 8
Event: 1.550 Thread 0x000000001bd99000 Uncommon trap: reason=class_check action=maybe_recompile pc=0x000000000258c950 method=java.lang.String.equals(Ljava/lang/Object;)Z @ 8
Event: 1.550 Thread 0x000000001bd99000 Uncommon trap: reason=class_check action=maybe_recompile pc=0x000000000258c950 method=java.lang.String.equals(Ljava/lang/Object;)Z @ 8
Event: 1.550 Thread 0x000000001bd99000 Uncommon trap: reason=class_check action=maybe_recompile pc=0x000000000258c950 method=java.lang.String.equals(Ljava/lang/Object;)Z @ 8
Event: 1.550 Thread 0x000000001bd99000 Uncommon trap: reason=class_check action=maybe_recompile pc=0x000000000258c950 method=java.lang.String.equals(Ljava/lang/Object;)Z @ 8

Internal exceptions (10 events):
Event: 1.447 Thread 0x000000001bd99000 Exception <a 'java/security/PrivilegedActionException'> (0x0000000781c11540) thrown at [C:\workspace\8-2-build-windows-amd64-cygwin\jdk8u65\4987\hotspot\src\share\vm\prims\jvm.cpp, line 1386]
Event: 1.447 Thread 0x000000001bd99000 Exception <a 'java/security/PrivilegedActionException'> (0x0000000781c11750) thrown at [C:\workspace\8-2-build-windows-amd64-cygwin\jdk8u65\4987\hotspot\src\share\vm\prims\jvm.cpp, line 1386]
Event: 1.447 Thread 0x000000001bd99000 Exception <a 'java/security/PrivilegedActionException'> (0x0000000781c12580) thrown at [C:\workspace\8-2-build-windows-amd64-cygwin\jdk8u65\4987\hotspot\src\share\vm\prims\jvm.cpp, line 1386]
Event: 1.447 Thread 0x000000001bd99000 Exception <a 'java/security/PrivilegedActionException'> (0x0000000781c12790) thrown at [C:\workspace\8-2-build-windows-amd64-cygwin\jdk8u65\4987\hotspot\src\share\vm\prims\jvm.cpp, line 1386]
Event: 1.447 Thread 0x000000001bd99000 Exception <a 'java/security/PrivilegedActionException'> (0x0000000781c13490) thrown at [C:\workspace\8-2-build-windows-amd64-cygwin\jdk8u65\4987\hotspot\src\share\vm\prims\jvm.cpp, line 1386]
Event: 1.447 Thread 0x000000001bd99000 Exception <a 'java/security/PrivilegedActionException'> (0x0000000781c136a0) thrown at [C:\workspace\8-2-build-windows-amd64-cygwin\jdk8u65\4987\hotspot\src\share\vm\prims\jvm.cpp, line 1386]
Event: 1.447 Thread 0x000000001bd99000 Exception <a 'java/security/PrivilegedActionException'> (0x0000000781c14438) thrown at [C:\workspace\8-2-build-windows-amd64-cygwin\jdk8u65\4987\hotspot\src\share\vm\prims\jvm.cpp, line 1386]
Event: 1.447 Thread 0x000000001bd99000 Exception <a 'java/security/PrivilegedActionException'> (0x0000000781c14648) thrown at [C:\workspace\8-2-build-windows-amd64-cygwin\jdk8u65\4987\hotspot\src\share\vm\prims\jvm.cpp, line 1386]
Event: 1.622 Thread 0x000000001bd99000 Exception <a 'java/security/PrivilegedActionException'> (0x0000000782995b98) thrown at [C:\workspace\8-2-build-windows-amd64-cygwin\jdk8u65\4987\hotspot\src\share\vm\prims\jvm.cpp, line 1386]
Event: 1.622 Thread 0x000000001bd99000 Exception <a 'java/security/PrivilegedActionException'> (0x0000000782995da8) thrown at [C:\workspace\8-2-build-windows-amd64-cygwin\jdk8u65\4987\hotspot\src\share\vm\prims\jvm.cpp, line 1386]

Events (10 events):
Event: 1.589 loading class com/mathworks/services/Prefs$FontString
Event: 1.589 loading class com/mathworks/services/Prefs$FontString done
Event: 1.589 loading class com/mathworks/services/Prefs$PrefString
Event: 1.589 loading class com/mathworks/services/Prefs$PrefString done
Event: 1.590 loading class com/mathworks/services/Prefs$RectString
Event: 1.590 loading class com/mathworks/services/Prefs$RectString done
Event: 1.591 loading class com/mathworks/services/resources/RES_Services
Event: 1.591 loading class com/mathworks/services/resources/RES_Services done
Event: 1.637 Thread 0x000000001bd9a800 Thread exited: 0x000000001bd9a800
Event: 1.637 Executing VM operation: Exit


Dynamic libraries:
0x000000013f5b0000 - 0x000000013f5e7000 	C:\Program Files\Java\jdk1.8.0_65\bin\javaw.exe
0x0000000077860000 - 0x0000000077a0a000 	C:\Windows\SYSTEM32\ntdll.dll
0x0000000077640000 - 0x000000007775f000 	C:\Windows\system32\kernel32.dll
0x000007fefd840000 - 0x000007fefd8aa000 	C:\Windows\system32\KERNELBASE.dll
0x000007fefd950000 - 0x000007fefda2b000 	C:\Windows\system32\ADVAPI32.dll
0x000007fefda40000 - 0x000007fefdadf000 	C:\Windows\system32\msvcrt.dll
0x000007feffa70000 - 0x000007feffa8f000 	C:\Windows\SYSTEM32\sechost.dll
0x000007feff2f0000 - 0x000007feff41d000 	C:\Windows\system32\RPCRT4.dll
0x0000000077760000 - 0x000000007785a000 	C:\Windows\system32\USER32.dll
0x000007fefeba0000 - 0x000007fefec07000 	C:\Windows\system32\GDI32.dll
0x000007fefdae0000 - 0x000007fefdaee000 	C:\Windows\system32\LPK.dll
0x000007feff420000 - 0x000007feff4ea000 	C:\Windows\system32\USP10.dll
0x000007fefbcf0000 - 0x000007fefbee4000 	C:\Windows\WinSxS\amd64_microsoft.windows.common-controls_6595b64144ccf1df_6.0.7601.18837_none_fa3b1e3d17594757\COMCTL32.dll
0x000007feff270000 - 0x000007feff2e1000 	C:\Windows\system32\SHLWAPI.dll
0x000007feff1f0000 - 0x000007feff21e000 	C:\Windows\system32\IMM32.DLL
0x000007fefe900000 - 0x000007fefea09000 	C:\Windows\system32\MSCTF.dll
0x00000000605e0000 - 0x00000000606b2000 	C:\Program Files\Java\jdk1.8.0_65\jre\bin\msvcr100.dll
0x00000000516e0000 - 0x0000000051f69000 	C:\Program Files\Java\jdk1.8.0_65\jre\bin\server\jvm.dll
0x000007fef9340000 - 0x000007fef9349000 	C:\Windows\system32\WSOCK32.dll
0x000007feff220000 - 0x000007feff26d000 	C:\Windows\system32\WS2_32.dll
0x000007fefda30000 - 0x000007fefda38000 	C:\Windows\system32\NSI.dll
0x000007fefb6b0000 - 0x000007fefb6eb000 	C:\Windows\system32\WINMM.dll
0x000007fefc680000 - 0x000007fefc68c000 	C:\Windows\system32\VERSION.dll
0x0000000077a30000 - 0x0000000077a37000 	C:\Windows\system32\PSAPI.DLL
0x0000000070a50000 - 0x0000000070a5f000 	C:\Program Files\Java\jdk1.8.0_65\jre\bin\verify.dll
0x0000000070950000 - 0x0000000070979000 	C:\Program Files\Java\jdk1.8.0_65\jre\bin\java.dll
0x00000000708e0000 - 0x00000000708f6000 	C:\Program Files\Java\jdk1.8.0_65\jre\bin\zip.dll
0x000007fefdaf0000 - 0x000007fefe87a000 	C:\Windows\system32\SHELL32.dll
0x000007feff590000 - 0x000007feff793000 	C:\Windows\system32\ole32.dll
0x000007fefd5a0000 - 0x000007fefd5af000 	C:\Windows\system32\profapi.dll
0x0000000060440000 - 0x00000000605d8000 	C:\Program Files\Java\jdk1.8.0_65\jre\bin\awt.dll
0x000007feffa90000 - 0x000007feffb6a000 	C:\Windows\system32\OLEAUT32.dll
0x000007fefb5c0000 - 0x000007fefb5d8000 	C:\Windows\system32\DWMAPI.DLL
0x000007fefbb40000 - 0x000007fefbb96000 	C:\Windows\system32\uxtheme.dll
0x000007fefaa00000 - 0x000007fefaa49000 	C:\Program Files (x86)\TeamViewer\tv_x64.dll
0x000007fefd3f0000 - 0x000007fefd3ff000 	C:\Windows\system32\CRYPTBASE.dll
0x0000000072540000 - 0x0000000072587000 	C:\Program Files\Java\jdk1.8.0_65\jre\bin\fontmanager.dll
0x000007feff4f0000 - 0x000007feff589000 	C:\Windows\system32\CLBCatQ.DLL
0x000007fefb2d0000 - 0x000007fefb431000 	C:\Windows\system32\WindowsCodecs.dll
0x000007fefd390000 - 0x000007fefd3e7000 	C:\Windows\system32\apphelp.dll
0x000007feee5f0000 - 0x000007feee830000 	C:\PROGRA~1\MICROS~1\Office15\GROOVEEX.DLL
0x0000000074da0000 - 0x0000000074e38000 	C:\Windows\system32\MSVCP100.dll
0x0000000067890000 - 0x00000000678bb000 	C:\Windows\system32\ATL100.DLL
0x000007fef6000000 - 0x000007fef631e000 	C:\Windows\system32\msi.dll
0x000007feebd90000 - 0x000007feec5ef000 	C:\PROGRA~1\MICROS~1\Office15\1028\GrooveIntlResource.dll
0x000007fef7340000 - 0x000007fef7375000 	C:\Windows\system32\EhStorShell.dll
0x000007fefeef0000 - 0x000007feff0c7000 	C:\Windows\system32\SETUPAPI.dll
0x000007fefd7f0000 - 0x000007fefd826000 	C:\Windows\system32\CFGMGR32.dll
0x000007fefd930000 - 0x000007fefd94a000 	C:\Windows\system32\DEVOBJ.dll
0x000007fefbbc0000 - 0x000007fefbcec000 	C:\Windows\system32\PROPSYS.dll
0x000007fef5ad0000 - 0x000007fef5b4e000 	C:\Windows\System32\cscui.dll
0x000007fefb510000 - 0x000007fefb51c000 	C:\Windows\System32\CSCDLL.dll
0x000007fef8080000 - 0x000007fef808f000 	C:\Windows\system32\CSCAPI.dll
0x000007fef5380000 - 0x000007fef5400000 	C:\Windows\system32\ntshrui.dll
0x000007fefcfa0000 - 0x000007fefcfc3000 	C:\Windows\system32\srvcli.dll
0x000007fefaea0000 - 0x000007fefaeab000 	C:\Windows\system32\slc.dll
0x00000000708c0000 - 0x00000000708da000 	C:\Program Files\Java\jdk1.8.0_65\jre\bin\net.dll
0x000007fefcc70000 - 0x000007fefccc5000 	C:\Windows\system32\mswsock.dll
0x000007fefcc60000 - 0x000007fefcc67000 	C:\Windows\System32\wship6.dll
0x00000000708a0000 - 0x00000000708b1000 	C:\Program Files\Java\jdk1.8.0_65\jre\bin\nio.dll
0x00000000726f0000 - 0x0000000072732000 	C:\Program Files\Java\jdk1.8.0_65\jre\bin\t2k.dll
0x000007fefaec0000 - 0x000007fefaed5000 	C:\Windows\system32\NLAapi.dll
0x000007fef87a0000 - 0x000007fef87b5000 	C:\Windows\system32\napinsp.dll
0x000007fef8760000 - 0x000007fef8779000 	C:\Windows\system32\pnrpnsp.dll
0x000007fefcaf0000 - 0x000007fefcb4b000 	C:\Windows\system32\DNSAPI.dll
0x000007fef8740000 - 0x000007fef874b000 	C:\Windows\System32\winrnr.dll
0x0000000072b00000 - 0x0000000072b26000 	C:\Program Files\Bonjour\mdnsNSP.dll
0x000007fefa2e0000 - 0x000007fefa307000 	C:\Windows\system32\Iphlpapi.DLL
0x000007fefa2d0000 - 0x000007fefa2db000 	C:\Windows\system32\WINNSI.DLL
0x000007fefc750000 - 0x000007fefc757000 	C:\Windows\System32\wshtcpip.dll
0x000007fef8b50000 - 0x000007fef8b58000 	C:\Windows\system32\rasadhlp.dll
0x000007fefa130000 - 0x000007fefa183000 	C:\Windows\System32\fwpuclnt.dll
0x0000000180000000 - 0x0000000180034000 	D:\Matlab\bin\win64\BuilderJABootstrap.dll
0x0000000002230000 - 0x000000000223c000 	D:\Matlab\bin\win64\nativedl.dll
0x000007fef7750000 - 0x000007fef77f7000 	C:\Windows\system32\MSVCP110.dll
0x000007fef7670000 - 0x000007fef7744000 	C:\Windows\system32\MSVCR110.dll
0x00000000fe7f0000 - 0x00000000fea15000 	D:\Matlab\bin\win64\libmwfl.dll
0x000007fefe880000 - 0x000007fefe899000 	C:\Windows\system32\imagehlp.dll
0x00000000fff00000 - 0x0000000100001000 	D:\Matlab\bin\win64\libmwi18n.dll
0x00000000ffef0000 - 0x00000000ffef9000 	D:\Matlab\bin\win64\libmwresource_core.dll
0x000007fefb470000 - 0x000007fefb47f000 	D:\Matlab\bin\win64\boost_date_time-vc110-mt-1_49.dll
0x000007fef5d50000 - 0x000007fef5d7c000 	D:\Matlab\bin\win64\boost_filesystem-vc110-mt-1_49.dll
0x000007fefb500000 - 0x000007fefb509000 	D:\Matlab\bin\win64\boost_system-vc110-mt-1_49.dll
0x000007fef9a30000 - 0x000007fef9a41000 	D:\Matlab\bin\win64\boost_thread-vc110-mt-1_49.dll
0x000007fef4150000 - 0x000007fef4175000 	D:\Matlab\bin\win64\LIBEXPAT.dll
0x00000000ff4e0000 - 0x00000000ff6b7000 	D:\Matlab\bin\win64\icuin54.dll
0x000000001dc50000 - 0x000000001dda6000 	D:\Matlab\bin\win64\icuuc54.dll
0x000000001e180000 - 0x000000001f9ac000 	D:\Matlab\bin\win64\icudt54.dll
0x000000006fd10000 - 0x000000006fd21000 	D:\Matlab\bin\win64\icuio54.dll
0x000007fef15c0000 - 0x000007fef1648000 	D:\Matlab\bin\win64\boost_log-vc110-mt-1_49.dll
0x000007feef690000 - 0x000007feef76d000 	D:\Matlab\bin\win64\boost_regex-vc110-mt-1_49.dll
0x000007fef3f60000 - 0x000007fef3fa5000 	D:\Matlab\bin\win64\boost_serialization-vc110-mt-1_49.dll
0x000007fef4190000 - 0x000007fef41a1000 	D:\Matlab\bin\win64\boost_signals-vc110-mt-1_49.dll
0x000007fef40d0000 - 0x000007fef410f000 	D:\Matlab\bin\win64\tbb.dll
0x000007fefc400000 - 0x000007fefc42c000 	C:\Windows\system32\POWRPROF.dll
0x000000001fbe0000 - 0x000000001fef5000 	D:\Matlab\bin\win64\nativemcl.dll
0x000000001b3d0000 - 0x000000001b49a000 	D:\Matlab\bin\win64\libut.dll
0x00000000fe100000 - 0x00000000fe2b2000 	D:\Matlab\bin\win64\libmx.dll
0x000007fef4030000 - 0x000007fef4070000 	D:\Matlab\bin\win64\tbbmalloc.dll
0x000000006fcf0000 - 0x000000006fd07000 	D:\Matlab\bin\win64\zlib1.dll
0x000000001ff00000 - 0x0000000020403000 	D:\Matlab\bin\win64\libmwservices.dll
0x0000000012890000 - 0x00000000128a7000 	D:\Matlab\bin\win64\display_device.dll
0x00000000fe090000 - 0x00000000fe0e0000 	D:\Matlab\bin\win64\libmwregexp.dll
0x000000001b250000 - 0x000000001b2a5000 	D:\Matlab\bin\win64\mpath.dll
0x0000000020410000 - 0x00000000207df000 	D:\Matlab\bin\win64\libmwms.dll
0x000007fefadc0000 - 0x000007fefadd0000 	D:\Matlab\bin\win64\boost_iostreams-vc110-mt-1_49.dll
0x00000000fd610000 - 0x00000000fda54000 	D:\Matlab\bin\win64\mlutil.dll
0x00000000207e0000 - 0x0000000020b0f000 	D:\Matlab\bin\win64\settingscore.dll
0x00000000fd590000 - 0x00000000fd609000 	D:\Matlab\bin\win64\xmlcore.dll
0x0000000020b10000 - 0x0000000020d73000 	D:\Matlab\bin\win64\xerces-c_3_1.dll
0x00000000fd310000 - 0x00000000fd316000 	D:\Matlab\bin\win64\libmwnativedisplay.dll
0x000000001b7d0000 - 0x000000001b82a000 	D:\Matlab\bin\win64\opccore.dll
0x00000000fd1e0000 - 0x00000000fd2f9000 	D:\Matlab\bin\win64\opcmodel.dll
0x0000000020d80000 - 0x0000000020ff1000 	D:\Matlab\bin\win64\libmwflnetwork.dll
0x00000000fd1b0000 - 0x00000000fd1db000 	D:\Matlab\bin\win64\opczippackage.dll
0x000000006fce0000 - 0x000000006fcef000 	D:\Matlab\bin\win64\libminizip.dll
0x000000001f9b0000 - 0x000000001fb48000 	D:\Matlab\bin\win64\opcmwservices.dll
0x000000001a780000 - 0x000000001a79f000 	D:\Matlab\bin\win64\webproxy.dll
0x000007fef7490000 - 0x000007fef7501000 	C:\Windows\system32\WINHTTP.dll
0x000007fef7420000 - 0x000007fef7485000 	C:\Windows\system32\webio.dll
0x000007feff0d0000 - 0x000007feff167000 	C:\Windows\system32\COMDLG32.dll
0x000007fefaf40000 - 0x000007fefaf56000 	C:\Windows\system32\NETAPI32.dll
0x000007fefaf10000 - 0x000007fefaf1c000 	C:\Windows\system32\netutils.dll
0x000007fefaef0000 - 0x000007fefaf05000 	C:\Windows\system32\wkscli.dll
0x000007feed5a0000 - 0x000007feed78e000 	D:\Matlab\bin\win64\PocoFoundation64.dll
0x000007feef230000 - 0x000007feef34f000 	D:\Matlab\bin\win64\PocoNet64.dll
0x000007fef3c10000 - 0x000007fef3c59000 	D:\Matlab\bin\win64\PocoNetSSL64.dll
0x000007feef0a0000 - 0x000007feef229000 	D:\Matlab\bin\win64\LIBEAY32.dll

VM Arguments:
jvm_args: -Dfile.encoding=UTF-8 
java_command: SocketServer
java_class_path (initial): C:\Users\admin\workspace\SoundSocketServer4\bin;C:\Users\admin\workspace\SoundSocketServer4\jar\javabuilder.jar;C:\Users\admin\workspace\SoundSocketServer4\jar\MatlabSubFunction.jar;C:\Users\admin\workspace\SoundSocketServer4\jar\mysql-connector-java-5.1.40-bin.jar
Launcher Type: SUN_STANDARD

Environment Variables:
JAVA_HOME=C:\Program Files\Java\jdk1.7.0_79
CLASSPATH=D:\Matlab\toolbox\javabuilder\javabuilder.jar;D:\javabuilder_example\aa\for_testing\aa.jar
PATH=D:\Matlab\bin\win64;C:\Program Files\Java\jdk1.8.0_65\jre\bin\server;C:\Program Files\Java\jdk1.8.0_65\jre\bin;C:\Program Files\Java\jdk1.8.0_65\jre\lib\amd64;C:\ProgramData\Oracle\Java\javapath;C:\Program Files (x86)\Intel\iCLS Client\;C:\Program Files\Intel\iCLS Client\;C:\Windows\system32;C:\Windows;C:\Windows\System32\Wbem;C:\Windows\System32\WindowsPowerShell\v1.0\;C:\Program Files\Intel\Intel(R) Management Engine Components\DAL;C:\Program Files (x86)\Intel\Intel(R) Management Engine Components\DAL;C:\Program Files\Intel\Intel(R) Management Engine Components\IPT;C:\Program Files (x86)\Intel\Intel(R) Management Engine Components\IPT;C:\Windows\system32\config\systemprofile\.dnx\bin;C:\Program Files\Microsoft DNX\Dnvm\;C:\Program Files (x86)\Windows Kits\8.1\Windows Performance Toolkit\;C:\Program Files\Java\jdk1.8.0_65\bin;D:\Matlab\runtime\win64;D:\Matlab\bin;D:\Matlab\polyspace\bin;C:\Program Files (x86)\Skype\Phone\;C:\Users\admin\Desktop
USERNAME=admin
OS=Windows_NT
PROCESSOR_IDENTIFIER=Intel64 Family 6 Model 60 Stepping 3, GenuineIntel



---------------  S Y S T E M  ---------------

OS: Windows 7 , 64 bit Build 7601 (6.1.7601.23569)

CPU:total 4 (4 cores per cpu, 1 threads per core) family 6 model 60 stepping 3, cmov, cx8, fxsr, mmx, sse, sse2, sse3, ssse3, sse4.1, sse4.2, popcnt, avx, avx2, aes, clmul, erms, rtm, lzcnt, tsc, tscinvbit, bmi1, bmi2

Memory: 4k page, physical 12452928k(3293292k free), swap 24903996k(14566328k free)

vm_info: Java HotSpot(TM) 64-Bit Server VM (25.65-b01) for windows-amd64 JRE (1.8.0_65-b17), built on Oct  6 2015 16:39:20 by "java_re" with MS VC++ 10.0 (VS2010)

time: Wed Nov 30 16:48:01 2016
elapsed time: 2 seconds (0d 0h 0m 2s)

