#
# A fatal error has been detected by the Java Runtime Environment:
#
#  EXCEPTION_ACCESS_VIOLATION (0xc0000005) at pc=0x000000001fe3d433, pid=15624, tid=30448
#
# JRE version: Java(TM) SE Runtime Environment (8.0_65-b17) (build 1.8.0_65-b17)
# Java VM: Java HotSpot(TM) 64-Bit Server VM (25.65-b01 mixed mode windows-amd64 compressed oops)
# Problematic frame:
# C  [nativemcl.dll+0xed433]
#
# Failed to write core dump. Minidumps are not enabled by default on client versions of Windows
#
# If you would like to submit a bug report, please visit:
#   http://bugreport.java.com/bugreport/crash.jsp
#

---------------  T H R E A D  ---------------

Current thread (0x000000001987a800):  VMThread [stack: 0x000000001a880000,0x000000001a980000] [id=30448]

siginfo: ExceptionCode=0xc0000005, reading address 0x00000000000000b0

Registers:
RAX=0x0000000000000000, RBX=0x0000000023c476e0, RCX=0x000000001987a9f8, RDX=0x000000001c311508
RSP=0x000000001a97f188, RBP=0x00000000238c4d10, RSI=0x000000001987a9f8, RDI=0x000000001a97f218
R8 =0x0000000023c47730, R9 =0x0000000023bb5060, R10=0x000000001a97f1f0, R11=0x000000001a97f1e8
R12=0x00000000238c4d70, R13=0x00000000238c4d10, R14=0x00000000238c4d40, R15=0x0000000000000000
RIP=0x000000001fe3d433, EFLAGS=0x0000000000010202

Top of Stack: (sp=0x000000001a97f188)
0x000000001a97f188:   000000001fe3c64a 0000000023c476e0
0x000000001a97f198:   000000001b4899b8 0000000023c476e0
0x000000001a97f1a8:   000000002394c400 fffffffffffffffe
0x000000001a97f1b8:   000000001ffa40a1 000000001fe4c390
0x000000001a97f1c8:   0000000070806490 656a624f5f676e61
0x000000001a97f1d8:   00004949325f7463 0000000000000001
0x000000001a97f1e8:   000000001fe4bdd5 000000001987a9f8
0x000000001a97f1f8:   0000000023c476e0 000000002393c630
0x000000001a97f208:   000000001b4899b8 fffffffffffffffe
0x000000001a97f218:   000000001fe3d430 000000001c311508
0x000000001a97f228:   000000001b472803 000000001b4899b8
0x000000001a97f238:   000000001fe4e2fc 0000000023c476e0
0x000000001a97f248:   000000001b4899b0 fffffffffffffffe
0x000000001a97f258:   0000000002000002 fffffffffffffffe
0x000000001a97f268:   0000000000000001 0000000000000000
0x000000001a97f278:   000000001b472888 000000001b4899b0 

Instructions: (pc=0x000000001fe3d433)
0x000000001fe3d413:   15 00 f6 c3 01 74 08 48 8b cf e8 c0 20 12 00 48
0x000000001fe3d423:   8b c7 48 8b 5c 24 30 48 83 c4 20 5f c3 48 8b 01
0x000000001fe3d433:   48 ff a0 b0 00 00 00 cc cc cc cc cc cc 48 8b c1
0x000000001fe3d443:   c3 cc cc cc cc cc cc cc cc cc cc cc cc 40 57 48 


Register to memory mapping:

RAX=0x0000000000000000 is an unknown value
RBX=0x0000000023c476e0 is an unknown value
RCX=0x000000001987a9f8 is an unknown value
RDX=0x000000001c311508 is a global jni handle
RSP=0x000000001a97f188 is an unknown value
RBP=0x00000000238c4d10 is an unknown value
RSI=0x000000001987a9f8 is an unknown value
RDI=0x000000001a97f218 is an unknown value
R8 =0x0000000023c47730 is an unknown value
R9 =0x0000000023bb5060 is an unknown value
R10=0x000000001a97f1f0 is an unknown value
R11=0x000000001a97f1e8 is an unknown value
R12=0x00000000238c4d70 is an unknown value
R13=0x00000000238c4d10 is an unknown value
R14=0x00000000238c4d40 is an unknown value
R15=0x0000000000000000 is an unknown value


Stack: [0x000000001a880000,0x000000001a980000],  sp=0x000000001a97f188,  free space=1020k
Native frames: (J=compiled Java code, j=interpreted, Vv=VM code, C=native code)
C  [nativemcl.dll+0xed433]

VM_Operation (0x000000001cced230): Exit, mode: safepoint, requested by thread 0x000000001c2bb000


---------------  P R O C E S S  ---------------

Java Threads: ( => current thread )
  0x000000001c2bb000 JavaThread "AWT-EventQueue-0" [_thread_blocked, id=19204, stack(0x000000001cbf0000,0x000000001ccf0000)]
  0x000000001b0c1800 JavaThread "AWT-Shutdown" [_thread_blocked, id=14312, stack(0x0000000002370000,0x0000000002470000)]
  0x000000001b0b9000 JavaThread "Java2D Disposer" daemon [_thread_blocked, id=21764, stack(0x000000001bac0000,0x000000001bbc0000)]
  0x00000000198ef800 JavaThread "Service Thread" daemon [_thread_blocked, id=26132, stack(0x000000001b7b0000,0x000000001b8b0000)]
  0x00000000198ed000 JavaThread "C1 CompilerThread2" daemon [_thread_blocked, id=28688, stack(0x000000001b650000,0x000000001b750000)]
  0x00000000198ec000 JavaThread "C2 CompilerThread1" daemon [_thread_blocked, id=28300, stack(0x000000001b490000,0x000000001b590000)]
  0x000000001ad3d800 JavaThread "C2 CompilerThread0" daemon [_thread_blocked, id=21672, stack(0x000000001a980000,0x000000001aa80000)]
  0x000000001ad3b800 JavaThread "Attach Listener" daemon [_thread_blocked, id=3812, stack(0x000000001b300000,0x000000001b400000)]
  0x000000001ad3b000 JavaThread "Signal Dispatcher" daemon [_thread_blocked, id=8792, stack(0x000000001b170000,0x000000001b270000)]
  0x0000000019887000 JavaThread "Finalizer" daemon [_thread_blocked, id=10856, stack(0x000000001ac30000,0x000000001ad30000)]
  0x0000000019880000 JavaThread "Reference Handler" daemon [_thread_blocked, id=21600, stack(0x000000001aab0000,0x000000001abb0000)]
  0x000000000223e000 JavaThread "main" [_thread_in_native, id=25312, stack(0x0000000002470000,0x0000000002570000)]

Other Threads:
=>0x000000001987a800 VMThread [stack: 0x000000001a880000,0x000000001a980000] [id=30448]

VM state:at safepoint (shutting down)

VM Mutex/Monitor currently owned by a thread:  ([mutex/lock_event])
[0x000000000223c4e0] Threads_lock - owner thread: 0x000000001987a800

Heap:
 PSYoungGen      total 57344K, used 15846K [0x0000000780a00000, 0x0000000784a00000, 0x00000007c0000000)
  eden space 49152K, 32% used [0x0000000780a00000,0x0000000781979968,0x0000000783a00000)
  from space 8192K, 0% used [0x0000000784200000,0x0000000784200000,0x0000000784a00000)
  to   space 8192K, 0% used [0x0000000783a00000,0x0000000783a00000,0x0000000784200000)
 ParOldGen       total 131072K, used 0K [0x0000000701e00000, 0x0000000709e00000, 0x0000000780a00000)
  object space 131072K, 0% used [0x0000000701e00000,0x0000000701e00000,0x0000000709e00000)
 Metaspace       used 11567K, capacity 11744K, committed 11904K, reserved 1058816K
  class space    used 1478K, capacity 1541K, committed 1664K, reserved 1048576K

Card table byte_map: [0x0000000011930000,0x0000000011f30000] byte_map_base: 0x000000000e121000

Marking Bits: (ParMarkBitMap*) 0x000000007087a5b0
 Begin Bits: [0x00000000129e0000, 0x0000000015968000)
 End Bits:   [0x0000000015968000, 0x00000000188f0000)

Polling page: 0x0000000000210000

CodeCache: size=245760Kb used=2571Kb max_used=2576Kb free=243188Kb
 bounds [0x0000000002570000, 0x0000000002800000, 0x0000000011570000]
 total_blobs=1194 nmethods=708 adapters=399
 compilation: enabled

Compilation events (10 events):
Event: 1.043 Thread 0x00000000198ed000  702       3       java.awt.Container::getMouseEventTarget (50 bytes)
Event: 1.043 Thread 0x00000000198ed000 nmethod 702 0x00000000027f1dd0 code [0x00000000027f1f40, 0x00000000027f2258]
Event: 1.074 Thread 0x00000000198ed000  704       3       sun.awt.EventQueueItem::<init> (10 bytes)
Event: 1.074 Thread 0x00000000198ed000 nmethod 704 0x00000000027f2350 code [0x00000000027f24a0, 0x00000000027f2670]
Event: 1.083 Thread 0x00000000198ec000  705       4       java.util.ArrayList$Itr::hasNext (20 bytes)
Event: 1.083 Thread 0x00000000198ec000 nmethod 705 0x00000000027aef90 code [0x00000000027af0c0, 0x00000000027af158]
Event: 1.091 Thread 0x00000000198ed000  706  s    3       java.awt.KeyboardFocusManager::getCurrentKeyboardFocusManager (32 bytes)
Event: 1.091 Thread 0x00000000198ed000 nmethod 706 0x00000000027f4a90 code [0x00000000027f4c20, 0x00000000027f5208]
Event: 1.092 Thread 0x00000000198ed000  707       3       java.awt.KeyboardFocusManager::getCurrentKeyboardFocusManager (7 bytes)
Event: 1.092 Thread 0x00000000198ed000 nmethod 707 0x00000000027f3f90 code [0x00000000027f4140, 0x00000000027f47f8]

GC Heap History (0 events):
No events

Deoptimization events (0 events):
No events

Internal exceptions (10 events):
Event: 0.154 Thread 0x000000000223e000 Exception <a 'java/security/PrivilegedActionException'> (0x0000000780ae8040) thrown at [C:\workspace\8-2-build-windows-amd64-cygwin\jdk8u65\4987\hotspot\src\share\vm\prims\jvm.cpp, line 1386]
Event: 0.154 Thread 0x000000000223e000 Exception <a 'java/security/PrivilegedActionException'> (0x0000000780ae8250) thrown at [C:\workspace\8-2-build-windows-amd64-cygwin\jdk8u65\4987\hotspot\src\share\vm\prims\jvm.cpp, line 1386]
Event: 0.160 Thread 0x000000000223e000 Exception <a 'java/io/FileNotFoundException'> (0x0000000780af1f08) thrown at [C:\workspace\8-2-build-windows-amd64-cygwin\jdk8u65\4987\hotspot\src\share\vm\prims\jni.cpp, line 709]
Event: 0.197 Thread 0x000000000223e000 Exception <a 'java/lang/NoSuchFieldError': method resolution failed> (0x0000000780daac68) thrown at [C:\workspace\8-2-build-windows-amd64-cygwin\jdk8u65\4987\hotspot\src\share\vm\prims\methodHandles.cpp, line 1146]
Event: 0.198 Thread 0x000000000223e000 Exception <a 'java/lang/NoSuchFieldError': method resolution failed> (0x0000000780db8038) thrown at [C:\workspace\8-2-build-windows-amd64-cygwin\jdk8u65\4987\hotspot\src\share\vm\prims\methodHandles.cpp, line 1146]
Event: 0.232 Thread 0x000000000223e000 Exception <a 'java/io/FileNotFoundException'> (0x0000000780e4c270) thrown at [C:\workspace\8-2-build-windows-amd64-cygwin\jdk8u65\4987\hotspot\src\share\vm\prims\jni.cpp, line 709]
Event: 0.344 Thread 0x000000000223e000 Exception <a 'java/io/FileNotFoundException'> (0x000000078105b978) thrown at [C:\workspace\8-2-build-windows-amd64-cygwin\jdk8u65\4987\hotspot\src\share\vm\prims\jni.cpp, line 709]
Event: 0.344 Thread 0x000000000223e000 Exception <a 'java/lang/NullPointerException'> (0x000000078105bfb0) thrown at [C:\workspace\8-2-build-windows-amd64-cygwin\jdk8u65\4987\hotspot\src\share\vm\interpreter\linkResolver.cpp, line 1178]
Event: 0.659 Thread 0x000000000223e000 Exception <a 'java/lang/UnsatisfiedLinkError':  while attempting to locate symbol JNI_com_mathworks_toolbox_javabuilder_internal_JBOSSHack_OnLoad: §ä¤£¨ì«ü©wªºµ{§Ç¡C
> (0x0000000781785918) thrown at [C:\workspace\8-2-build-windows-amd64-cygwin\jdk8u65\498=ÎfFáå?
Event: 0.659 Thread 0x000000000223e000 Exception <a 'java/lang/UnsatisfiedLinkError':  while attempting to locate symbol JNI_com_mathworks_toolbox_javabuilder_internal_JBOSSHack_OnUnload: §ä¤£¨ì«ü©wªºµ{§Ç¡C
> (0x0000000781786410) thrown at [C:\workspace\8-2-build-windows-amd64-cygwin\jdk8u65\4e}

Events (10 events):
Event: 1.099 loading class java/awt/LightweightDispatcher$2
Event: 1.099 loading class java/awt/LightweightDispatcher$2 done
Event: 1.491 Thread 0x000000001c59a800 Thread added: 0x000000001c59a800
Event: 1.491 Thread 0x000000001c59b800 Thread added: 0x000000001c59b800
Event: 1.492 Thread 0x000000001c59c000 Thread added: 0x000000001c59c000
Event: 1.492 Thread 0x000000001c59a800 Thread exited: 0x000000001c59a800
Event: 1.492 Thread 0x000000001c59b800 Thread exited: 0x000000001c59b800
Event: 1.497 Thread 0x000000001b0c2800 Thread exited: 0x000000001b0c2800
Event: 1.592 Thread 0x000000001c59c000 Thread exited: 0x000000001c59c000
Event: 1.592 Executing VM operation: Exit


Dynamic libraries:
0x000000013ffc0000 - 0x000000013fff7000 	C:\Program Files\Java\jdk1.8.0_65\bin\javaw.exe
0x0000000077740000 - 0x00000000778ea000 	C:\Windows\SYSTEM32\ntdll.dll
0x0000000077520000 - 0x000000007763f000 	C:\Windows\system32\kernel32.dll
0x000007fefd630000 - 0x000007fefd69a000 	C:\Windows\system32\KERNELBASE.dll
0x000007feff0d0000 - 0x000007feff1ab000 	C:\Windows\system32\ADVAPI32.dll
0x000007fefd950000 - 0x000007fefd9ef000 	C:\Windows\system32\msvcrt.dll
0x000007feff0b0000 - 0x000007feff0cf000 	C:\Windows\SYSTEM32\sechost.dll
0x000007feff920000 - 0x000007feffa4d000 	C:\Windows\system32\RPCRT4.dll
0x0000000077640000 - 0x000000007773a000 	C:\Windows\system32\USER32.dll
0x000007fefe1e0000 - 0x000007fefe247000 	C:\Windows\system32\GDI32.dll
0x000007feff200000 - 0x000007feff20e000 	C:\Windows\system32\LPK.dll
0x000007fefd9f0000 - 0x000007fefdaba000 	C:\Windows\system32\USP10.dll
0x000007fefba10000 - 0x000007fefbc04000 	C:\Windows\WinSxS\amd64_microsoft.windows.common-controls_6595b64144ccf1df_6.0.7601.18837_none_fa3b1e3d17594757\COMCTL32.dll
0x000007fefd830000 - 0x000007fefd8a1000 	C:\Windows\system32\SHLWAPI.dll
0x000007fefe2f0000 - 0x000007fefe31e000 	C:\Windows\system32\IMM32.DLL
0x000007feff530000 - 0x000007feff639000 	C:\Windows\system32\MSCTF.dll
0x0000000055160000 - 0x0000000055232000 	C:\Program Files\Java\jdk1.8.0_65\jre\bin\msvcr100.dll
0x0000000070070000 - 0x00000000708f9000 	C:\Program Files\Java\jdk1.8.0_65\jre\bin\server\jvm.dll
0x000007fef8220000 - 0x000007fef8229000 	C:\Windows\system32\WSOCK32.dll
0x000007feff1b0000 - 0x000007feff1fd000 	C:\Windows\system32\WS2_32.dll
0x000007feff210000 - 0x000007feff218000 	C:\Windows\system32\NSI.dll
0x000007fefaf80000 - 0x000007fefafbb000 	C:\Windows\system32\WINMM.dll
0x000007fefccf0000 - 0x000007fefccfc000 	C:\Windows\system32\VERSION.dll
0x0000000077900000 - 0x0000000077907000 	C:\Windows\system32\PSAPI.DLL
0x000000006e640000 - 0x000000006e64f000 	C:\Program Files\Java\jdk1.8.0_65\jre\bin\verify.dll
0x0000000056d80000 - 0x0000000056da9000 	C:\Program Files\Java\jdk1.8.0_65\jre\bin\java.dll
0x00000000562a0000 - 0x00000000562b6000 	C:\Program Files\Java\jdk1.8.0_65\jre\bin\zip.dll
0x000007fefe320000 - 0x000007feff0aa000 	C:\Windows\system32\SHELL32.dll
0x000007feff220000 - 0x000007feff423000 	C:\Windows\system32\ole32.dll
0x000007fefd480000 - 0x000007fefd48f000 	C:\Windows\system32\profapi.dll
0x000000006cef0000 - 0x000000006d088000 	C:\Program Files\Java\jdk1.8.0_65\jre\bin\awt.dll
0x000007fefe100000 - 0x000007fefe1da000 	C:\Windows\system32\OLEAUT32.dll
0x000007fefb640000 - 0x000007fefb658000 	C:\Windows\system32\DWMAPI.DLL
0x000007fefbe10000 - 0x000007fefbe66000 	C:\Windows\system32\uxtheme.dll
0x000007fefd2d0000 - 0x000007fefd2df000 	C:\Windows\system32\CRYPTBASE.dll
0x00000000561d0000 - 0x0000000056217000 	C:\Program Files\Java\jdk1.8.0_65\jre\bin\fontmanager.dll
0x000007feff490000 - 0x000007feff529000 	C:\Windows\system32\CLBCatQ.DLL
0x000007fefb490000 - 0x000007fefb5f1000 	C:\Windows\system32\WindowsCodecs.dll
0x000007fefd270000 - 0x000007fefd2c7000 	C:\Windows\system32\apphelp.dll
0x000007feef490000 - 0x000007feef6d0000 	C:\PROGRA~1\MICROS~1\Office15\GROOVEEX.DLL
0x0000000068c90000 - 0x0000000068d28000 	C:\Windows\system32\MSVCP100.dll
0x00000000691f0000 - 0x000000006921b000 	C:\Windows\system32\ATL100.DLL
0x000007fef6da0000 - 0x000007fef70be000 	C:\Windows\system32\msi.dll
0x000007feee730000 - 0x000007feeef8f000 	C:\PROGRA~1\MICROS~1\Office15\1028\GrooveIntlResource.dll
0x000007fef6b30000 - 0x000007fef6b65000 	C:\Windows\system32\EhStorShell.dll
0x000007fefdf20000 - 0x000007fefe0f7000 	C:\Windows\system32\SETUPAPI.dll
0x000007fefd5f0000 - 0x000007fefd626000 	C:\Windows\system32\CFGMGR32.dll
0x000007fefd4b0000 - 0x000007fefd4ca000 	C:\Windows\system32\DEVOBJ.dll
0x000007fefc120000 - 0x000007fefc24c000 	C:\Windows\system32\PROPSYS.dll
0x000007fef67b0000 - 0x000007fef682e000 	C:\Windows\System32\cscui.dll
0x000007fefbfe0000 - 0x000007fefbfec000 	C:\Windows\System32\CSCDLL.dll
0x000007fef8de0000 - 0x000007fef8def000 	C:\Windows\system32\CSCAPI.dll
0x000007fef20a0000 - 0x000007fef2120000 	C:\Windows\system32\ntshrui.dll
0x000007fefd140000 - 0x000007fefd163000 	C:\Windows\system32\srvcli.dll
0x000007fefab90000 - 0x000007fefab9b000 	C:\Windows\system32\slc.dll
0x0000000056280000 - 0x000000005629a000 	C:\Program Files\Java\jdk1.8.0_65\jre\bin\net.dll
0x000007fefca70000 - 0x000007fefcac5000 	C:\Windows\system32\mswsock.dll
0x000007fefca60000 - 0x000007fefca67000 	C:\Windows\System32\wship6.dll
0x0000000056220000 - 0x0000000056231000 	C:\Program Files\Java\jdk1.8.0_65\jre\bin\nio.dll
0x0000000056180000 - 0x00000000561c2000 	C:\Program Files\Java\jdk1.8.0_65\jre\bin\t2k.dll
0x000007fefabf0000 - 0x000007fefac05000 	C:\Windows\system32\NLAapi.dll
0x000007fef9500000 - 0x000007fef9515000 	C:\Windows\system32\napinsp.dll
0x000007fef94c0000 - 0x000007fef94d9000 	C:\Windows\system32\pnrpnsp.dll
0x000007fefc8f0000 - 0x000007fefc94b000 	C:\Windows\system32\DNSAPI.dll
0x000007fef94a0000 - 0x000007fef94ab000 	C:\Windows\System32\winrnr.dll
0x0000000074e70000 - 0x0000000074e96000 	C:\Program Files\Bonjour\mdnsNSP.dll
0x000007fef9f10000 - 0x000007fef9f37000 	C:\Windows\system32\Iphlpapi.DLL
0x000007fef9f00000 - 0x000007fef9f0b000 	C:\Windows\system32\WINNSI.DLL
0x000007fefcd00000 - 0x000007fefcd07000 	C:\Windows\System32\wshtcpip.dll
0x000007fef98b0000 - 0x000007fef98b8000 	C:\Windows\system32\rasadhlp.dll
0x000007fef9d60000 - 0x000007fef9db3000 	C:\Windows\System32\fwpuclnt.dll
0x0000000180000000 - 0x0000000180034000 	D:\Matlab\bin\win64\BuilderJABootstrap.dll
0x0000000001e10000 - 0x0000000001e1c000 	D:\Matlab\bin\win64\nativedl.dll
0x000007fef86a0000 - 0x000007fef8747000 	C:\Windows\system32\MSVCP110.dll
0x000007fef85c0000 - 0x000007fef8694000 	C:\Windows\system32\MSVCR110.dll
0x00000000fe7f0000 - 0x00000000fea15000 	D:\Matlab\bin\win64\libmwfl.dll
0x000007fefd8b0000 - 0x000007fefd8c9000 	C:\Windows\system32\imagehlp.dll
0x00000000fff00000 - 0x0000000100001000 	D:\Matlab\bin\win64\libmwi18n.dll
0x00000000ffef0000 - 0x00000000ffef9000 	D:\Matlab\bin\win64\libmwresource_core.dll
0x000007fefb3f0000 - 0x000007fefb3ff000 	D:\Matlab\bin\win64\boost_date_time-vc110-mt-1_49.dll
0x000007feee0f0000 - 0x000007feee11c000 	D:\Matlab\bin\win64\boost_filesystem-vc110-mt-1_49.dll
0x000007fefb0a0000 - 0x000007fefb0a9000 	D:\Matlab\bin\win64\boost_system-vc110-mt-1_49.dll
0x000007feee0d0000 - 0x000007feee0e1000 	D:\Matlab\bin\win64\boost_thread-vc110-mt-1_49.dll
0x000007feedf70000 - 0x000007feedf95000 	D:\Matlab\bin\win64\LIBEXPAT.dll
0x00000000feee0000 - 0x00000000ff0b7000 	D:\Matlab\bin\win64\icuin54.dll
0x00000000ff9d0000 - 0x00000000ffb26000 	D:\Matlab\bin\win64\icuuc54.dll
0x000000001e520000 - 0x000000001fd4c000 	D:\Matlab\bin\win64\icudt54.dll
0x0000000056160000 - 0x0000000056171000 	D:\Matlab\bin\win64\icuio54.dll
0x000007feedee0000 - 0x000007feedf68000 	D:\Matlab\bin\win64\boost_log-vc110-mt-1_49.dll
0x000007feede00000 - 0x000007feededd000 	D:\Matlab\bin\win64\boost_regex-vc110-mt-1_49.dll
0x000007feeddb0000 - 0x000007feeddf5000 	D:\Matlab\bin\win64\boost_serialization-vc110-mt-1_49.dll
0x000007feee090000 - 0x000007feee0a1000 	D:\Matlab\bin\win64\boost_signals-vc110-mt-1_49.dll
0x000007feedd70000 - 0x000007feeddaf000 	D:\Matlab\bin\win64\tbb.dll
0x000007fefc2a0000 - 0x000007fefc2cc000 	C:\Windows\system32\POWRPROF.dll
0x000000001fd50000 - 0x0000000020065000 	D:\Matlab\bin\win64\nativemcl.dll
0x000000001bbc0000 - 0x000000001bc8a000 	D:\Matlab\bin\win64\libut.dll
0x00000000fe100000 - 0x00000000fe2b2000 	D:\Matlab\bin\win64\libmx.dll
0x000007feedd30000 - 0x000007feedd70000 	D:\Matlab\bin\win64\tbbmalloc.dll
0x0000000055f40000 - 0x0000000055f57000 	D:\Matlab\bin\win64\zlib1.dll
0x0000000020070000 - 0x0000000020573000 	D:\Matlab\bin\win64\libmwservices.dll
0x0000000012690000 - 0x00000000126a7000 	D:\Matlab\bin\win64\display_device.dll
0x00000000fe090000 - 0x00000000fe0e0000 	D:\Matlab\bin\win64\libmwregexp.dll
0x000000001abb0000 - 0x000000001ac05000 	D:\Matlab\bin\win64\mpath.dll
0x0000000020580000 - 0x000000002094f000 	D:\Matlab\bin\win64\libmwms.dll
0x000007fef5910000 - 0x000007fef5920000 	D:\Matlab\bin\win64\boost_iostreams-vc110-mt-1_49.dll
0x00000000fd610000 - 0x00000000fda54000 	D:\Matlab\bin\win64\mlutil.dll
0x0000000020950000 - 0x0000000020c7f000 	D:\Matlab\bin\win64\settingscore.dll
0x00000000fd590000 - 0x00000000fd609000 	D:\Matlab\bin\win64\xmlcore.dll
0x0000000020c80000 - 0x0000000020ee3000 	D:\Matlab\bin\win64\xerces-c_3_1.dll
0x00000000fd310000 - 0x00000000fd316000 	D:\Matlab\bin\win64\libmwnativedisplay.dll
0x000000001b270000 - 0x000000001b2ca000 	D:\Matlab\bin\win64\opccore.dll
0x00000000fd1e0000 - 0x00000000fd2f9000 	D:\Matlab\bin\win64\opcmodel.dll
0x0000000020ef0000 - 0x0000000021161000 	D:\Matlab\bin\win64\libmwflnetwork.dll
0x00000000fd1b0000 - 0x00000000fd1db000 	D:\Matlab\bin\win64\opczippackage.dll
0x0000000056150000 - 0x000000005615f000 	D:\Matlab\bin\win64\libminizip.dll
0x0000000021170000 - 0x0000000021308000 	D:\Matlab\bin\win64\opcmwservices.dll
0x000000001aa80000 - 0x000000001aa9f000 	D:\Matlab\bin\win64\webproxy.dll
0x000007fef87f0000 - 0x000007fef8861000 	C:\Windows\system32\WINHTTP.dll
0x000007fef8780000 - 0x000007fef87e5000 	C:\Windows\system32\webio.dll
0x000007fefe250000 - 0x000007fefe2e7000 	C:\Windows\system32\COMDLG32.dll
0x000007fefb340000 - 0x000007fefb356000 	C:\Windows\system32\NETAPI32.dll
0x000007fefb330000 - 0x000007fefb33c000 	C:\Windows\system32\netutils.dll
0x000007fefb310000 - 0x000007fefb325000 	C:\Windows\system32\wkscli.dll
0x000007fee8870000 - 0x000007fee8a5e000 	D:\Matlab\bin\win64\PocoFoundation64.dll
0x000007feedc10000 - 0x000007feedd2f000 	D:\Matlab\bin\win64\PocoNet64.dll
0x000007feedbc0000 - 0x000007feedc09000 	D:\Matlab\bin\win64\PocoNetSSL64.dll
0x000007fee9090000 - 0x000007fee9219000 	D:\Matlab\bin\win64\LIBEAY32.dll
0x000007feedb60000 - 0x000007feedbb9000 	D:\Matlab\bin\win64\SSLEAY32.dll

VM Arguments:
jvm_args: -Dfile.encoding=UTF-8 
java_command: SocketServer
java_class_path (initial): C:\Users\admin\workspace\SoundSocketServer\bin;C:\Users\admin\workspace\SoundSocketServer\jar\javabuilder.jar;C:\Users\admin\workspace\SoundSocketServer\jar\MatlabSubFunction.jar
Launcher Type: SUN_STANDARD

Environment Variables:
JAVA_HOME=C:\Program Files\Java\jdk1.7.0_79
CLASSPATH=D:\Matlab\toolbox\javabuilder\javabuilder.jar;D:\javabuilder_example\aa\for_testing\aa.jar
PATH=D:\Matlab\bin\win64;C:\Program Files\Java\jdk1.8.0_65\jre\bin\server;C:\Program Files\Java\jdk1.8.0_65\jre\bin;C:\Program Files\Java\jdk1.8.0_65\jre\lib\amd64;C:\ProgramData\Oracle\Java\javapath;C:\Program Files (x86)\Intel\iCLS Client\;C:\Program Files\Intel\iCLS Client\;C:\Windows\system32;C:\Windows;C:\Windows\System32\Wbem;C:\Windows\System32\WindowsPowerShell\v1.0\;C:\Program Files\Intel\Intel(R) Management Engine Components\DAL;C:\Program Files (x86)\Intel\Intel(R) Management Engine Components\DAL;C:\Program Files\Intel\Intel(R) Management Engine Components\IPT;C:\Program Files (x86)\Intel\Intel(R) Management Engine Components\IPT;C:\Windows\system32\config\systemprofile\.dnx\bin;C:\Program Files\Microsoft DNX\Dnvm\;C:\Program Files (x86)\Windows Kits\8.1\Windows Performance Toolkit\;C:\Program Files\Java\jdk1.8.0_65\bin;D:\Matlab\runtime\win64;D:\Matlab\bin;D:\Matlab\polyspace\bin;C:\Program Files (x86)\Skype\Phone\;C:\Windows\system32
USERNAME=admin
OS=Windows_NT
PROCESSOR_IDENTIFIER=Intel64 Family 6 Model 60 Stepping 3, GenuineIntel



---------------  S Y S T E M  ---------------

OS: Windows 7 , 64 bit Build 7601 (6.1.7601.23539)

CPU:total 4 (4 cores per cpu, 1 threads per core) family 6 model 60 stepping 3, cmov, cx8, fxsr, mmx, sse, sse2, sse3, ssse3, sse4.1, sse4.2, popcnt, avx, avx2, aes, clmul, erms, rtm, lzcnt, tsc, tscinvbit, bmi1, bmi2

Memory: 4k page, physical 12452928k(3316140k free), swap 24903996k(14353436k free)

vm_info: Java HotSpot(TM) 64-Bit Server VM (25.65-b01) for windows-amd64 JRE (1.8.0_65-b17), built on Oct  6 2015 16:39:20 by "java_re" with MS VC++ 10.0 (VS2010)

time: Fri Sep 23 20:35:43 2016
elapsed time: 2 seconds (0d 0h 0m 2s)

