#
# A fatal error has been detected by the Java Runtime Environment:
#
#  EXCEPTION_ACCESS_VIOLATION (0xc0000005) at pc=0x000000001f81d433, pid=24252, tid=25660
#
# JRE version: Java(TM) SE Runtime Environment (8.0_65-b17) (build 1.8.0_65-b17)
# Java VM: Java HotSpot(TM) 64-Bit Server VM (25.65-b01 mixed mode windows-amd64 compressed oops)
# Problematic frame:
# C  [nativemcl.dll+0xed433]
#
# Failed to write core dump. Minidumps are not enabled by default on client versions of Windows
#
# If you would like to submit a bug report, please visit:
#   http://bugreport.java.com/bugreport/crash.jsp
#

---------------  T H R E A D  ---------------

Current thread (0x000000001965a800):  VMThread [stack: 0x000000001a6c0000,0x000000001a7c0000] [id=25660]

siginfo: ExceptionCode=0xc0000005, reading address 0x00000000000000b0

Registers:
RAX=0x0000000000000000, RBX=0x0000000023b4f3e0, RCX=0x000000001965a9f8, RDX=0x000000001ae72490
RSP=0x000000001a7bef48, RBP=0x00000000235d2cd0, RSI=0x000000001965a9f8, RDI=0x000000001a7befd8
R8 =0x0000000023b4f430, R9 =0x000000002365a0a0, R10=0x000000001a7befb0, R11=0x000000001a7befa8
R12=0x00000000235d2d30, R13=0x00000000235d2cd0, R14=0x00000000235d2d00, R15=0x0000000000000000
RIP=0x000000001f81d433, EFLAGS=0x0000000000010202

Top of Stack: (sp=0x000000001a7bef48)
0x000000001a7bef48:   000000001f81c64a 0000000023b4f3e0
0x000000001a7bef58:   000000001c5d99b8 0000000023b4f3e0
0x000000001a7bef68:   000000002365afa0 fffffffffffffffe
0x000000001a7bef78:   000000001f9840a1 000000001f82c390
0x000000001a7bef88:   0000000051e76490 656a624f5f676e61
0x000000001a7bef98:   00004949325f7463 0000000000000001
0x000000001a7befa8:   000000001f82bdd5 000000001965a9f8
0x000000001a7befb8:   0000000023b4f3e0 fffffffffffffffe
0x000000001a7befc8:   000000001c5d99b8 fffffffffffffffe
0x000000001a7befd8:   000000001f81d430 000000001ae72490
0x000000001a7befe8:   000000001c5c2803 000000001c5d99b8
0x000000001a7beff8:   000000001f82e2fc 0000000023b4f3e0
0x000000001a7bf008:   000000001c5d99b0 fffffffffffffffe
0x000000001a7bf018:   0000000002000002 fffffffffffffffe
0x000000001a7bf028:   0000000000000001 0000000000000000
0x000000001a7bf038:   000000001c5c2888 000000001c5d99b0 

Instructions: (pc=0x000000001f81d433)
0x000000001f81d413:   15 00 f6 c3 01 74 08 48 8b cf e8 c0 20 12 00 48
0x000000001f81d423:   8b c7 48 8b 5c 24 30 48 83 c4 20 5f c3 48 8b 01
0x000000001f81d433:   48 ff a0 b0 00 00 00 cc cc cc cc cc cc 48 8b c1
0x000000001f81d443:   c3 cc cc cc cc cc cc cc cc cc cc cc cc 40 57 48 


Register to memory mapping:

RAX=0x0000000000000000 is an unknown value
RBX=0x0000000023b4f3e0 is an unknown value
RCX=0x000000001965a9f8 is an unknown value
RDX=0x000000001ae72490 is a global jni handle
RSP=0x000000001a7bef48 is an unknown value
RBP=0x00000000235d2cd0 is an unknown value
RSI=0x000000001965a9f8 is an unknown value
RDI=0x000000001a7befd8 is an unknown value
R8 =0x0000000023b4f430 is an unknown value
R9 =0x000000002365a0a0 is an unknown value
R10=0x000000001a7befb0 is an unknown value
R11=0x000000001a7befa8 is an unknown value
R12=0x00000000235d2d30 is an unknown value
R13=0x00000000235d2cd0 is an unknown value
R14=0x00000000235d2d00 is an unknown value
R15=0x0000000000000000 is an unknown value


Stack: [0x000000001a6c0000,0x000000001a7c0000],  sp=0x000000001a7bef48,  free space=1019k
Native frames: (J=compiled Java code, j=interpreted, Vv=VM code, C=native code)
C  [nativemcl.dll+0xed433]

VM_Operation (0x000000001c97cb00): Exit, mode: safepoint, requested by thread 0x000000001ae9d000


---------------  P R O C E S S  ---------------

Java Threads: ( => current thread )
  0x000000001bd33000 JavaThread "Connector Runnable" daemon [_thread_blocked, id=20708, stack(0x000000002b910000,0x000000002ba10000)]
  0x000000001bd32000 JavaThread "EventMgr Dispatcher" daemon [_thread_in_native, id=17772, stack(0x000000002a7d0000,0x000000002a8d0000)]
  0x000000001bd30800 JavaThread "MATLAB Compiler Runtime" daemon [_thread_blocked, id=26008, stack(0x0000000024d40000,0x0000000025540000)]
  0x000000001ae9d000 JavaThread "AWT-EventQueue-0" [_thread_blocked, id=27660, stack(0x000000001c880000,0x000000001c980000)]
  0x000000001ae8d800 JavaThread "AWT-Shutdown" [_thread_blocked, id=28948, stack(0x000000001c230000,0x000000001c330000)]
  0x000000001ae8c800 JavaThread "Java2D Disposer" daemon [_thread_blocked, id=26552, stack(0x000000001b0d0000,0x000000001b1d0000)]
  0x000000001ab37000 JavaThread "Service Thread" daemon [_thread_blocked, id=27852, stack(0x000000001b680000,0x000000001b780000)]
  0x00000000196cd800 JavaThread "C1 CompilerThread2" daemon [_thread_blocked, id=14412, stack(0x000000001aeb0000,0x000000001afb0000)]
  0x00000000196cc000 JavaThread "C2 CompilerThread1" daemon [_thread_blocked, id=2380, stack(0x000000001b4f0000,0x000000001b5f0000)]
  0x000000001aab7800 JavaThread "C2 CompilerThread0" daemon [_thread_blocked, id=28196, stack(0x000000001b340000,0x000000001b440000)]
  0x000000001aaac000 JavaThread "Attach Listener" daemon [_thread_blocked, id=21220, stack(0x000000001b200000,0x000000001b300000)]
  0x000000001aaab000 JavaThread "Signal Dispatcher" daemon [_thread_blocked, id=26416, stack(0x000000001afb0000,0x000000001b0b0000)]
  0x0000000019667000 JavaThread "Finalizer" daemon [_thread_blocked, id=19232, stack(0x000000001a9a0000,0x000000001aaa0000)]
  0x0000000019660000 JavaThread "Reference Handler" daemon [_thread_blocked, id=17100, stack(0x000000001a7d0000,0x000000001a8d0000)]
  0x000000000218e000 JavaThread "main" [_thread_in_native, id=25460, stack(0x00000000021f0000,0x00000000022f0000)]

Other Threads:
=>0x000000001965a800 VMThread [stack: 0x000000001a6c0000,0x000000001a7c0000] [id=25660]

VM state:at safepoint (shutting down)

VM Mutex/Monitor currently owned by a thread:  ([mutex/lock_event])
[0x000000000218c580] Threads_lock - owner thread: 0x000000001965a800

Heap:
 PSYoungGen      total 57344K, used 32349K [0x0000000780a00000, 0x0000000784a00000, 0x00000007c0000000)
  eden space 49152K, 53% used [0x0000000780a00000,0x0000000782381c80,0x0000000783a00000)
  from space 8192K, 76% used [0x0000000783a00000,0x0000000784015ae8,0x0000000784200000)
  to   space 8192K, 0% used [0x0000000784200000,0x0000000784200000,0x0000000784a00000)
 ParOldGen       total 131072K, used 16K [0x0000000701e00000, 0x0000000709e00000, 0x0000000780a00000)
  object space 131072K, 0% used [0x0000000701e00000,0x0000000701e04000,0x0000000709e00000)
 Metaspace       used 13407K, capacity 13820K, committed 13824K, reserved 1060864K
  class space    used 1682K, capacity 1788K, committed 1792K, reserved 1048576K

Card table byte_map: [0x0000000011780000,0x0000000011d80000] byte_map_base: 0x000000000df71000

Marking Bits: (ParMarkBitMap*) 0x0000000051eea5b0
 Begin Bits: [0x00000000127c0000, 0x0000000015748000)
 End Bits:   [0x0000000015748000, 0x00000000186d0000)

Polling page: 0x0000000000320000

CodeCache: size=245760Kb used=3852Kb max_used=3852Kb free=241907Kb
 bounds [0x00000000023c0000, 0x0000000002790000, 0x00000000113c0000]
 total_blobs=1623 nmethods=1111 adapters=425
 compilation: enabled

Compilation events (10 events):
Event: 2.158 Thread 0x00000000196cd800 nmethod 1108 0x0000000002782390 code [0x0000000002782520, 0x0000000002782968]
Event: 2.159 Thread 0x000000001aab7800 nmethod 1106 0x00000000027858d0 code [0x0000000002785a20, 0x0000000002785b98]
Event: 2.181 Thread 0x00000000196cd800 1109       3       sun.reflect.ByteVectorImpl::getLength (7 bytes)
Event: 2.181 Thread 0x00000000196cd800 nmethod 1109 0x000000000277dd50 code [0x000000000277dea0, 0x000000000277dff0]
Event: 2.181 Thread 0x00000000196cd800 1110   !   3       com.mathworks.jmi.OpaqueJavaInterface::findClass (281 bytes)
Event: 2.182 Thread 0x00000000196cd800 nmethod 1110 0x0000000002782e90 code [0x0000000002783160, 0x0000000002784d48]
Event: 2.204 Thread 0x00000000196cc000 1111       4       sun.net.www.ParseUtil::encodePath (336 bytes)
Event: 2.205 Thread 0x00000000196cd800 1112       3       sun.reflect.ReflectionFactory::copyField (10 bytes)
Event: 2.205 Thread 0x00000000196cd800 nmethod 1112 0x0000000002785d10 code [0x0000000002785ea0, 0x0000000002786288]
Event: 2.205 Thread 0x00000000196cd800 1113       3       java.lang.reflect.ReflectAccess::copyField (5 bytes)

GC Heap History (2 events):
Event: 2.000 GC heap before
{Heap before GC invocations=1 (full 0):
 PSYoungGen      total 57344K, used 49152K [0x0000000780a00000, 0x0000000784a00000, 0x00000007c0000000)
  eden space 49152K, 100% used [0x0000000780a00000,0x0000000783a00000,0x0000000783a00000)
  from space 8192K, 0% used [0x0000000784200000,0x0000000784200000,0x0000000784a00000)
  to   space 8192K, 0% used [0x0000000783a00000,0x0000000783a00000,0x0000000784200000)
 ParOldGen       total 131072K, used 0K [0x0000000701e00000, 0x0000000709e00000, 0x0000000780a00000)
  object space 131072K, 0% used [0x0000000701e00000,0x0000000701e00000,0x0000000709e00000)
 Metaspace       used 13281K, capacity 13590K, committed 13824K, reserved 1060864K
  class space    used 1668K, capacity 1755K, committed 1792K, reserved 1048576K
Event: 2.004 GC heap after
Heap after GC invocations=1 (full 0):
 PSYoungGen      total 57344K, used 6230K [0x0000000780a00000, 0x0000000784a00000, 0x00000007c0000000)
  eden space 49152K, 0% used [0x0000000780a00000,0x0000000780a00000,0x0000000783a00000)
  from space 8192K, 76% used [0x0000000783a00000,0x0000000784015ae8,0x0000000784200000)
  to   space 8192K, 0% used [0x0000000784200000,0x0000000784200000,0x0000000784a00000)
 ParOldGen       total 131072K, used 16K [0x0000000701e00000, 0x0000000709e00000, 0x0000000780a00000)
  object space 131072K, 0% used [0x0000000701e00000,0x0000000701e04000,0x0000000709e00000)
 Metaspace       used 13281K, capacity 13590K, committed 13824K, reserved 1060864K
  class space    used 1668K, capacity 1755K, committed 1792K, reserved 1048576K
}

Deoptimization events (9 events):
Event: 0.695 Thread 0x000000000218e000 Uncommon trap: reason=unstable_if action=reinterpret pc=0x000000000261aef0 method=java.util.regex.Pattern$Start.match(Ljava/util/regex/Matcher;ILjava/lang/CharSequence;)Z @ 10
Event: 1.718 Thread 0x000000001bd30800 Uncommon trap: reason=unstable_if action=reinterpret pc=0x000000000267c730 method=java.net.URLStreamHandler.sameFile(Ljava/net/URL;Ljava/net/URL;)Z @ 8
Event: 1.726 Thread 0x000000001bd30800 Uncommon trap: reason=unstable_if action=reinterpret pc=0x0000000002669420 method=java.net.URLStreamHandler.sameFile(Ljava/net/URL;Ljava/net/URL;)Z @ 8
Event: 1.728 Thread 0x000000001bd30800 Uncommon trap: reason=unstable_if action=reinterpret pc=0x000000000267eb6c method=java.net.URLStreamHandler.sameFile(Ljava/net/URL;Ljava/net/URL;)Z @ 8
Event: 1.728 Thread 0x000000001bd30800 Uncommon trap: reason=class_check action=maybe_recompile pc=0x000000000253ae50 method=java.lang.String.equals(Ljava/lang/Object;)Z @ 8
Event: 1.728 Thread 0x000000001bd30800 Uncommon trap: reason=class_check action=maybe_recompile pc=0x000000000253ae50 method=java.lang.String.equals(Ljava/lang/Object;)Z @ 8
Event: 1.728 Thread 0x000000001bd30800 Uncommon trap: reason=class_check action=maybe_recompile pc=0x000000000253ae50 method=java.lang.String.equals(Ljava/lang/Object;)Z @ 8
Event: 1.728 Thread 0x000000001bd30800 Uncommon trap: reason=class_check action=maybe_recompile pc=0x000000000253ae50 method=java.lang.String.equals(Ljava/lang/Object;)Z @ 8
Event: 1.831 Thread 0x000000001bd30800 Uncommon trap: reason=unstable_if action=reinterpret pc=0x000000000262aa68 method=java.lang.String.indexOf([CII[CIII)I @ 3

Internal exceptions (10 events):
Event: 2.172 Thread 0x000000001bd30800 Exception <a 'java/lang/reflect/InvocationTargetException'> (0x0000000781a60b18) thrown at [C:\workspace\8-2-build-windows-amd64-cygwin\jdk8u65\4987\hotspot\src\share\vm\runtime\reflection.cpp, line 1092]
Event: 2.173 Thread 0x000000001bd30800 Exception <a 'java/lang/reflect/InvocationTargetException'> (0x0000000781b08748) thrown at [C:\workspace\8-2-build-windows-amd64-cygwin\jdk8u65\4987\hotspot\src\share\vm\runtime\reflection.cpp, line 1092]
Event: 2.174 Thread 0x000000001bd30800 Exception <a 'java/lang/reflect/InvocationTargetException'> (0x0000000781bb0278) thrown at [C:\workspace\8-2-build-windows-amd64-cygwin\jdk8u65\4987\hotspot\src\share\vm\runtime\reflection.cpp, line 1092]
Event: 2.174 Thread 0x000000001bd30800 Exception <a 'java/lang/reflect/InvocationTargetException'> (0x0000000781be3870) thrown at [C:\workspace\8-2-build-windows-amd64-cygwin\jdk8u65\4987\hotspot\src\share\vm\runtime\reflection.cpp, line 1092]
Event: 2.175 Thread 0x000000001bd30800 Exception <a 'java/lang/reflect/InvocationTargetException'> (0x0000000781c13e68) thrown at [C:\workspace\8-2-build-windows-amd64-cygwin\jdk8u65\4987\hotspot\src\share\vm\runtime\reflection.cpp, line 1092]
Event: 2.176 Thread 0x000000001bd30800 Exception <a 'java/lang/reflect/InvocationTargetException'> (0x0000000781c4a4e0) thrown at [C:\workspace\8-2-build-windows-amd64-cygwin\jdk8u65\4987\hotspot\src\share\vm\runtime\reflection.cpp, line 1092]
Event: 2.177 Thread 0x000000001bd30800 Exception <a 'java/lang/reflect/InvocationTargetException'> (0x0000000781c7aab0) thrown at [C:\workspace\8-2-build-windows-amd64-cygwin\jdk8u65\4987\hotspot\src\share\vm\runtime\reflection.cpp, line 1092]
Event: 2.178 Thread 0x000000001bd30800 Exception <a 'java/lang/reflect/InvocationTargetException'> (0x0000000781cb4188) thrown at [C:\workspace\8-2-build-windows-amd64-cygwin\jdk8u65\4987\hotspot\src\share\vm\runtime\reflection.cpp, line 1092]
Event: 2.180 Thread 0x000000001bd30800 Exception <a 'java/lang/reflect/InvocationTargetException'> (0x0000000781d5bd48) thrown at [C:\workspace\8-2-build-windows-amd64-cygwin\jdk8u65\4987\hotspot\src\share\vm\runtime\reflection.cpp, line 1092]
Event: 2.181 Thread 0x000000001bd30800 Exception <a 'java/lang/reflect/InvocationTargetException'> (0x0000000781d918f8) thrown at [C:\workspace\8-2-build-windows-amd64-cygwin\jdk8u65\4987\hotspot\src\share\vm\runtime\reflection.cpp, line 1092]

Events (10 events):
Event: 2.203 loading class java/util/Locale/getDefault/getCountry
Event: 2.203 loading class java/util/Locale/getDefault/getCountry done
Event: 2.204 loading class java/util/Locale/getDefault
Event: 2.204 loading class java/util/Locale/getDefault done
Event: 2.204 loading class java/util/Locale/getDefault
Event: 2.204 loading class java/util/Locale/getDefault done
Event: 2.204 loading class java/util/Locale/getDefault
Event: 2.204 loading class java/util/Locale/getDefault done
Event: 2.205 Thread 0x000000001bd33800 Thread exited: 0x000000001bd33800
Event: 2.205 Executing VM operation: Exit


Dynamic libraries:
0x000000013fbb0000 - 0x000000013fbe7000 	C:\Program Files\Java\jdk1.8.0_65\bin\javaw.exe
0x0000000077860000 - 0x0000000077a0a000 	C:\Windows\SYSTEM32\ntdll.dll
0x0000000077640000 - 0x000000007775f000 	C:\Windows\system32\kernel32.dll
0x000007fefd840000 - 0x000007fefd8aa000 	C:\Windows\system32\KERNELBASE.dll
0x000007fefd950000 - 0x000007fefda2b000 	C:\Windows\system32\ADVAPI32.dll
0x000007fefda40000 - 0x000007fefdadf000 	C:\Windows\system32\msvcrt.dll
0x000007feffa70000 - 0x000007feffa8f000 	C:\Windows\SYSTEM32\sechost.dll
0x000007feff2f0000 - 0x000007feff41d000 	C:\Windows\system32\RPCRT4.dll
0x0000000077760000 - 0x000000007785a000 	C:\Windows\system32\USER32.dll
0x000007fefeba0000 - 0x000007fefec07000 	C:\Windows\system32\GDI32.dll
0x000007fefdae0000 - 0x000007fefdaee000 	C:\Windows\system32\LPK.dll
0x000007feff420000 - 0x000007feff4ea000 	C:\Windows\system32\USP10.dll
0x000007fefbcf0000 - 0x000007fefbee4000 	C:\Windows\WinSxS\amd64_microsoft.windows.common-controls_6595b64144ccf1df_6.0.7601.18837_none_fa3b1e3d17594757\COMCTL32.dll
0x000007feff270000 - 0x000007feff2e1000 	C:\Windows\system32\SHLWAPI.dll
0x000007feff1f0000 - 0x000007feff21e000 	C:\Windows\system32\IMM32.DLL
0x000007fefe900000 - 0x000007fefea09000 	C:\Windows\system32\MSCTF.dll
0x0000000070f60000 - 0x0000000071032000 	C:\Program Files\Java\jdk1.8.0_65\jre\bin\msvcr100.dll
0x00000000516e0000 - 0x0000000051f69000 	C:\Program Files\Java\jdk1.8.0_65\jre\bin\server\jvm.dll
0x000007fef9340000 - 0x000007fef9349000 	C:\Windows\system32\WSOCK32.dll
0x000007feff220000 - 0x000007feff26d000 	C:\Windows\system32\WS2_32.dll
0x000007fefda30000 - 0x000007fefda38000 	C:\Windows\system32\NSI.dll
0x000007fefb6b0000 - 0x000007fefb6eb000 	C:\Windows\system32\WINMM.dll
0x000007fefc680000 - 0x000007fefc68c000 	C:\Windows\system32\VERSION.dll
0x0000000077a30000 - 0x0000000077a37000 	C:\Windows\system32\PSAPI.DLL
0x0000000070a50000 - 0x0000000070a5f000 	C:\Program Files\Java\jdk1.8.0_65\jre\bin\verify.dll
0x0000000070950000 - 0x0000000070979000 	C:\Program Files\Java\jdk1.8.0_65\jre\bin\java.dll
0x00000000708e0000 - 0x00000000708f6000 	C:\Program Files\Java\jdk1.8.0_65\jre\bin\zip.dll
0x000007fefdaf0000 - 0x000007fefe87a000 	C:\Windows\system32\SHELL32.dll
0x000007feff590000 - 0x000007feff793000 	C:\Windows\system32\ole32.dll
0x000007fefd5a0000 - 0x000007fefd5af000 	C:\Windows\system32\profapi.dll
0x000000005ff20000 - 0x00000000600b8000 	C:\Program Files\Java\jdk1.8.0_65\jre\bin\awt.dll
0x000007feffa90000 - 0x000007feffb6a000 	C:\Windows\system32\OLEAUT32.dll
0x000007fefb5c0000 - 0x000007fefb5d8000 	C:\Windows\system32\DWMAPI.DLL
0x000007fefbb40000 - 0x000007fefbb96000 	C:\Windows\system32\uxtheme.dll
0x000007fefd3f0000 - 0x000007fefd3ff000 	C:\Windows\system32\CRYPTBASE.dll
0x0000000072540000 - 0x0000000072587000 	C:\Program Files\Java\jdk1.8.0_65\jre\bin\fontmanager.dll
0x000007feff4f0000 - 0x000007feff589000 	C:\Windows\system32\CLBCatQ.DLL
0x000007fefb2d0000 - 0x000007fefb431000 	C:\Windows\system32\WindowsCodecs.dll
0x000007fefd390000 - 0x000007fefd3e7000 	C:\Windows\system32\apphelp.dll
0x000007feee5f0000 - 0x000007feee830000 	C:\PROGRA~1\MICROS~1\Office15\GROOVEEX.DLL
0x0000000074da0000 - 0x0000000074e38000 	C:\Windows\system32\MSVCP100.dll
0x0000000067890000 - 0x00000000678bb000 	C:\Windows\system32\ATL100.DLL
0x000007fef6000000 - 0x000007fef631e000 	C:\Windows\system32\msi.dll
0x000007feebd90000 - 0x000007feec5ef000 	C:\PROGRA~1\MICROS~1\Office15\1028\GrooveIntlResource.dll
0x000007fef7340000 - 0x000007fef7375000 	C:\Windows\system32\EhStorShell.dll
0x000007fefeef0000 - 0x000007feff0c7000 	C:\Windows\system32\SETUPAPI.dll
0x000007fefd7f0000 - 0x000007fefd826000 	C:\Windows\system32\CFGMGR32.dll
0x000007fefd930000 - 0x000007fefd94a000 	C:\Windows\system32\DEVOBJ.dll
0x000007fefbbc0000 - 0x000007fefbcec000 	C:\Windows\system32\PROPSYS.dll
0x000007fef5ad0000 - 0x000007fef5b4e000 	C:\Windows\System32\cscui.dll
0x000007fefb510000 - 0x000007fefb51c000 	C:\Windows\System32\CSCDLL.dll
0x000007fef8080000 - 0x000007fef808f000 	C:\Windows\system32\CSCAPI.dll
0x000007fef5380000 - 0x000007fef5400000 	C:\Windows\system32\ntshrui.dll
0x000007fefcfa0000 - 0x000007fefcfc3000 	C:\Windows\system32\srvcli.dll
0x000007fefaea0000 - 0x000007fefaeab000 	C:\Windows\system32\slc.dll
0x00000000708c0000 - 0x00000000708da000 	C:\Program Files\Java\jdk1.8.0_65\jre\bin\net.dll
0x000007fefcc70000 - 0x000007fefccc5000 	C:\Windows\system32\mswsock.dll
0x000007fefcc60000 - 0x000007fefcc67000 	C:\Windows\System32\wship6.dll
0x00000000708a0000 - 0x00000000708b1000 	C:\Program Files\Java\jdk1.8.0_65\jre\bin\nio.dll
0x00000000726f0000 - 0x0000000072732000 	C:\Program Files\Java\jdk1.8.0_65\jre\bin\t2k.dll
0x000007fefaec0000 - 0x000007fefaed5000 	C:\Windows\system32\NLAapi.dll
0x000007fef87a0000 - 0x000007fef87b5000 	C:\Windows\system32\napinsp.dll
0x000007fef8760000 - 0x000007fef8779000 	C:\Windows\system32\pnrpnsp.dll
0x000007fefcaf0000 - 0x000007fefcb4b000 	C:\Windows\system32\DNSAPI.dll
0x000007fef8740000 - 0x000007fef874b000 	C:\Windows\System32\winrnr.dll
0x0000000072b00000 - 0x0000000072b26000 	C:\Program Files\Bonjour\mdnsNSP.dll
0x000007fefa2e0000 - 0x000007fefa307000 	C:\Windows\system32\Iphlpapi.DLL
0x000007fefa2d0000 - 0x000007fefa2db000 	C:\Windows\system32\WINNSI.DLL
0x000007fefc750000 - 0x000007fefc757000 	C:\Windows\System32\wshtcpip.dll
0x000007fef8b50000 - 0x000007fef8b58000 	C:\Windows\system32\rasadhlp.dll
0x000007fefa130000 - 0x000007fefa183000 	C:\Windows\System32\fwpuclnt.dll
0x0000000180000000 - 0x0000000180034000 	D:\Matlab\bin\win64\BuilderJABootstrap.dll
0x0000000002310000 - 0x000000000231c000 	D:\Matlab\bin\win64\nativedl.dll
0x000007fef7750000 - 0x000007fef77f7000 	C:\Windows\system32\MSVCP110.dll
0x000007fef7670000 - 0x000007fef7744000 	C:\Windows\system32\MSVCR110.dll
0x00000000fe7f0000 - 0x00000000fea15000 	D:\Matlab\bin\win64\libmwfl.dll
0x000007fefe880000 - 0x000007fefe899000 	C:\Windows\system32\imagehlp.dll
0x00000000fff00000 - 0x0000000100001000 	D:\Matlab\bin\win64\libmwi18n.dll
0x00000000ffef0000 - 0x00000000ffef9000 	D:\Matlab\bin\win64\libmwresource_core.dll
0x000007fefb470000 - 0x000007fefb47f000 	D:\Matlab\bin\win64\boost_date_time-vc110-mt-1_49.dll
0x000007fef5d50000 - 0x000007fef5d7c000 	D:\Matlab\bin\win64\boost_filesystem-vc110-mt-1_49.dll
0x000007fefb500000 - 0x000007fefb509000 	D:\Matlab\bin\win64\boost_system-vc110-mt-1_49.dll
0x000007fef9a30000 - 0x000007fef9a41000 	D:\Matlab\bin\win64\boost_thread-vc110-mt-1_49.dll
0x000007fef4150000 - 0x000007fef4175000 	D:\Matlab\bin\win64\LIBEXPAT.dll
0x00000000ff4e0000 - 0x00000000ff6b7000 	D:\Matlab\bin\win64\icuin54.dll
0x000000001db00000 - 0x000000001dc56000 	D:\Matlab\bin\win64\icuuc54.dll
0x000000001df00000 - 0x000000001f72c000 	D:\Matlab\bin\win64\icudt54.dll
0x000000006fd10000 - 0x000000006fd21000 	D:\Matlab\bin\win64\icuio54.dll
0x000007fef15c0000 - 0x000007fef1648000 	D:\Matlab\bin\win64\boost_log-vc110-mt-1_49.dll
0x000007feef690000 - 0x000007feef76d000 	D:\Matlab\bin\win64\boost_regex-vc110-mt-1_49.dll
0x000007fef3f60000 - 0x000007fef3fa5000 	D:\Matlab\bin\win64\boost_serialization-vc110-mt-1_49.dll
0x000007fef4190000 - 0x000007fef41a1000 	D:\Matlab\bin\win64\boost_signals-vc110-mt-1_49.dll
0x000007fef40d0000 - 0x000007fef410f000 	D:\Matlab\bin\win64\tbb.dll
0x000007fefc400000 - 0x000007fefc42c000 	C:\Windows\system32\POWRPROF.dll
0x000000001f730000 - 0x000000001fa45000 	D:\Matlab\bin\win64\nativemcl.dll
0x000000001cc80000 - 0x000000001cd4a000 	D:\Matlab\bin\win64\libut.dll
0x00000000fe100000 - 0x00000000fe2b2000 	D:\Matlab\bin\win64\libmx.dll
0x000007fef4030000 - 0x000007fef4070000 	D:\Matlab\bin\win64\tbbmalloc.dll
0x000000006fcf0000 - 0x000000006fd07000 	D:\Matlab\bin\win64\zlib1.dll
0x000000001fa50000 - 0x000000001ff53000 	D:\Matlab\bin\win64\libmwservices.dll
0x000000001b0b0000 - 0x000000001b0c7000 	D:\Matlab\bin\win64\display_device.dll
0x00000000fe090000 - 0x00000000fe0e0000 	D:\Matlab\bin\win64\libmwregexp.dll
0x000000001b5f0000 - 0x000000001b645000 	D:\Matlab\bin\win64\mpath.dll
0x000000001ff60000 - 0x000000002032f000 	D:\Matlab\bin\win64\libmwms.dll
0x000007fefadc0000 - 0x000007fefadd0000 	D:\Matlab\bin\win64\boost_iostreams-vc110-mt-1_49.dll
0x00000000fd610000 - 0x00000000fda54000 	D:\Matlab\bin\win64\mlutil.dll
0x0000000020330000 - 0x000000002065f000 	D:\Matlab\bin\win64\settingscore.dll
0x00000000fd590000 - 0x00000000fd609000 	D:\Matlab\bin\win64\xmlcore.dll
0x0000000020660000 - 0x00000000208c3000 	D:\Matlab\bin\win64\xerces-c_3_1.dll
0x00000000fd310000 - 0x00000000fd316000 	D:\Matlab\bin\win64\libmwnativedisplay.dll
0x000000001c0a0000 - 0x000000001c0fa000 	D:\Matlab\bin\win64\opccore.dll
0x00000000fd1e0000 - 0x00000000fd2f9000 	D:\Matlab\bin\win64\opcmodel.dll
0x00000000208d0000 - 0x0000000020b41000 	D:\Matlab\bin\win64\libmwflnetwork.dll
0x00000000fd1b0000 - 0x00000000fd1db000 	D:\Matlab\bin\win64\opczippackage.dll
0x000000006fce0000 - 0x000000006fcef000 	D:\Matlab\bin\win64\libminizip.dll
0x0000000020b50000 - 0x0000000020ce8000 	D:\Matlab\bin\win64\opcmwservices.dll
0x000000001b1d0000 - 0x000000001b1ef000 	D:\Matlab\bin\win64\webproxy.dll
0x000007fef7490000 - 0x000007fef7501000 	C:\Windows\system32\WINHTTP.dll
0x000007fef7420000 - 0x000007fef7485000 	C:\Windows\system32\webio.dll
0x000007feff0d0000 - 0x000007feff167000 	C:\Windows\system32\COMDLG32.dll
0x000007fefaf40000 - 0x000007fefaf56000 	C:\Windows\system32\NETAPI32.dll
0x000007fefaf10000 - 0x000007fefaf1c000 	C:\Windows\system32\netutils.dll
0x000007fefaef0000 - 0x000007fefaf05000 	C:\Windows\system32\wkscli.dll
0x000007feed5a0000 - 0x000007feed78e000 	D:\Matlab\bin\win64\PocoFoundation64.dll
0x000007feef230000 - 0x000007feef34f000 	D:\Matlab\bin\win64\PocoNet64.dll
0x000007fef3c10000 - 0x000007fef3c59000 	D:\Matlab\bin\win64\PocoNetSSL64.dll
0x000007feef0a0000 - 0x000007feef229000 	D:\Matlab\bin\win64\LIBEAY32.dll
0x000007fef3650000 - 0x000007fef36a9000 	D:\Matlab\bin\win64\SSLEAY32.dll

VM Arguments:
jvm_args: -Dfile.encoding=UTF-8 
java_command: SocketServer
java_class_path (initial): C:\Users\admin\workspace\SoundSocketServer4\bin;C:\Users\admin\workspace\SoundSocketServer4\jar\javabuilder.jar;C:\Users\admin\workspace\SoundSocketServer4\jar\MatlabSubFunction.jar;C:\Users\admin\workspace\SoundSocketServer4\jar\mysql-connector-java-5.1.40-bin.jar
Launcher Type: SUN_STANDARD

Environment Variables:
JAVA_HOME=C:\Program Files\Java\jdk1.7.0_79
CLASSPATH=D:\Matlab\toolbox\javabuilder\javabuilder.jar;D:\javabuilder_example\aa\for_testing\aa.jar
PATH=D:\Matlab\bin\win64;C:\Program Files\Java\jdk1.8.0_65\jre\bin\server;C:\Program Files\Java\jdk1.8.0_65\jre\bin;C:\Program Files\Java\jdk1.8.0_65\jre\lib\amd64;C:\ProgramData\Oracle\Java\javapath;C:\Program Files (x86)\Intel\iCLS Client\;C:\Program Files\Intel\iCLS Client\;C:\Windows\system32;C:\Windows;C:\Windows\System32\Wbem;C:\Windows\System32\WindowsPowerShell\v1.0\;C:\Program Files\Intel\Intel(R) Management Engine Components\DAL;C:\Program Files (x86)\Intel\Intel(R) Management Engine Components\DAL;C:\Program Files\Intel\Intel(R) Management Engine Components\IPT;C:\Program Files (x86)\Intel\Intel(R) Management Engine Components\IPT;C:\Windows\system32\config\systemprofile\.dnx\bin;C:\Program Files\Microsoft DNX\Dnvm\;C:\Program Files (x86)\Windows Kits\8.1\Windows Performance Toolkit\;C:\Program Files\Java\jdk1.8.0_65\bin;D:\Matlab\runtime\win64;D:\Matlab\bin;D:\Matlab\polyspace\bin;C:\Program Files (x86)\Skype\Phone\;C:\Users\admin\Desktop
USERNAME=admin
OS=Windows_NT
PROCESSOR_IDENTIFIER=Intel64 Family 6 Model 60 Stepping 3, GenuineIntel



---------------  S Y S T E M  ---------------

OS: Windows 7 , 64 bit Build 7601 (6.1.7601.23569)

CPU:total 4 (4 cores per cpu, 1 threads per core) family 6 model 60 stepping 3, cmov, cx8, fxsr, mmx, sse, sse2, sse3, ssse3, sse4.1, sse4.2, popcnt, avx, avx2, aes, clmul, erms, rtm, lzcnt, tsc, tscinvbit, bmi1, bmi2

Memory: 4k page, physical 12452928k(1968180k free), swap 24903996k(11363204k free)

vm_info: Java HotSpot(TM) 64-Bit Server VM (25.65-b01) for windows-amd64 JRE (1.8.0_65-b17), built on Oct  6 2015 16:39:20 by "java_re" with MS VC++ 10.0 (VS2010)

time: Thu Dec 08 19:54:39 2016
elapsed time: 2 seconds (0d 0h 0m 2s)

